# name/game/hands/seed south kuhn.limit.3p.game 1000 0
#--t_response 600000
#--t_hand 600000
#--t_per_hand 7000
STATE:0:rcf:Js|As|Qs:-2|3|-1:Alice|Bob|Charlie
STATE:1:rfc:Js|Qs|Ks:-2|-1|3:Bob|Charlie|Alice
STATE:2:rfc:As|Qs|Ks:3|-1|-2:Charlie|Alice|Bob
STATE:3:crfc:As|Ks|Js:3|-2|-1:Alice|Bob|Charlie
STATE:4:rcc:Js|As|Ks:-2|4|-2:Bob|Charlie|Alice
STATE:5:crcf:Js|As|Ks:-1|3|-2:Charlie|Alice|Bob
STATE:6:crcc:Ks|Js|As:-2|-2|4:Alice|Bob|Charlie
STATE:7:rff:As|Ks|Js:2|-1|-1:Bob|Charlie|Alice
STATE:8:ccrfc:Js|Ks|Qs:-1|3|-2:Charlie|Alice|Bob
STATE:9:rff:Qs|Js|Ks:2|-1|-1:Alice|Bob|Charlie
STATE:10:rfc:Qs|Js|As:-2|-1|3:Bob|Charlie|Alice
STATE:11:crcf:Js|Qs|Ks:-1|-2|3:Charlie|Alice|Bob
STATE:12:crfc:Ks|As|Qs:-2|3|-1:Alice|Bob|Charlie
STATE:13:rff:Js|Ks|Qs:2|-1|-1:Bob|Charlie|Alice
STATE:14:ccrff:Js|Qs|Ks:-1|-1|2:Charlie|Alice|Bob
STATE:15:rcc:Qs|As|Ks:-2|4|-2:Alice|Bob|Charlie
STATE:16:rff:Ks|Qs|Js:2|-1|-1:Bob|Charlie|Alice
STATE:17:ccrfc:Qs|Ks|As:-1|-2|3:Charlie|Alice|Bob
STATE:18:rcf:As|Ks|Qs:3|-2|-1:Alice|Bob|Charlie
STATE:19:rcf:Ks|As|Qs:-2|3|-1:Bob|Charlie|Alice
STATE:20:rfc:As|Qs|Ks:3|-1|-2:Charlie|Alice|Bob
STATE:21:crfc:Ks|Qs|Js:3|-2|-1:Alice|Bob|Charlie
STATE:22:rff:Ks|Qs|Js:2|-1|-1:Bob|Charlie|Alice
STATE:23:ccrfc:Js|Ks|Qs:-1|3|-2:Charlie|Alice|Bob
STATE:24:rcf:Ks|Qs|Js:3|-2|-1:Alice|Bob|Charlie
STATE:25:rfc:Qs|Js|Ks:-2|-1|3:Bob|Charlie|Alice
STATE:26:ccrfc:Qs|Ks|Js:-1|3|-2:Charlie|Alice|Bob
STATE:27:rcf:As|Ks|Qs:3|-2|-1:Alice|Bob|Charlie
STATE:28:rfc:Qs|Ks|As:-2|-1|3:Bob|Charlie|Alice
STATE:29:crff:Qs|As|Js:-1|2|-1:Charlie|Alice|Bob
STATE:30:rcf:As|Qs|Js:3|-2|-1:Alice|Bob|Charlie
STATE:31:rff:Ks|Qs|Js:2|-1|-1:Bob|Charlie|Alice
STATE:32:crcf:Ks|Qs|As:-1|-2|3:Charlie|Alice|Bob
STATE:33:crcf:Js|Ks|As:-1|-2|3:Alice|Bob|Charlie
STATE:34:rcc:Js|As|Ks:-2|4|-2:Bob|Charlie|Alice
STATE:35:crcf:Ks|Js|Qs:-1|-2|3:Charlie|Alice|Bob
STATE:36:crfc:As|Ks|Qs:3|-2|-1:Alice|Bob|Charlie
STATE:37:rfc:Js|Ks|As:-2|-1|3:Bob|Charlie|Alice
STATE:38:crcf:Js|As|Qs:-1|3|-2:Charlie|Alice|Bob
STATE:39:rcc:Js|Qs|As:-2|-2|4:Alice|Bob|Charlie
STATE:40:rfc:As|Qs|Ks:3|-1|-2:Bob|Charlie|Alice
STATE:41:crff:Qs|As|Js:-1|2|-1:Charlie|Alice|Bob
STATE:42:rcf:Qs|As|Ks:-2|3|-1:Alice|Bob|Charlie
STATE:43:rfc:As|Qs|Ks:3|-1|-2:Bob|Charlie|Alice
STATE:44:ccrfc:Qs|As|Js:-1|3|-2:Charlie|Alice|Bob
STATE:45:rcf:Qs|Ks|Js:-2|3|-1:Alice|Bob|Charlie
STATE:46:rfc:Ks|Qs|As:-2|-1|3:Bob|Charlie|Alice
STATE:47:rfc:As|Js|Ks:3|-1|-2:Charlie|Alice|Bob
STATE:48:crff:Qs|As|Ks:-1|2|-1:Alice|Bob|Charlie
STATE:49:rcc:Qs|As|Ks:-2|4|-2:Bob|Charlie|Alice
STATE:50:crcf:Js|Qs|As:-1|-2|3:Charlie|Alice|Bob
STATE:51:crfc:As|Ks|Qs:3|-2|-1:Alice|Bob|Charlie
STATE:52:rff:As|Ks|Js:2|-1|-1:Bob|Charlie|Alice
STATE:53:crff:Qs|As|Js:-1|2|-1:Charlie|Alice|Bob
STATE:54:crfc:As|Ks|Qs:3|-2|-1:Alice|Bob|Charlie
STATE:55:rfc:As|Js|Ks:3|-1|-2:Bob|Charlie|Alice
STATE:56:rfc:As|Qs|Ks:3|-1|-2:Charlie|Alice|Bob
STATE:57:rcf:Ks|As|Js:-2|3|-1:Alice|Bob|Charlie
STATE:58:rfc:Qs|Js|As:-2|-1|3:Bob|Charlie|Alice
STATE:59:crcf:Js|Qs|As:-1|-2|3:Charlie|Alice|Bob
STATE:60:rff:As|Js|Qs:2|-1|-1:Alice|Bob|Charlie
STATE:61:rfc:Ks|Js|As:-2|-1|3:Bob|Charlie|Alice
STATE:62:ccrfc:Js|Ks|As:-1|-2|3:Charlie|Alice|Bob
STATE:63:crfc:Ks|As|Js:-2|3|-1:Alice|Bob|Charlie
STATE:64:rfc:Ks|Js|As:-2|-1|3:Bob|Charlie|Alice
STATE:65:crcf:Js|Ks|Qs:-1|3|-2:Charlie|Alice|Bob
STATE:66:rcf:Ks|As|Qs:-2|3|-1:Alice|Bob|Charlie
STATE:67:rfc:Ks|Js|As:-2|-1|3:Bob|Charlie|Alice
STATE:68:crcf:Ks|As|Qs:-1|3|-2:Charlie|Alice|Bob
STATE:69:crcf:Js|Ks|As:-1|-2|3:Alice|Bob|Charlie
STATE:70:rff:As|Ks|Js:2|-1|-1:Bob|Charlie|Alice
STATE:71:rfc:Ks|Js|As:-2|-1|3:Charlie|Alice|Bob
STATE:72:crff:Js|As|Ks:-1|2|-1:Alice|Bob|Charlie
STATE:73:rfc:Qs|Js|Ks:-2|-1|3:Bob|Charlie|Alice
STATE:74:ccrfc:Js|As|Qs:-1|3|-2:Charlie|Alice|Bob
STATE:75:crfc:As|Ks|Js:3|-2|-1:Alice|Bob|Charlie
STATE:76:rcc:Qs|As|Ks:-2|4|-2:Bob|Charlie|Alice
STATE:77:rff:As|Qs|Js:2|-1|-1:Charlie|Alice|Bob
STATE:78:crff:Js|As|Qs:-1|2|-1:Alice|Bob|Charlie
STATE:79:rcf:Ks|As|Js:-2|3|-1:Bob|Charlie|Alice
STATE:80:crcf:Js|Qs|As:-1|-2|3:Charlie|Alice|Bob
STATE:81:rfc:Qs|Js|As:-2|-1|3:Alice|Bob|Charlie
STATE:82:rff:Qs|Ks|Js:2|-1|-1:Bob|Charlie|Alice
STATE:83:crcf:Js|As|Qs:-1|3|-2:Charlie|Alice|Bob
STATE:84:crcf:Qs|Js|As:-1|-2|3:Alice|Bob|Charlie
STATE:85:rfc:As|Qs|Ks:3|-1|-2:Bob|Charlie|Alice
STATE:86:ccrfc:Js|Ks|Qs:-1|3|-2:Charlie|Alice|Bob
STATE:87:rcf:Qs|As|Js:-2|3|-1:Alice|Bob|Charlie
STATE:88:rfc:Ks|Qs|As:-2|-1|3:Bob|Charlie|Alice
STATE:89:ccrfc:Ks|As|Qs:-1|3|-2:Charlie|Alice|Bob
STATE:90:crcf:Qs|Js|As:-1|-2|3:Alice|Bob|Charlie
STATE:91:rff:Ks|Qs|Js:2|-1|-1:Bob|Charlie|Alice
STATE:92:ccrfc:Qs|Ks|As:-1|-2|3:Charlie|Alice|Bob
STATE:93:rcc:Ks|Qs|As:-2|-2|4:Alice|Bob|Charlie
STATE:94:rcf:Ks|As|Js:-2|3|-1:Bob|Charlie|Alice
STATE:95:rfc:As|Js|Ks:3|-1|-2:Charlie|Alice|Bob
STATE:96:rfc:Qs|Js|As:-2|-1|3:Alice|Bob|Charlie
STATE:97:rff:As|Js|Qs:2|-1|-1:Bob|Charlie|Alice
STATE:98:crcf:Js|As|Ks:-1|3|-2:Charlie|Alice|Bob
STATE:99:rcc:Ks|Qs|As:-2|-2|4:Alice|Bob|Charlie
STATE:100:rfc:Qs|Ks|As:-2|-1|3:Bob|Charlie|Alice
STATE:101:ccrfc:Js|As|Qs:-1|3|-2:Charlie|Alice|Bob
STATE:102:crfc:As|Js|Qs:3|-2|-1:Alice|Bob|Charlie
STATE:103:rff:Qs|Ks|Js:2|-1|-1:Bob|Charlie|Alice
STATE:104:crcf:Js|Qs|Ks:-1|-2|3:Charlie|Alice|Bob
STATE:105:crfc:As|Ks|Qs:3|-2|-1:Alice|Bob|Charlie
STATE:106:rfc:Qs|Ks|As:-2|-1|3:Bob|Charlie|Alice
STATE:107:rfc:As|Js|Ks:3|-1|-2:Charlie|Alice|Bob
STATE:108:crfc:Ks|Qs|Js:3|-2|-1:Alice|Bob|Charlie
STATE:109:rff:As|Js|Qs:2|-1|-1:Bob|Charlie|Alice
STATE:110:crcf:Ks|As|Qs:-1|3|-2:Charlie|Alice|Bob
STATE:111:crfc:As|Ks|Qs:3|-2|-1:Alice|Bob|Charlie
STATE:112:rfc:Qs|Js|Ks:-2|-1|3:Bob|Charlie|Alice
STATE:113:ccrfc:Ks|As|Js:-1|3|-2:Charlie|Alice|Bob
STATE:114:rcf:Qs|As|Js:-2|3|-1:Alice|Bob|Charlie
STATE:115:rff:As|Qs|Js:2|-1|-1:Bob|Charlie|Alice
STATE:116:rfc:As|Js|Qs:3|-1|-2:Charlie|Alice|Bob
STATE:117:crfc:Ks|As|Js:-2|3|-1:Alice|Bob|Charlie
STATE:118:rcc:Js|Ks|As:-2|-2|4:Bob|Charlie|Alice
STATE:119:ccrff:Qs|Js|As:-1|-1|2:Charlie|Alice|Bob
STATE:120:crcf:Js|Qs|As:-1|-2|3:Alice|Bob|Charlie
STATE:121:rfc:As|Js|Ks:3|-1|-2:Bob|Charlie|Alice
STATE:122:crcf:Js|Qs|Ks:-1|-2|3:Charlie|Alice|Bob
STATE:123:crfc:As|Ks|Js:3|-2|-1:Alice|Bob|Charlie
STATE:124:rfc:As|Js|Ks:3|-1|-2:Bob|Charlie|Alice
STATE:125:crcf:Qs|As|Ks:-1|3|-2:Charlie|Alice|Bob
STATE:126:crfc:Ks|Js|Qs:3|-2|-1:Alice|Bob|Charlie
STATE:127:rfc:Js|Qs|As:-2|-1|3:Bob|Charlie|Alice
STATE:128:crff:Qs|Ks|Js:-1|2|-1:Charlie|Alice|Bob
STATE:129:rcf:Js|Ks|Qs:-2|3|-1:Alice|Bob|Charlie
STATE:130:rcf:Ks|As|Qs:-2|3|-1:Bob|Charlie|Alice
STATE:131:crcf:Qs|Js|As:-1|-2|3:Charlie|Alice|Bob
STATE:132:rff:As|Js|Ks:2|-1|-1:Alice|Bob|Charlie
STATE:133:rfc:Qs|Ks|As:-2|-1|3:Bob|Charlie|Alice
STATE:134:ccrfc:Ks|As|Qs:-1|3|-2:Charlie|Alice|Bob
STATE:135:crfc:As|Qs|Ks:3|-2|-1:Alice|Bob|Charlie
STATE:136:rcc:Qs|As|Ks:-2|4|-2:Bob|Charlie|Alice
STATE:137:crff:Qs|As|Js:-1|2|-1:Charlie|Alice|Bob
STATE:138:crff:Js|Qs|Ks:-1|2|-1:Alice|Bob|Charlie
STATE:139:rfc:Js|Qs|Ks:-2|-1|3:Bob|Charlie|Alice
STATE:140:ccrfc:Qs|As|Js:-1|3|-2:Charlie|Alice|Bob
STATE:141:crcc:Ks|Js|As:-2|-2|4:Alice|Bob|Charlie
STATE:142:rcf:Ks|As|Js:-2|3|-1:Bob|Charlie|Alice
STATE:143:crcf:Js|Qs|Ks:-1|-2|3:Charlie|Alice|Bob
STATE:144:crfc:As|Js|Ks:3|-2|-1:Alice|Bob|Charlie
STATE:145:rcf:Js|As|Qs:-2|3|-1:Bob|Charlie|Alice
STATE:146:rcc:As|Ks|Qs:4|-2|-2:Charlie|Alice|Bob
STATE:147:rcf:Js|As|Ks:-2|3|-1:Alice|Bob|Charlie
STATE:148:rfc:As|Qs|Ks:3|-1|-2:Bob|Charlie|Alice
STATE:149:crff:Ks|Qs|Js:-1|2|-1:Charlie|Alice|Bob
STATE:150:crcf:Js|Qs|As:-1|-2|3:Alice|Bob|Charlie
STATE:151:rff:As|Qs|Js:2|-1|-1:Bob|Charlie|Alice
STATE:152:crff:Qs|As|Js:-1|2|-1:Charlie|Alice|Bob
STATE:153:crfc:Ks|As|Js:-2|3|-1:Alice|Bob|Charlie
STATE:154:rcc:Js|As|Ks:-2|4|-2:Bob|Charlie|Alice
STATE:155:ccrfc:Ks|As|Js:-1|3|-2:Charlie|Alice|Bob
STATE:156:rcf:As|Ks|Js:3|-2|-1:Alice|Bob|Charlie
STATE:157:rfc:Qs|Js|As:-2|-1|3:Bob|Charlie|Alice
STATE:158:ccrff:Js|Qs|Ks:-1|-1|2:Charlie|Alice|Bob
STATE:159:crfc:As|Js|Qs:3|-2|-1:Alice|Bob|Charlie
STATE:160:rfc:Js|Ks|As:-2|-1|3:Bob|Charlie|Alice
STATE:161:crff:Qs|As|Js:-1|2|-1:Charlie|Alice|Bob
STATE:162:rcf:Js|Qs|Ks:-2|3|-1:Alice|Bob|Charlie
STATE:163:rfc:As|Qs|Ks:3|-1|-2:Bob|Charlie|Alice
STATE:164:ccrff:Qs|Js|As:-1|-1|2:Charlie|Alice|Bob
STATE:165:crfc:Ks|Qs|Js:3|-2|-1:Alice|Bob|Charlie
STATE:166:rcc:Qs|As|Ks:-2|4|-2:Bob|Charlie|Alice
STATE:167:rff:As|Qs|Js:2|-1|-1:Charlie|Alice|Bob
STATE:168:rff:Ks|Js|Qs:2|-1|-1:Alice|Bob|Charlie
STATE:169:rcf:Qs|As|Js:-2|3|-1:Bob|Charlie|Alice
STATE:170:crff:Qs|As|Js:-1|2|-1:Charlie|Alice|Bob
STATE:171:crfc:As|Ks|Js:3|-2|-1:Alice|Bob|Charlie
STATE:172:rcc:Js|As|Ks:-2|4|-2:Bob|Charlie|Alice
STATE:173:crcf:Qs|As|Ks:-1|3|-2:Charlie|Alice|Bob
STATE:174:crff:Js|As|Qs:-1|2|-1:Alice|Bob|Charlie
STATE:175:rfc:Ks|Qs|As:-2|-1|3:Bob|Charlie|Alice
STATE:176:ccrfc:Js|As|Ks:-1|3|-2:Charlie|Alice|Bob
STATE:177:crfc:As|Js|Ks:3|-2|-1:Alice|Bob|Charlie
STATE:178:rcf:Ks|As|Qs:-2|3|-1:Bob|Charlie|Alice
STATE:179:crcf:Qs|Js|As:-1|-2|3:Charlie|Alice|Bob
STATE:180:rcc:Ks|Qs|As:-2|-2|4:Alice|Bob|Charlie
STATE:181:rcc:Js|As|Ks:-2|4|-2:Bob|Charlie|Alice
STATE:182:crcf:Js|Qs|As:-1|-2|3:Charlie|Alice|Bob
STATE:183:crcc:Ks|Qs|As:-2|-2|4:Alice|Bob|Charlie
STATE:184:rfc:Js|Qs|As:-2|-1|3:Bob|Charlie|Alice
STATE:185:ccrfc:Js|Ks|Qs:-1|3|-2:Charlie|Alice|Bob
STATE:186:crfc:Ks|Js|Qs:3|-2|-1:Alice|Bob|Charlie
STATE:187:rff:Js|Ks|Qs:2|-1|-1:Bob|Charlie|Alice
STATE:188:ccrfc:Qs|Ks|As:-1|-2|3:Charlie|Alice|Bob
STATE:189:rfc:Qs|Js|As:-2|-1|3:Alice|Bob|Charlie
STATE:190:rfc:Qs|Ks|As:-2|-1|3:Bob|Charlie|Alice
STATE:191:crcf:Ks|Qs|As:-1|-2|3:Charlie|Alice|Bob
STATE:192:crcf:Qs|Ks|As:-1|-2|3:Alice|Bob|Charlie
STATE:193:rff:Ks|Js|Qs:2|-1|-1:Bob|Charlie|Alice
STATE:194:ccrfc:Js|Ks|Qs:-1|3|-2:Charlie|Alice|Bob
STATE:195:crcf:Js|Qs|As:-1|-2|3:Alice|Bob|Charlie
STATE:196:rff:As|Ks|Js:2|-1|-1:Bob|Charlie|Alice
STATE:197:crff:Qs|Ks|Js:-1|2|-1:Charlie|Alice|Bob
STATE:198:rcc:Js|Qs|As:-2|-2|4:Alice|Bob|Charlie
STATE:199:rff:As|Ks|Qs:2|-1|-1:Bob|Charlie|Alice
STATE:200:ccrfc:Js|As|Qs:-1|3|-2:Charlie|Alice|Bob
STATE:201:rcf:As|Ks|Qs:3|-2|-1:Alice|Bob|Charlie
STATE:202:rfc:Js|Qs|Ks:-2|-1|3:Bob|Charlie|Alice
STATE:203:crcf:Js|Ks|Qs:-1|3|-2:Charlie|Alice|Bob
STATE:204:crfc:As|Ks|Js:3|-2|-1:Alice|Bob|Charlie
STATE:205:rff:Ks|Qs|Js:2|-1|-1:Bob|Charlie|Alice
STATE:206:ccrff:Ks|Js|Qs:-1|-1|2:Charlie|Alice|Bob
STATE:207:crfc:As|Ks|Js:3|-2|-1:Alice|Bob|Charlie
STATE:208:rcf:Ks|As|Qs:-2|3|-1:Bob|Charlie|Alice
STATE:209:ccrfc:Js|Ks|As:-1|-2|3:Charlie|Alice|Bob
STATE:210:crfc:Ks|Js|Qs:3|-2|-1:Alice|Bob|Charlie
STATE:211:rfc:Qs|Ks|As:-2|-1|3:Bob|Charlie|Alice
STATE:212:crff:Ks|As|Js:-1|2|-1:Charlie|Alice|Bob
STATE:213:crcf:Js|Ks|As:-1|-2|3:Alice|Bob|Charlie
STATE:214:rcc:Js|As|Ks:-2|4|-2:Bob|Charlie|Alice
STATE:215:crcf:Js|As|Qs:-1|3|-2:Charlie|Alice|Bob
STATE:216:rcc:Qs|As|Ks:-2|4|-2:Alice|Bob|Charlie
STATE:217:rfc:Qs|Js|As:-2|-1|3:Bob|Charlie|Alice
STATE:218:ccrff:Ks|Js|As:-1|-1|2:Charlie|Alice|Bob
STATE:219:crff:Js|Qs|Ks:-1|2|-1:Alice|Bob|Charlie
STATE:220:rfc:Qs|Js|Ks:-2|-1|3:Bob|Charlie|Alice
STATE:221:rff:As|Qs|Js:2|-1|-1:Charlie|Alice|Bob
STATE:222:crfc:As|Qs|Ks:3|-2|-1:Alice|Bob|Charlie
STATE:223:rfc:Js|Qs|Ks:-2|-1|3:Bob|Charlie|Alice
STATE:224:rfc:As|Js|Qs:3|-1|-2:Charlie|Alice|Bob
STATE:225:crfc:As|Ks|Qs:3|-2|-1:Alice|Bob|Charlie
STATE:226:rcf:Qs|As|Js:-2|3|-1:Bob|Charlie|Alice
STATE:227:rcf:As|Ks|Js:3|-2|-1:Charlie|Alice|Bob
STATE:228:rcc:Js|Qs|As:-2|-2|4:Alice|Bob|Charlie
STATE:229:rcc:Qs|As|Ks:-2|4|-2:Bob|Charlie|Alice
STATE:230:crcf:Ks|As|Qs:-1|3|-2:Charlie|Alice|Bob
STATE:231:crff:Js|As|Ks:-1|2|-1:Alice|Bob|Charlie
STATE:232:rff:Ks|Js|Qs:2|-1|-1:Bob|Charlie|Alice
STATE:233:crff:Ks|As|Js:-1|2|-1:Charlie|Alice|Bob
STATE:234:rff:As|Js|Ks:2|-1|-1:Alice|Bob|Charlie
STATE:235:rcf:Qs|As|Js:-2|3|-1:Bob|Charlie|Alice
STATE:236:ccrff:Qs|Js|As:-1|-1|2:Charlie|Alice|Bob
STATE:237:rff:Qs|Js|Ks:2|-1|-1:Alice|Bob|Charlie
STATE:238:rff:Js|Ks|Qs:2|-1|-1:Bob|Charlie|Alice
STATE:239:rfc:As|Js|Ks:3|-1|-2:Charlie|Alice|Bob
STATE:240:crff:Qs|As|Js:-1|2|-1:Alice|Bob|Charlie
STATE:241:rfc:Qs|Ks|As:-2|-1|3:Bob|Charlie|Alice
STATE:242:crcf:Ks|Qs|As:-1|-2|3:Charlie|Alice|Bob
STATE:243:crcc:Ks|Qs|As:-2|-2|4:Alice|Bob|Charlie
STATE:244:rcf:Ks|As|Js:-2|3|-1:Bob|Charlie|Alice
STATE:245:ccrff:Ks|Js|As:-1|-1|2:Charlie|Alice|Bob
STATE:246:crfc:As|Qs|Js:3|-2|-1:Alice|Bob|Charlie
STATE:247:rff:As|Ks|Js:2|-1|-1:Bob|Charlie|Alice
STATE:248:ccrfc:Js|As|Ks:-1|3|-2:Charlie|Alice|Bob
STATE:249:rcf:As|Ks|Js:3|-2|-1:Alice|Bob|Charlie
STATE:250:rff:Js|Ks|Qs:2|-1|-1:Bob|Charlie|Alice
STATE:251:crcf:Qs|Js|Ks:-1|-2|3:Charlie|Alice|Bob
STATE:252:crfc:Ks|As|Qs:-2|3|-1:Alice|Bob|Charlie
STATE:253:rcf:Ks|As|Qs:-2|3|-1:Bob|Charlie|Alice
STATE:254:crcf:Ks|Js|Qs:-1|-2|3:Charlie|Alice|Bob
STATE:255:crfc:Ks|As|Js:-2|3|-1:Alice|Bob|Charlie
STATE:256:rff:Qs|Ks|Js:2|-1|-1:Bob|Charlie|Alice
STATE:257:crff:Ks|Qs|Js:-1|2|-1:Charlie|Alice|Bob
STATE:258:crff:Qs|Ks|Js:-1|2|-1:Alice|Bob|Charlie
STATE:259:rcf:Js|Ks|Qs:-2|3|-1:Bob|Charlie|Alice
STATE:260:crff:Ks|As|Js:-1|2|-1:Charlie|Alice|Bob
STATE:261:rfc:Qs|Js|As:-2|-1|3:Alice|Bob|Charlie
STATE:262:rcf:Js|As|Qs:-2|3|-1:Bob|Charlie|Alice
STATE:263:ccrfc:Js|As|Ks:-1|3|-2:Charlie|Alice|Bob
STATE:264:crfc:As|Js|Ks:3|-2|-1:Alice|Bob|Charlie
STATE:265:rcf:Js|As|Qs:-2|3|-1:Bob|Charlie|Alice
STATE:266:ccrfc:Js|Ks|Qs:-1|3|-2:Charlie|Alice|Bob
STATE:267:rcc:Js|Ks|As:-2|-2|4:Alice|Bob|Charlie
STATE:268:rcf:Ks|As|Qs:-2|3|-1:Bob|Charlie|Alice
STATE:269:crcf:Js|Qs|Ks:-1|-2|3:Charlie|Alice|Bob
STATE:270:rcf:As|Ks|Js:3|-2|-1:Alice|Bob|Charlie
STATE:271:rcf:Ks|As|Js:-2|3|-1:Bob|Charlie|Alice
STATE:272:ccrfc:Js|As|Ks:-1|3|-2:Charlie|Alice|Bob
STATE:273:crcc:Ks|Js|As:-2|-2|4:Alice|Bob|Charlie
STATE:274:rfc:Ks|Qs|As:-2|-1|3:Bob|Charlie|Alice
STATE:275:crcf:Qs|As|Ks:-1|3|-2:Charlie|Alice|Bob
STATE:276:rcf:Js|As|Qs:-2|3|-1:Alice|Bob|Charlie
STATE:277:rcc:Qs|As|Ks:-2|4|-2:Bob|Charlie|Alice
STATE:278:crcf:Qs|Js|As:-1|-2|3:Charlie|Alice|Bob
STATE:279:crfc:As|Qs|Js:3|-2|-1:Alice|Bob|Charlie
STATE:280:rfc:Ks|Qs|As:-2|-1|3:Bob|Charlie|Alice
STATE:281:crff:Qs|As|Js:-1|2|-1:Charlie|Alice|Bob
STATE:282:rcc:Js|Qs|As:-2|-2|4:Alice|Bob|Charlie
STATE:283:rff:As|Js|Qs:2|-1|-1:Bob|Charlie|Alice
STATE:284:crcf:Qs|Js|Ks:-1|-2|3:Charlie|Alice|Bob
STATE:285:crcf:Js|Qs|As:-1|-2|3:Alice|Bob|Charlie
STATE:286:rff:As|Ks|Js:2|-1|-1:Bob|Charlie|Alice
STATE:287:ccrff:Ks|Js|Qs:-1|-1|2:Charlie|Alice|Bob
STATE:288:rfc:Qs|Js|As:-2|-1|3:Alice|Bob|Charlie
STATE:289:rfc:As|Qs|Ks:3|-1|-2:Bob|Charlie|Alice
STATE:290:ccrff:Ks|Qs|As:-1|-1|2:Charlie|Alice|Bob
STATE:291:crfc:As|Js|Qs:3|-2|-1:Alice|Bob|Charlie
STATE:292:rcf:Qs|Ks|Js:-2|3|-1:Bob|Charlie|Alice
STATE:293:crff:Qs|Ks|Js:-1|2|-1:Charlie|Alice|Bob
STATE:294:crff:Qs|As|Ks:-1|2|-1:Alice|Bob|Charlie
STATE:295:rff:Ks|Js|Qs:2|-1|-1:Bob|Charlie|Alice
STATE:296:crff:Qs|As|Js:-1|2|-1:Charlie|Alice|Bob
STATE:297:rcf:Ks|As|Qs:-2|3|-1:Alice|Bob|Charlie
STATE:298:rcc:Js|As|Ks:-2|4|-2:Bob|Charlie|Alice
STATE:299:crcf:Qs|As|Ks:-1|3|-2:Charlie|Alice|Bob
STATE:300:crfc:As|Js|Qs:3|-2|-1:Alice|Bob|Charlie
STATE:301:rcf:Ks|As|Js:-2|3|-1:Bob|Charlie|Alice
STATE:302:rfc:As|Js|Qs:3|-1|-2:Charlie|Alice|Bob
STATE:303:crff:Qs|Ks|Js:-1|2|-1:Alice|Bob|Charlie
STATE:304:rfc:Ks|Js|As:-2|-1|3:Bob|Charlie|Alice
STATE:305:ccrfc:Ks|As|Qs:-1|3|-2:Charlie|Alice|Bob
STATE:306:crcf:Js|Ks|As:-1|-2|3:Alice|Bob|Charlie
STATE:307:rff:Ks|Qs|Js:2|-1|-1:Bob|Charlie|Alice
STATE:308:crcf:Qs|Js|Ks:-1|-2|3:Charlie|Alice|Bob
STATE:309:crff:Js|Ks|Qs:-1|2|-1:Alice|Bob|Charlie
STATE:310:rfc:Ks|Qs|As:-2|-1|3:Bob|Charlie|Alice
STATE:311:rcf:As|Ks|Js:3|-2|-1:Charlie|Alice|Bob
STATE:312:rcf:Qs|As|Ks:-2|3|-1:Alice|Bob|Charlie
STATE:313:rfc:Js|Ks|As:-2|-1|3:Bob|Charlie|Alice
STATE:314:rfc:As|Js|Qs:3|-1|-2:Charlie|Alice|Bob
STATE:315:crfc:Ks|As|Js:-2|3|-1:Alice|Bob|Charlie
STATE:316:rfc:Qs|Js|Ks:-2|-1|3:Bob|Charlie|Alice
STATE:317:crcf:Js|As|Qs:-1|3|-2:Charlie|Alice|Bob
STATE:318:crfc:As|Ks|Js:3|-2|-1:Alice|Bob|Charlie
STATE:319:rff:Ks|Qs|Js:2|-1|-1:Bob|Charlie|Alice
STATE:320:ccrff:Ks|Js|As:-1|-1|2:Charlie|Alice|Bob
STATE:321:crcf:Js|Ks|As:-1|-2|3:Alice|Bob|Charlie
STATE:322:rcf:Qs|As|Js:-2|3|-1:Bob|Charlie|Alice
STATE:323:crcf:Js|As|Qs:-1|3|-2:Charlie|Alice|Bob
STATE:324:rcf:Js|As|Ks:-2|3|-1:Alice|Bob|Charlie
STATE:325:rcf:Ks|As|Qs:-2|3|-1:Bob|Charlie|Alice
STATE:326:ccrfc:Ks|As|Js:-1|3|-2:Charlie|Alice|Bob
STATE:327:rcf:Qs|As|Ks:-2|3|-1:Alice|Bob|Charlie
STATE:328:rcf:Js|As|Qs:-2|3|-1:Bob|Charlie|Alice
STATE:329:crcf:Ks|Qs|As:-1|-2|3:Charlie|Alice|Bob
STATE:330:rcf:Ks|As|Js:-2|3|-1:Alice|Bob|Charlie
STATE:331:rfc:Js|Ks|As:-2|-1|3:Bob|Charlie|Alice
STATE:332:ccrff:Js|Qs|Ks:-1|-1|2:Charlie|Alice|Bob
STATE:333:crcf:Js|Qs|As:-1|-2|3:Alice|Bob|Charlie
STATE:334:rfc:As|Js|Ks:3|-1|-2:Bob|Charlie|Alice
STATE:335:ccrff:Ks|Qs|Js:-1|-1|2:Charlie|Alice|Bob
STATE:336:crfc:As|Qs|Js:3|-2|-1:Alice|Bob|Charlie
STATE:337:rcf:Js|Ks|Qs:-2|3|-1:Bob|Charlie|Alice
STATE:338:ccrff:Ks|Js|Qs:-1|-1|2:Charlie|Alice|Bob
STATE:339:rcf:Qs|As|Ks:-2|3|-1:Alice|Bob|Charlie
STATE:340:rfc:Ks|Js|As:-2|-1|3:Bob|Charlie|Alice
STATE:341:ccrff:Ks|Js|Qs:-1|-1|2:Charlie|Alice|Bob
STATE:342:crfc:Ks|As|Js:-2|3|-1:Alice|Bob|Charlie
STATE:343:rff:Qs|Ks|Js:2|-1|-1:Bob|Charlie|Alice
STATE:344:ccrfc:Qs|Ks|As:-1|-2|3:Charlie|Alice|Bob
STATE:345:crfc:Ks|Js|Qs:3|-2|-1:Alice|Bob|Charlie
STATE:346:rfc:Js|Ks|As:-2|-1|3:Bob|Charlie|Alice
STATE:347:crff:Qs|As|Js:-1|2|-1:Charlie|Alice|Bob
STATE:348:rff:Qs|Js|Ks:2|-1|-1:Alice|Bob|Charlie
STATE:349:rfc:Ks|Js|As:-2|-1|3:Bob|Charlie|Alice
STATE:350:ccrff:Qs|Js|Ks:-1|-1|2:Charlie|Alice|Bob
STATE:351:crcc:Ks|Js|As:-2|-2|4:Alice|Bob|Charlie
STATE:352:rff:Js|Ks|Qs:2|-1|-1:Bob|Charlie|Alice
STATE:353:rcc:As|Ks|Qs:4|-2|-2:Charlie|Alice|Bob
STATE:354:crff:Js|Qs|Ks:-1|2|-1:Alice|Bob|Charlie
STATE:355:rcc:Qs|As|Ks:-2|4|-2:Bob|Charlie|Alice
STATE:356:ccrff:Ks|Js|Qs:-1|-1|2:Charlie|Alice|Bob
STATE:357:crcf:Js|Ks|As:-1|-2|3:Alice|Bob|Charlie
STATE:358:rfc:Ks|Qs|As:-2|-1|3:Bob|Charlie|Alice
STATE:359:ccrff:Ks|Js|As:-1|-1|2:Charlie|Alice|Bob
STATE:360:crff:Qs|As|Js:-1|2|-1:Alice|Bob|Charlie
STATE:361:rfc:Js|Ks|As:-2|-1|3:Bob|Charlie|Alice
STATE:362:ccrff:Ks|Js|Qs:-1|-1|2:Charlie|Alice|Bob
STATE:363:rcf:As|Ks|Qs:3|-2|-1:Alice|Bob|Charlie
STATE:364:rfc:Qs|Js|As:-2|-1|3:Bob|Charlie|Alice
STATE:365:rff:As|Qs|Js:2|-1|-1:Charlie|Alice|Bob
STATE:366:rcc:Js|Ks|As:-2|-2|4:Alice|Bob|Charlie
STATE:367:rfc:Ks|Qs|As:-2|-1|3:Bob|Charlie|Alice
STATE:368:crcf:Js|As|Ks:-1|3|-2:Charlie|Alice|Bob
STATE:369:crfc:As|Qs|Ks:3|-2|-1:Alice|Bob|Charlie
STATE:370:rfc:Qs|Js|As:-2|-1|3:Bob|Charlie|Alice
STATE:371:rfc:As|Qs|Ks:3|-1|-2:Charlie|Alice|Bob
STATE:372:rcc:Js|Qs|As:-2|-2|4:Alice|Bob|Charlie
STATE:373:rcf:Qs|As|Js:-2|3|-1:Bob|Charlie|Alice
STATE:374:rfc:Ks|Js|As:-2|-1|3:Charlie|Alice|Bob
STATE:375:rcc:Js|Qs|As:-2|-2|4:Alice|Bob|Charlie
STATE:376:rff:As|Ks|Js:2|-1|-1:Bob|Charlie|Alice
STATE:377:crcf:Js|Qs|Ks:-1|-2|3:Charlie|Alice|Bob
STATE:378:crfc:As|Ks|Js:3|-2|-1:Alice|Bob|Charlie
STATE:379:rfc:Qs|Js|Ks:-2|-1|3:Bob|Charlie|Alice
STATE:380:ccrfc:Qs|Ks|Js:-1|3|-2:Charlie|Alice|Bob
STATE:381:crcc:Ks|Js|As:-2|-2|4:Alice|Bob|Charlie
STATE:382:rcc:Qs|As|Ks:-2|4|-2:Bob|Charlie|Alice
STATE:383:crff:Qs|Ks|Js:-1|2|-1:Charlie|Alice|Bob
STATE:384:rcf:As|Qs|Js:3|-2|-1:Alice|Bob|Charlie
STATE:385:rcf:Qs|As|Js:-2|3|-1:Bob|Charlie|Alice
STATE:386:ccrfc:Js|Ks|As:-1|-2|3:Charlie|Alice|Bob
STATE:387:rcf:As|Qs|Js:3|-2|-1:Alice|Bob|Charlie
STATE:388:rfc:As|Js|Ks:3|-1|-2:Bob|Charlie|Alice
STATE:389:crff:Ks|As|Js:-1|2|-1:Charlie|Alice|Bob
STATE:390:crff:Js|Qs|Ks:-1|2|-1:Alice|Bob|Charlie
STATE:391:rff:As|Ks|Qs:2|-1|-1:Bob|Charlie|Alice
STATE:392:rcc:As|Ks|Qs:4|-2|-2:Charlie|Alice|Bob
STATE:393:crfc:Ks|As|Js:-2|3|-1:Alice|Bob|Charlie
STATE:394:rfc:Ks|Qs|As:-2|-1|3:Bob|Charlie|Alice
STATE:395:rcc:As|Ks|Qs:4|-2|-2:Charlie|Alice|Bob
STATE:396:rcf:Js|As|Ks:-2|3|-1:Alice|Bob|Charlie
STATE:397:rcc:Qs|As|Ks:-2|4|-2:Bob|Charlie|Alice
STATE:398:rcf:As|Ks|Js:3|-2|-1:Charlie|Alice|Bob
STATE:399:crff:Js|As|Qs:-1|2|-1:Alice|Bob|Charlie
STATE:400:rfc:Js|Qs|Ks:-2|-1|3:Bob|Charlie|Alice
STATE:401:ccrfc:Qs|Ks|As:-1|-2|3:Charlie|Alice|Bob
STATE:402:crff:Js|As|Ks:-1|2|-1:Alice|Bob|Charlie
STATE:403:rfc:Js|Ks|As:-2|-1|3:Bob|Charlie|Alice
STATE:404:rcf:As|Ks|Js:3|-2|-1:Charlie|Alice|Bob
STATE:405:crff:Js|As|Ks:-1|2|-1:Alice|Bob|Charlie
STATE:406:rfc:As|Js|Ks:3|-1|-2:Bob|Charlie|Alice
STATE:407:crcf:Js|Qs|As:-1|-2|3:Charlie|Alice|Bob
STATE:408:rcf:Qs|Ks|Js:-2|3|-1:Alice|Bob|Charlie
STATE:409:rfc:Js|Qs|Ks:-2|-1|3:Bob|Charlie|Alice
STATE:410:crcf:Js|Ks|As:-1|-2|3:Charlie|Alice|Bob
STATE:411:rcf:Ks|As|Qs:-2|3|-1:Alice|Bob|Charlie
STATE:412:rff:Ks|Js|Qs:2|-1|-1:Bob|Charlie|Alice
STATE:413:ccrff:Ks|Js|As:-1|-1|2:Charlie|Alice|Bob
STATE:414:rcf:As|Ks|Qs:3|-2|-1:Alice|Bob|Charlie
STATE:415:rfc:Js|Qs|Ks:-2|-1|3:Bob|Charlie|Alice
STATE:416:ccrfc:Js|As|Qs:-1|3|-2:Charlie|Alice|Bob
STATE:417:rcf:Qs|As|Ks:-2|3|-1:Alice|Bob|Charlie
STATE:418:rff:Ks|Js|Qs:2|-1|-1:Bob|Charlie|Alice
STATE:419:crcc:Ks|Qs|As:-2|-2|4:Charlie|Alice|Bob
STATE:420:crfc:As|Ks|Qs:3|-2|-1:Alice|Bob|Charlie
STATE:421:rcf:Qs|As|Js:-2|3|-1:Bob|Charlie|Alice
STATE:422:rfc:As|Qs|Ks:3|-1|-2:Charlie|Alice|Bob
STATE:423:rcf:Ks|As|Qs:-2|3|-1:Alice|Bob|Charlie
STATE:424:rfc:Ks|Qs|As:-2|-1|3:Bob|Charlie|Alice
STATE:425:rfc:As|Qs|Ks:3|-1|-2:Charlie|Alice|Bob
STATE:426:crfc:As|Js|Ks:3|-2|-1:Alice|Bob|Charlie
STATE:427:rff:As|Ks|Js:2|-1|-1:Bob|Charlie|Alice
STATE:428:ccrfc:Js|Ks|As:-1|-2|3:Charlie|Alice|Bob
STATE:429:crfc:As|Js|Ks:3|-2|-1:Alice|Bob|Charlie
STATE:430:rcf:Ks|As|Js:-2|3|-1:Bob|Charlie|Alice
STATE:431:ccrfc:Qs|Ks|Js:-1|3|-2:Charlie|Alice|Bob
STATE:432:crff:Js|Qs|Ks:-1|2|-1:Alice|Bob|Charlie
STATE:433:rff:As|Ks|Qs:2|-1|-1:Bob|Charlie|Alice
STATE:434:ccrfc:Qs|Ks|As:-1|-2|3:Charlie|Alice|Bob
STATE:435:rcf:Js|Qs|Ks:-2|3|-1:Alice|Bob|Charlie
STATE:436:rff:Js|Ks|Qs:2|-1|-1:Bob|Charlie|Alice
STATE:437:rcc:As|Ks|Qs:4|-2|-2:Charlie|Alice|Bob
STATE:438:crcf:Js|Qs|As:-1|-2|3:Alice|Bob|Charlie
STATE:439:rff:As|Js|Qs:2|-1|-1:Bob|Charlie|Alice
STATE:440:rff:As|Qs|Js:2|-1|-1:Charlie|Alice|Bob
STATE:441:crff:Qs|As|Js:-1|2|-1:Alice|Bob|Charlie
STATE:442:rff:As|Ks|Qs:2|-1|-1:Bob|Charlie|Alice
STATE:443:ccrfc:Js|As|Ks:-1|3|-2:Charlie|Alice|Bob
STATE:444:rcf:Qs|As|Ks:-2|3|-1:Alice|Bob|Charlie
STATE:445:rfc:Qs|Ks|As:-2|-1|3:Bob|Charlie|Alice
STATE:446:rcf:As|Ks|Js:3|-2|-1:Charlie|Alice|Bob
STATE:447:crfc:As|Ks|Qs:3|-2|-1:Alice|Bob|Charlie
STATE:448:rff:Ks|Qs|Js:2|-1|-1:Bob|Charlie|Alice
STATE:449:rfc:As|Js|Qs:3|-1|-2:Charlie|Alice|Bob
STATE:450:rcf:Qs|As|Ks:-2|3|-1:Alice|Bob|Charlie
STATE:451:rfc:As|Js|Ks:3|-1|-2:Bob|Charlie|Alice
STATE:452:crcf:Qs|Js|As:-1|-2|3:Charlie|Alice|Bob
STATE:453:crfc:Ks|Qs|Js:3|-2|-1:Alice|Bob|Charlie
STATE:454:rff:As|Ks|Qs:2|-1|-1:Bob|Charlie|Alice
STATE:455:crff:Ks|Qs|Js:-1|2|-1:Charlie|Alice|Bob
STATE:456:rcc:Qs|Ks|As:-2|-2|4:Alice|Bob|Charlie
STATE:457:rcc:Qs|As|Ks:-2|4|-2:Bob|Charlie|Alice
STATE:458:ccrff:Ks|Js|As:-1|-1|2:Charlie|Alice|Bob
STATE:459:rcf:As|Qs|Ks:3|-2|-1:Alice|Bob|Charlie
STATE:460:rff:As|Js|Qs:2|-1|-1:Bob|Charlie|Alice
STATE:461:rfc:As|Js|Qs:3|-1|-2:Charlie|Alice|Bob
STATE:462:crff:Qs|As|Ks:-1|2|-1:Alice|Bob|Charlie
STATE:463:rfc:Qs|Js|As:-2|-1|3:Bob|Charlie|Alice
STATE:464:ccrfc:Js|Ks|As:-1|-2|3:Charlie|Alice|Bob
STATE:465:crff:Js|Qs|Ks:-1|2|-1:Alice|Bob|Charlie
STATE:466:rff:As|Js|Qs:2|-1|-1:Bob|Charlie|Alice
STATE:467:crcf:Qs|Ks|As:-1|-2|3:Charlie|Alice|Bob
STATE:468:rcc:Ks|Qs|As:-2|-2|4:Alice|Bob|Charlie
STATE:469:rff:Js|Ks|Qs:2|-1|-1:Bob|Charlie|Alice
STATE:470:rcf:As|Ks|Js:3|-2|-1:Charlie|Alice|Bob
STATE:471:crfc:As|Qs|Ks:3|-2|-1:Alice|Bob|Charlie
STATE:472:rfc:Js|Qs|Ks:-2|-1|3:Bob|Charlie|Alice
STATE:473:rcc:As|Ks|Qs:4|-2|-2:Charlie|Alice|Bob
STATE:474:crff:Qs|As|Ks:-1|2|-1:Alice|Bob|Charlie
STATE:475:rcf:Js|As|Qs:-2|3|-1:Bob|Charlie|Alice
STATE:476:crcf:Js|Qs|As:-1|-2|3:Charlie|Alice|Bob
STATE:477:crfc:Ks|Qs|Js:3|-2|-1:Alice|Bob|Charlie
STATE:478:rfc:Qs|Js|As:-2|-1|3:Bob|Charlie|Alice
STATE:479:rcc:As|Ks|Qs:4|-2|-2:Charlie|Alice|Bob
STATE:480:rcc:Ks|Qs|As:-2|-2|4:Alice|Bob|Charlie
STATE:481:rff:Js|Ks|Qs:2|-1|-1:Bob|Charlie|Alice
STATE:482:ccrff:Ks|Js|Qs:-1|-1|2:Charlie|Alice|Bob
STATE:483:rcf:Js|Ks|Qs:-2|3|-1:Alice|Bob|Charlie
STATE:484:rff:As|Ks|Js:2|-1|-1:Bob|Charlie|Alice
STATE:485:ccrff:Qs|Js|As:-1|-1|2:Charlie|Alice|Bob
STATE:486:crfc:Ks|As|Qs:-2|3|-1:Alice|Bob|Charlie
STATE:487:rff:Js|Ks|Qs:2|-1|-1:Bob|Charlie|Alice
STATE:488:crcf:Js|Qs|As:-1|-2|3:Charlie|Alice|Bob
STATE:489:crff:Js|As|Ks:-1|2|-1:Alice|Bob|Charlie
STATE:490:rff:As|Qs|Js:2|-1|-1:Bob|Charlie|Alice
STATE:491:rfc:As|Js|Qs:3|-1|-2:Charlie|Alice|Bob
STATE:492:rcf:Ks|As|Qs:-2|3|-1:Alice|Bob|Charlie
STATE:493:rfc:As|Qs|Ks:3|-1|-2:Bob|Charlie|Alice
STATE:494:rcc:As|Ks|Qs:4|-2|-2:Charlie|Alice|Bob
STATE:495:crcf:Js|As|Ks:-1|3|-2:Alice|Bob|Charlie
STATE:496:rcc:Js|As|Ks:-2|4|-2:Bob|Charlie|Alice
STATE:497:ccrfc:Ks|As|Js:-1|3|-2:Charlie|Alice|Bob
STATE:498:crfc:As|Js|Ks:3|-2|-1:Alice|Bob|Charlie
STATE:499:rcf:Qs|As|Js:-2|3|-1:Bob|Charlie|Alice
STATE:500:rfc:As|Js|Ks:3|-1|-2:Charlie|Alice|Bob
STATE:501:crcc:Ks|Js|As:-2|-2|4:Alice|Bob|Charlie
STATE:502:rfc:As|Js|Ks:3|-1|-2:Bob|Charlie|Alice
STATE:503:rcf:As|Ks|Js:3|-2|-1:Charlie|Alice|Bob
STATE:504:crff:Qs|Ks|Js:-1|2|-1:Alice|Bob|Charlie
STATE:505:rfc:Js|Qs|As:-2|-1|3:Bob|Charlie|Alice
STATE:506:crff:Ks|As|Js:-1|2|-1:Charlie|Alice|Bob
STATE:507:crfc:As|Qs|Js:3|-2|-1:Alice|Bob|Charlie
STATE:508:rcf:As|Ks|Qs:3|-2|-1:Bob|Charlie|Alice
STATE:509:crcf:Js|As|Qs:-1|3|-2:Charlie|Alice|Bob
STATE:510:rcf:As|Qs|Ks:3|-2|-1:Alice|Bob|Charlie
STATE:511:rff:Ks|Js|Qs:2|-1|-1:Bob|Charlie|Alice
STATE:512:crfc:Ks|Qs|Js:3|-2|-1:Charlie|Alice|Bob
STATE:513:crff:Js|Ks|Qs:-1|2|-1:Alice|Bob|Charlie
STATE:514:rfc:Qs|Js|As:-2|-1|3:Bob|Charlie|Alice
STATE:515:ccrff:Js|Qs|As:-1|-1|2:Charlie|Alice|Bob
STATE:516:rcf:Js|As|Qs:-2|3|-1:Alice|Bob|Charlie
STATE:517:rcf:Qs|As|Js:-2|3|-1:Bob|Charlie|Alice
STATE:518:ccrfc:Js|Ks|As:-1|-2|3:Charlie|Alice|Bob
STATE:519:crfc:Ks|Qs|Js:3|-2|-1:Alice|Bob|Charlie
STATE:520:rfc:Ks|Js|As:-2|-1|3:Bob|Charlie|Alice
STATE:521:crff:Ks|As|Js:-1|2|-1:Charlie|Alice|Bob
STATE:522:crff:Qs|As|Js:-1|2|-1:Alice|Bob|Charlie
STATE:523:rff:As|Ks|Qs:2|-1|-1:Bob|Charlie|Alice
STATE:524:crcf:Qs|Ks|As:-1|-2|3:Charlie|Alice|Bob
STATE:525:crfc:As|Js|Ks:3|-2|-1:Alice|Bob|Charlie
STATE:526:rfc:As|Js|Ks:3|-1|-2:Bob|Charlie|Alice
STATE:527:ccrfc:Qs|As|Ks:-1|3|-2:Charlie|Alice|Bob
STATE:528:rcf:Ks|As|Qs:-2|3|-1:Alice|Bob|Charlie
STATE:529:rfc:Ks|Js|As:-2|-1|3:Bob|Charlie|Alice
STATE:530:rcc:As|Ks|Qs:4|-2|-2:Charlie|Alice|Bob
STATE:531:crff:Js|Ks|Qs:-1|2|-1:Alice|Bob|Charlie
STATE:532:rfc:Js|Qs|Ks:-2|-1|3:Bob|Charlie|Alice
STATE:533:ccrfc:Js|Ks|Qs:-1|3|-2:Charlie|Alice|Bob
STATE:534:crff:Js|Ks|Qs:-1|2|-1:Alice|Bob|Charlie
STATE:535:rcf:Ks|As|Qs:-2|3|-1:Bob|Charlie|Alice
STATE:536:ccrfc:Js|Ks|As:-1|-2|3:Charlie|Alice|Bob
STATE:537:crcf:Qs|Js|As:-1|-2|3:Alice|Bob|Charlie
STATE:538:rcc:Qs|As|Ks:-2|4|-2:Bob|Charlie|Alice
STATE:539:rcf:As|Ks|Js:3|-2|-1:Charlie|Alice|Bob
STATE:540:rcc:Js|As|Ks:-2|4|-2:Alice|Bob|Charlie
STATE:541:rcc:Js|Ks|As:-2|-2|4:Bob|Charlie|Alice
STATE:542:ccrfc:Qs|Ks|Js:-1|3|-2:Charlie|Alice|Bob
STATE:543:rcf:Qs|As|Ks:-2|3|-1:Alice|Bob|Charlie
STATE:544:rff:As|Ks|Js:2|-1|-1:Bob|Charlie|Alice
STATE:545:rfc:As|Qs|Ks:3|-1|-2:Charlie|Alice|Bob
STATE:546:crff:Js|Ks|Qs:-1|2|-1:Alice|Bob|Charlie
STATE:547:rfc:Js|Qs|As:-2|-1|3:Bob|Charlie|Alice
STATE:548:crff:Ks|Qs|Js:-1|2|-1:Charlie|Alice|Bob
STATE:549:rcc:Qs|Ks|As:-2|-2|4:Alice|Bob|Charlie
STATE:550:rfc:Js|Qs|Ks:-2|-1|3:Bob|Charlie|Alice
STATE:551:rfc:As|Qs|Ks:3|-1|-2:Charlie|Alice|Bob
STATE:552:rcc:Js|Qs|As:-2|-2|4:Alice|Bob|Charlie
STATE:553:rff:As|Ks|Qs:2|-1|-1:Bob|Charlie|Alice
STATE:554:ccrfc:Js|Ks|As:-1|-2|3:Charlie|Alice|Bob
STATE:555:rfc:Qs|Js|As:-2|-1|3:Alice|Bob|Charlie
STATE:556:rfc:Qs|Ks|As:-2|-1|3:Bob|Charlie|Alice
STATE:557:rff:As|Qs|Js:2|-1|-1:Charlie|Alice|Bob
STATE:558:crfc:Ks|Js|Qs:3|-2|-1:Alice|Bob|Charlie
STATE:559:rfc:As|Js|Ks:3|-1|-2:Bob|Charlie|Alice
STATE:560:crcf:Js|As|Ks:-1|3|-2:Charlie|Alice|Bob
STATE:561:crff:Js|Ks|Qs:-1|2|-1:Alice|Bob|Charlie
STATE:562:rff:Ks|Qs|Js:2|-1|-1:Bob|Charlie|Alice
STATE:563:rff:As|Qs|Js:2|-1|-1:Charlie|Alice|Bob
STATE:564:rcc:Qs|Ks|As:-2|-2|4:Alice|Bob|Charlie
STATE:565:rcf:Ks|As|Js:-2|3|-1:Bob|Charlie|Alice
STATE:566:ccrfc:Qs|Ks|Js:-1|3|-2:Charlie|Alice|Bob
STATE:567:rcc:Js|Qs|As:-2|-2|4:Alice|Bob|Charlie
STATE:568:rff:As|Ks|Js:2|-1|-1:Bob|Charlie|Alice
STATE:569:ccrff:Ks|Js|Qs:-1|-1|2:Charlie|Alice|Bob
STATE:570:crfc:Ks|Js|Qs:3|-2|-1:Alice|Bob|Charlie
STATE:571:rff:Ks|Js|Qs:2|-1|-1:Bob|Charlie|Alice
STATE:572:ccrfc:Js|As|Qs:-1|3|-2:Charlie|Alice|Bob
STATE:573:crfc:As|Js|Qs:3|-2|-1:Alice|Bob|Charlie
STATE:574:rff:As|Ks|Qs:2|-1|-1:Bob|Charlie|Alice
STATE:575:rcc:As|Ks|Qs:4|-2|-2:Charlie|Alice|Bob
STATE:576:crff:Js|Qs|Ks:-1|2|-1:Alice|Bob|Charlie
STATE:577:rff:As|Ks|Js:2|-1|-1:Bob|Charlie|Alice
STATE:578:ccrff:Qs|Js|As:-1|-1|2:Charlie|Alice|Bob
STATE:579:rff:Qs|Js|Ks:2|-1|-1:Alice|Bob|Charlie
STATE:580:rcf:Ks|As|Js:-2|3|-1:Bob|Charlie|Alice
STATE:581:ccrfc:Js|Ks|Qs:-1|3|-2:Charlie|Alice|Bob
STATE:582:rcc:Qs|Ks|As:-2|-2|4:Alice|Bob|Charlie
STATE:583:rff:Ks|Js|Qs:2|-1|-1:Bob|Charlie|Alice
STATE:584:crcf:Js|As|Ks:-1|3|-2:Charlie|Alice|Bob
STATE:585:rcc:Ks|Qs|As:-2|-2|4:Alice|Bob|Charlie
STATE:586:rcf:Qs|As|Js:-2|3|-1:Bob|Charlie|Alice
STATE:587:rfc:As|Js|Qs:3|-1|-2:Charlie|Alice|Bob
STATE:588:rcc:Js|Ks|As:-2|-2|4:Alice|Bob|Charlie
STATE:589:rfc:Ks|Js|As:-2|-1|3:Bob|Charlie|Alice
STATE:590:crff:Ks|As|Js:-1|2|-1:Charlie|Alice|Bob
STATE:591:crfc:Ks|Js|Qs:3|-2|-1:Alice|Bob|Charlie
STATE:592:rfc:Qs|Ks|As:-2|-1|3:Bob|Charlie|Alice
STATE:593:ccrff:Qs|Js|As:-1|-1|2:Charlie|Alice|Bob
STATE:594:rcc:Qs|As|Ks:-2|4|-2:Alice|Bob|Charlie
STATE:595:rff:As|Js|Qs:2|-1|-1:Bob|Charlie|Alice
STATE:596:crff:Qs|As|Js:-1|2|-1:Charlie|Alice|Bob
STATE:597:crfc:Ks|Js|Qs:3|-2|-1:Alice|Bob|Charlie
STATE:598:rff:Qs|Ks|Js:2|-1|-1:Bob|Charlie|Alice
STATE:599:rfc:As|Js|Qs:3|-1|-2:Charlie|Alice|Bob
STATE:600:crff:Js|Qs|Ks:-1|2|-1:Alice|Bob|Charlie
STATE:601:rfc:Js|Qs|As:-2|-1|3:Bob|Charlie|Alice
STATE:602:rcf:As|Ks|Js:3|-2|-1:Charlie|Alice|Bob
STATE:603:crcc:Ks|Js|As:-2|-2|4:Alice|Bob|Charlie
STATE:604:rff:Qs|Ks|Js:2|-1|-1:Bob|Charlie|Alice
STATE:605:rcf:As|Ks|Js:3|-2|-1:Charlie|Alice|Bob
STATE:606:crfc:As|Ks|Qs:3|-2|-1:Alice|Bob|Charlie
STATE:607:rff:As|Ks|Qs:2|-1|-1:Bob|Charlie|Alice
STATE:608:ccrfc:Js|Ks|Qs:-1|3|-2:Charlie|Alice|Bob
STATE:609:rcf:As|Ks|Qs:3|-2|-1:Alice|Bob|Charlie
STATE:610:rcf:Qs|As|Js:-2|3|-1:Bob|Charlie|Alice
STATE:611:ccrff:Qs|Js|Ks:-1|-1|2:Charlie|Alice|Bob
STATE:612:rcf:As|Ks|Js:3|-2|-1:Alice|Bob|Charlie
STATE:613:rff:Js|Ks|Qs:2|-1|-1:Bob|Charlie|Alice
STATE:614:ccrfc:Js|Ks|As:-1|-2|3:Charlie|Alice|Bob
STATE:615:crfc:As|Ks|Js:3|-2|-1:Alice|Bob|Charlie
STATE:616:rfc:Ks|Js|As:-2|-1|3:Bob|Charlie|Alice
STATE:617:crff:Ks|Qs|Js:-1|2|-1:Charlie|Alice|Bob
STATE:618:crfc:Ks|Qs|Js:3|-2|-1:Alice|Bob|Charlie
STATE:619:rcf:Js|As|Qs:-2|3|-1:Bob|Charlie|Alice
STATE:620:ccrfc:Js|As|Qs:-1|3|-2:Charlie|Alice|Bob
STATE:621:crfc:As|Qs|Ks:3|-2|-1:Alice|Bob|Charlie
STATE:622:rfc:Qs|Ks|As:-2|-1|3:Bob|Charlie|Alice
STATE:623:rfc:As|Qs|Ks:3|-1|-2:Charlie|Alice|Bob
STATE:624:crcf:Js|Ks|As:-1|-2|3:Alice|Bob|Charlie
STATE:625:rcc:Qs|As|Ks:-2|4|-2:Bob|Charlie|Alice
STATE:626:crcf:Qs|Js|Ks:-1|-2|3:Charlie|Alice|Bob
STATE:627:crff:Js|As|Qs:-1|2|-1:Alice|Bob|Charlie
STATE:628:rcc:Js|As|Ks:-2|4|-2:Bob|Charlie|Alice
STATE:629:ccrff:Js|Qs|Ks:-1|-1|2:Charlie|Alice|Bob
STATE:630:crfc:Ks|Qs|Js:3|-2|-1:Alice|Bob|Charlie
STATE:631:rff:As|Ks|Qs:2|-1|-1:Bob|Charlie|Alice
STATE:632:ccrff:Qs|Js|As:-1|-1|2:Charlie|Alice|Bob
STATE:633:crcf:Qs|Ks|As:-1|-2|3:Alice|Bob|Charlie
STATE:634:rfc:Qs|Js|As:-2|-1|3:Bob|Charlie|Alice
STATE:635:crcf:Js|Qs|Ks:-1|-2|3:Charlie|Alice|Bob
STATE:636:crff:Js|As|Qs:-1|2|-1:Alice|Bob|Charlie
STATE:637:rfc:Ks|Js|As:-2|-1|3:Bob|Charlie|Alice
STATE:638:crcf:Js|As|Ks:-1|3|-2:Charlie|Alice|Bob
STATE:639:rfc:Qs|Js|As:-2|-1|3:Alice|Bob|Charlie
STATE:640:rfc:Js|Qs|As:-2|-1|3:Bob|Charlie|Alice
STATE:641:ccrfc:Js|Ks|As:-1|-2|3:Charlie|Alice|Bob
STATE:642:crff:Js|Ks|Qs:-1|2|-1:Alice|Bob|Charlie
STATE:643:rff:Qs|Ks|Js:2|-1|-1:Bob|Charlie|Alice
STATE:644:ccrff:Ks|Qs|As:-1|-1|2:Charlie|Alice|Bob
STATE:645:crfc:As|Qs|Ks:3|-2|-1:Alice|Bob|Charlie
STATE:646:rcf:As|Ks|Js:3|-2|-1:Bob|Charlie|Alice
STATE:647:rcf:As|Ks|Js:3|-2|-1:Charlie|Alice|Bob
STATE:648:rcf:Ks|As|Js:-2|3|-1:Alice|Bob|Charlie
STATE:649:rfc:Qs|Ks|As:-2|-1|3:Bob|Charlie|Alice
STATE:650:ccrff:Qs|Js|Ks:-1|-1|2:Charlie|Alice|Bob
STATE:651:rcf:Ks|As|Js:-2|3|-1:Alice|Bob|Charlie
STATE:652:rfc:As|Qs|Ks:3|-1|-2:Bob|Charlie|Alice
STATE:653:rfc:As|Js|Qs:3|-1|-2:Charlie|Alice|Bob
STATE:654:crfc:As|Qs|Js:3|-2|-1:Alice|Bob|Charlie
STATE:655:rfc:Qs|Js|Ks:-2|-1|3:Bob|Charlie|Alice
STATE:656:rff:As|Qs|Js:2|-1|-1:Charlie|Alice|Bob
STATE:657:crff:Qs|Ks|Js:-1|2|-1:Alice|Bob|Charlie
STATE:658:rfc:Qs|Js|As:-2|-1|3:Bob|Charlie|Alice
STATE:659:crff:Qs|As|Js:-1|2|-1:Charlie|Alice|Bob
STATE:660:crcc:Ks|Qs|As:-2|-2|4:Alice|Bob|Charlie
STATE:661:rcf:Ks|As|Qs:-2|3|-1:Bob|Charlie|Alice
STATE:662:ccrfc:Js|As|Ks:-1|3|-2:Charlie|Alice|Bob
STATE:663:crfc:As|Ks|Qs:3|-2|-1:Alice|Bob|Charlie
STATE:664:rcf:Qs|As|Js:-2|3|-1:Bob|Charlie|Alice
STATE:665:ccrfc:Qs|As|Ks:-1|3|-2:Charlie|Alice|Bob
STATE:666:rcc:Qs|Ks|As:-2|-2|4:Alice|Bob|Charlie
STATE:667:rfc:Qs|Js|Ks:-2|-1|3:Bob|Charlie|Alice
STATE:668:ccrfc:Ks|As|Js:-1|3|-2:Charlie|Alice|Bob
STATE:669:rcf:Js|Qs|Ks:-2|3|-1:Alice|Bob|Charlie
STATE:670:rfc:Ks|Js|As:-2|-1|3:Bob|Charlie|Alice
STATE:671:crcf:Qs|As|Ks:-1|3|-2:Charlie|Alice|Bob
STATE:672:rcf:As|Qs|Ks:3|-2|-1:Alice|Bob|Charlie
STATE:673:rcf:Ks|As|Js:-2|3|-1:Bob|Charlie|Alice
STATE:674:crcf:Js|Qs|As:-1|-2|3:Charlie|Alice|Bob
STATE:675:crff:Qs|As|Ks:-1|2|-1:Alice|Bob|Charlie
STATE:676:rfc:Qs|Ks|As:-2|-1|3:Bob|Charlie|Alice
STATE:677:crff:Qs|As|Js:-1|2|-1:Charlie|Alice|Bob
STATE:678:crfc:As|Ks|Js:3|-2|-1:Alice|Bob|Charlie
STATE:679:rfc:Qs|Js|As:-2|-1|3:Bob|Charlie|Alice
STATE:680:ccrff:Qs|Js|Ks:-1|-1|2:Charlie|Alice|Bob
STATE:681:crfc:As|Js|Ks:3|-2|-1:Alice|Bob|Charlie
STATE:682:rfc:Qs|Js|Ks:-2|-1|3:Bob|Charlie|Alice
STATE:683:crff:Qs|Ks|Js:-1|2|-1:Charlie|Alice|Bob
STATE:684:rcf:Js|Qs|Ks:-2|3|-1:Alice|Bob|Charlie
STATE:685:rcc:Js|As|Ks:-2|4|-2:Bob|Charlie|Alice
STATE:686:rcc:As|Ks|Qs:4|-2|-2:Charlie|Alice|Bob
STATE:687:rcf:Js|Ks|Qs:-2|3|-1:Alice|Bob|Charlie
STATE:688:rcf:Js|As|Qs:-2|3|-1:Bob|Charlie|Alice
STATE:689:rff:As|Qs|Js:2|-1|-1:Charlie|Alice|Bob
STATE:690:crff:Js|Qs|Ks:-1|2|-1:Alice|Bob|Charlie
STATE:691:rfc:Ks|Js|As:-2|-1|3:Bob|Charlie|Alice
STATE:692:ccrfc:Js|As|Ks:-1|3|-2:Charlie|Alice|Bob
STATE:693:rcc:Ks|Qs|As:-2|-2|4:Alice|Bob|Charlie
STATE:694:rff:As|Ks|Js:2|-1|-1:Bob|Charlie|Alice
STATE:695:rcc:Ks|As|Qs:-2|4|-2:Charlie|Alice|Bob
STATE:696:crcf:Js|Qs|As:-1|-2|3:Alice|Bob|Charlie
STATE:697:rfc:As|Qs|Ks:3|-1|-2:Bob|Charlie|Alice
STATE:698:crff:Ks|As|Js:-1|2|-1:Charlie|Alice|Bob
STATE:699:rcf:Qs|Ks|Js:-2|3|-1:Alice|Bob|Charlie
STATE:700:rff:Js|Ks|Qs:2|-1|-1:Bob|Charlie|Alice
STATE:701:rfc:As|Js|Ks:3|-1|-2:Charlie|Alice|Bob
STATE:702:rcc:Qs|As|Ks:-2|4|-2:Alice|Bob|Charlie
STATE:703:rcc:Js|As|Ks:-2|4|-2:Bob|Charlie|Alice
STATE:704:rfc:As|Qs|Ks:3|-1|-2:Charlie|Alice|Bob
STATE:705:crfc:Ks|Js|Qs:3|-2|-1:Alice|Bob|Charlie
STATE:706:rfc:Qs|Js|As:-2|-1|3:Bob|Charlie|Alice
STATE:707:ccrff:Ks|Js|Qs:-1|-1|2:Charlie|Alice|Bob
STATE:708:rff:As|Js|Ks:2|-1|-1:Alice|Bob|Charlie
STATE:709:rff:As|Ks|Qs:2|-1|-1:Bob|Charlie|Alice
STATE:710:ccrfc:Js|Ks|As:-1|-2|3:Charlie|Alice|Bob
STATE:711:rcf:Js|Qs|Ks:-2|3|-1:Alice|Bob|Charlie
STATE:712:rff:As|Qs|Js:2|-1|-1:Bob|Charlie|Alice
STATE:713:crcf:Js|As|Ks:-1|3|-2:Charlie|Alice|Bob
STATE:714:crff:Js|Qs|Ks:-1|2|-1:Alice|Bob|Charlie
STATE:715:rfc:Ks|Js|As:-2|-1|3:Bob|Charlie|Alice
STATE:716:ccrfc:Qs|As|Ks:-1|3|-2:Charlie|Alice|Bob
STATE:717:crfc:Ks|As|Qs:-2|3|-1:Alice|Bob|Charlie
STATE:718:rfc:Js|Qs|Ks:-2|-1|3:Bob|Charlie|Alice
STATE:719:crff:Qs|Ks|Js:-1|2|-1:Charlie|Alice|Bob
STATE:720:rcc:Qs|Ks|As:-2|-2|4:Alice|Bob|Charlie
STATE:721:rff:As|Ks|Js:2|-1|-1:Bob|Charlie|Alice
STATE:722:rcc:As|Ks|Qs:4|-2|-2:Charlie|Alice|Bob
STATE:723:crff:Qs|As|Ks:-1|2|-1:Alice|Bob|Charlie
STATE:724:rcf:Qs|As|Js:-2|3|-1:Bob|Charlie|Alice
STATE:725:rff:As|Qs|Js:2|-1|-1:Charlie|Alice|Bob
STATE:726:crfc:Ks|Qs|Js:3|-2|-1:Alice|Bob|Charlie
STATE:727:rff:Ks|Qs|Js:2|-1|-1:Bob|Charlie|Alice
STATE:728:rfc:As|Js|Qs:3|-1|-2:Charlie|Alice|Bob
STATE:729:rcf:Js|As|Qs:-2|3|-1:Alice|Bob|Charlie
STATE:730:rcf:As|Ks|Qs:3|-2|-1:Bob|Charlie|Alice
STATE:731:ccrfc:Js|Ks|As:-1|-2|3:Charlie|Alice|Bob
STATE:732:crfc:As|Js|Ks:3|-2|-1:Alice|Bob|Charlie
STATE:733:rfc:Qs|Js|As:-2|-1|3:Bob|Charlie|Alice
STATE:734:crcf:Qs|Js|Ks:-1|-2|3:Charlie|Alice|Bob
STATE:735:crfc:Ks|Qs|Js:3|-2|-1:Alice|Bob|Charlie
STATE:736:rfc:Qs|Ks|As:-2|-1|3:Bob|Charlie|Alice
STATE:737:ccrff:Ks|Js|Qs:-1|-1|2:Charlie|Alice|Bob
STATE:738:crff:Js|As|Qs:-1|2|-1:Alice|Bob|Charlie
STATE:739:rcf:Ks|As|Js:-2|3|-1:Bob|Charlie|Alice
STATE:740:rcf:As|Ks|Js:3|-2|-1:Charlie|Alice|Bob
STATE:741:rcf:Qs|As|Js:-2|3|-1:Alice|Bob|Charlie
STATE:742:rfc:Js|Qs|As:-2|-1|3:Bob|Charlie|Alice
STATE:743:ccrcf:Ks|Js|Qs:3|-1|-2:Charlie|Alice|Bob
STATE:744:crff:Js|Qs|Ks:-1|2|-1:Alice|Bob|Charlie
STATE:745:rcf:Ks|As|Js:-2|3|-1:Bob|Charlie|Alice
STATE:746:crcf:Qs|Ks|As:-1|-2|3:Charlie|Alice|Bob
STATE:747:crff:Qs|As|Ks:-1|2|-1:Alice|Bob|Charlie
STATE:748:rfc:Qs|Ks|As:-2|-1|3:Bob|Charlie|Alice
STATE:749:crff:Qs|As|Js:-1|2|-1:Charlie|Alice|Bob
STATE:750:rff:As|Js|Qs:2|-1|-1:Alice|Bob|Charlie
STATE:751:rff:Qs|Ks|Js:2|-1|-1:Bob|Charlie|Alice
STATE:752:crcf:Js|Ks|Qs:-1|3|-2:Charlie|Alice|Bob
STATE:753:crfc:As|Ks|Js:3|-2|-1:Alice|Bob|Charlie
STATE:754:rff:Qs|Ks|Js:2|-1|-1:Bob|Charlie|Alice
STATE:755:ccrfc:Qs|Ks|Js:-1|3|-2:Charlie|Alice|Bob
STATE:756:crff:Qs|As|Js:-1|2|-1:Alice|Bob|Charlie
STATE:757:rcf:Ks|As|Js:-2|3|-1:Bob|Charlie|Alice
STATE:758:rfc:Ks|Js|Qs:3|-1|-2:Charlie|Alice|Bob
STATE:759:rcf:Ks|As|Js:-2|3|-1:Alice|Bob|Charlie
STATE:760:rff:As|Ks|Qs:2|-1|-1:Bob|Charlie|Alice
STATE:761:ccrfc:Ks|As|Qs:-1|3|-2:Charlie|Alice|Bob
STATE:762:crfc:As|Js|Ks:3|-2|-1:Alice|Bob|Charlie
STATE:763:rff:As|Ks|Qs:2|-1|-1:Bob|Charlie|Alice
STATE:764:crcf:Qs|Js|Ks:-1|-2|3:Charlie|Alice|Bob
STATE:765:rcf:Js|Qs|Ks:-2|3|-1:Alice|Bob|Charlie
STATE:766:rcf:Ks|As|Qs:-2|3|-1:Bob|Charlie|Alice
STATE:767:crcf:Js|Ks|As:-1|-2|3:Charlie|Alice|Bob
STATE:768:crcc:Ks|Qs|As:-2|-2|4:Alice|Bob|Charlie
STATE:769:rfc:Js|Qs|Ks:-2|-1|3:Bob|Charlie|Alice
STATE:770:rfc:As|Js|Qs:3|-1|-2:Charlie|Alice|Bob
STATE:771:rfc:Qs|Js|As:-2|-1|3:Alice|Bob|Charlie
STATE:772:rff:Qs|Ks|Js:2|-1|-1:Bob|Charlie|Alice
STATE:773:crcf:Qs|Js|As:-1|-2|3:Charlie|Alice|Bob
STATE:774:crff:Qs|As|Js:-1|2|-1:Alice|Bob|Charlie
STATE:775:rfc:As|Js|Ks:3|-1|-2:Bob|Charlie|Alice
STATE:776:crcf:Js|As|Qs:-1|3|-2:Charlie|Alice|Bob
STATE:777:crfc:As|Ks|Qs:3|-2|-1:Alice|Bob|Charlie
STATE:778:rcf:Ks|As|Js:-2|3|-1:Bob|Charlie|Alice
STATE:779:crcf:Ks|As|Qs:-1|3|-2:Charlie|Alice|Bob
STATE:780:crfc:As|Js|Qs:3|-2|-1:Alice|Bob|Charlie
STATE:781:rfc:Qs|Js|As:-2|-1|3:Bob|Charlie|Alice
STATE:782:crff:Qs|As|Js:-1|2|-1:Charlie|Alice|Bob
STATE:783:crfc:As|Ks|Qs:3|-2|-1:Alice|Bob|Charlie
STATE:784:rff:Ks|Js|Qs:2|-1|-1:Bob|Charlie|Alice
STATE:785:ccrfc:Js|Ks|As:-1|-2|3:Charlie|Alice|Bob
STATE:786:rcf:Qs|Ks|Js:-2|3|-1:Alice|Bob|Charlie
STATE:787:rff:Ks|Js|Qs:2|-1|-1:Bob|Charlie|Alice
STATE:788:crcf:Qs|Js|As:-1|-2|3:Charlie|Alice|Bob
STATE:789:crff:Js|As|Ks:-1|2|-1:Alice|Bob|Charlie
STATE:790:rff:As|Js|Qs:2|-1|-1:Bob|Charlie|Alice
STATE:791:crcf:Js|As|Qs:-1|3|-2:Charlie|Alice|Bob
STATE:792:crcc:Ks|Qs|As:-2|-2|4:Alice|Bob|Charlie
STATE:793:rfc:Qs|Ks|As:-2|-1|3:Bob|Charlie|Alice
STATE:794:ccrff:Js|Qs|Ks:-1|-1|2:Charlie|Alice|Bob
STATE:795:crcf:Js|Qs|As:-1|-2|3:Alice|Bob|Charlie
STATE:796:rfc:Js|Qs|Ks:-2|-1|3:Bob|Charlie|Alice
STATE:797:rfc:As|Js|Qs:3|-1|-2:Charlie|Alice|Bob
STATE:798:rcc:Js|Ks|As:-2|-2|4:Alice|Bob|Charlie
STATE:799:rff:Js|Ks|Qs:2|-1|-1:Bob|Charlie|Alice
STATE:800:rfc:As|Js|Qs:3|-1|-2:Charlie|Alice|Bob
STATE:801:crcf:Qs|Js|As:-1|-2|3:Alice|Bob|Charlie
STATE:802:rff:Js|Ks|Qs:2|-1|-1:Bob|Charlie|Alice
STATE:803:rcf:Ks|As|Js:-2|3|-1:Charlie|Alice|Bob
STATE:804:rcf:As|Ks|Qs:3|-2|-1:Alice|Bob|Charlie
STATE:805:rff:Ks|Qs|Js:2|-1|-1:Bob|Charlie|Alice
STATE:806:ccrff:Qs|Js|Ks:-1|-1|2:Charlie|Alice|Bob
STATE:807:crfc:Ks|As|Qs:-2|3|-1:Alice|Bob|Charlie
STATE:808:rcf:Qs|Ks|Js:-2|3|-1:Bob|Charlie|Alice
STATE:809:crcf:Js|As|Ks:-1|3|-2:Charlie|Alice|Bob
STATE:810:rcf:Ks|As|Js:-2|3|-1:Alice|Bob|Charlie
STATE:811:rff:As|Ks|Js:2|-1|-1:Bob|Charlie|Alice
STATE:812:crff:Ks|As|Js:-1|2|-1:Charlie|Alice|Bob
STATE:813:rcf:Qs|Ks|Js:-2|3|-1:Alice|Bob|Charlie
STATE:814:rcf:Js|As|Qs:-2|3|-1:Bob|Charlie|Alice
STATE:815:crff:Qs|As|Js:-1|2|-1:Charlie|Alice|Bob
STATE:816:crff:Js|Ks|Qs:-1|2|-1:Alice|Bob|Charlie
STATE:817:rcc:Js|As|Ks:-2|4|-2:Bob|Charlie|Alice
STATE:818:ccrfc:Qs|Ks|As:-1|-2|3:Charlie|Alice|Bob
STATE:819:crcc:Ks|Js|As:-2|-2|4:Alice|Bob|Charlie
STATE:820:rcc:Qs|As|Ks:-2|4|-2:Bob|Charlie|Alice
STATE:821:rfc:As|Qs|Ks:3|-1|-2:Charlie|Alice|Bob
STATE:822:rcc:Js|Qs|As:-2|-2|4:Alice|Bob|Charlie
STATE:823:rfc:Js|Qs|Ks:-2|-1|3:Bob|Charlie|Alice
STATE:824:ccrfc:Qs|Ks|Js:-1|3|-2:Charlie|Alice|Bob
STATE:825:rcf:As|Ks|Qs:3|-2|-1:Alice|Bob|Charlie
STATE:826:rff:Ks|Js|Qs:2|-1|-1:Bob|Charlie|Alice
STATE:827:crff:Ks|Qs|Js:-1|2|-1:Charlie|Alice|Bob
STATE:828:crff:Qs|Js|Ks:-1|2|-1:Alice|Bob|Charlie
STATE:829:rcc:Qs|Ks|As:-2|-2|4:Bob|Charlie|Alice
STATE:830:ccrff:Qs|Js|As:-1|-1|2:Charlie|Alice|Bob
STATE:831:crfc:As|Qs|Ks:3|-2|-1:Alice|Bob|Charlie
STATE:832:rfc:As|Js|Ks:3|-1|-2:Bob|Charlie|Alice
STATE:833:crcf:Ks|Qs|As:-1|-2|3:Charlie|Alice|Bob
STATE:834:rcc:Ks|Qs|As:-2|-2|4:Alice|Bob|Charlie
STATE:835:rff:As|Js|Qs:2|-1|-1:Bob|Charlie|Alice
STATE:836:rfc:As|Qs|Ks:3|-1|-2:Charlie|Alice|Bob
STATE:837:rfc:Qs|Js|As:-2|-1|3:Alice|Bob|Charlie
STATE:838:rff:As|Js|Qs:2|-1|-1:Bob|Charlie|Alice
STATE:839:rcf:As|Ks|Js:3|-2|-1:Charlie|Alice|Bob
STATE:840:crff:Js|Qs|Ks:-1|2|-1:Alice|Bob|Charlie
STATE:841:rff:Qs|Ks|Js:2|-1|-1:Bob|Charlie|Alice
STATE:842:crcf:Ks|Js|As:-1|-2|3:Charlie|Alice|Bob
STATE:843:crff:Qs|As|Js:-1|2|-1:Alice|Bob|Charlie
STATE:844:rff:As|Ks|Qs:2|-1|-1:Bob|Charlie|Alice
STATE:845:crff:Ks|As|Js:-1|2|-1:Charlie|Alice|Bob
STATE:846:crfc:As|Qs|Js:3|-2|-1:Alice|Bob|Charlie
STATE:847:rfc:Qs|Js|Ks:-2|-1|3:Bob|Charlie|Alice
STATE:848:rff:As|Qs|Js:2|-1|-1:Charlie|Alice|Bob
STATE:849:crcf:Js|Ks|As:-1|-2|3:Alice|Bob|Charlie
STATE:850:rff:Js|Ks|Qs:2|-1|-1:Bob|Charlie|Alice
STATE:851:crcf:Ks|As|Qs:-1|3|-2:Charlie|Alice|Bob
STATE:852:rcf:Ks|As|Js:-2|3|-1:Alice|Bob|Charlie
STATE:853:rfc:Ks|Js|As:-2|-1|3:Bob|Charlie|Alice
STATE:854:ccrfc:Js|Ks|As:-1|-2|3:Charlie|Alice|Bob
STATE:855:crcf:Js|Ks|As:-1|-2|3:Alice|Bob|Charlie
STATE:856:rfc:Qs|Ks|As:-2|-1|3:Bob|Charlie|Alice
STATE:857:crcf:Ks|Js|As:-1|-2|3:Charlie|Alice|Bob
STATE:858:rcc:Qs|Ks|As:-2|-2|4:Alice|Bob|Charlie
STATE:859:rfc:Js|Qs|Ks:-2|-1|3:Bob|Charlie|Alice
STATE:860:crff:Ks|Qs|Js:-1|2|-1:Charlie|Alice|Bob
STATE:861:rcc:Js|Ks|As:-2|-2|4:Alice|Bob|Charlie
STATE:862:rfc:Js|Qs|As:-2|-1|3:Bob|Charlie|Alice
STATE:863:ccrfc:Js|Ks|Qs:-1|3|-2:Charlie|Alice|Bob
STATE:864:rff:Ks|Js|Qs:2|-1|-1:Alice|Bob|Charlie
STATE:865:rff:As|Js|Qs:2|-1|-1:Bob|Charlie|Alice
STATE:866:rff:As|Qs|Js:2|-1|-1:Charlie|Alice|Bob
STATE:867:rcc:Js|Qs|As:-2|-2|4:Alice|Bob|Charlie
STATE:868:rff:Ks|Qs|Js:2|-1|-1:Bob|Charlie|Alice
STATE:869:crcf:Ks|As|Qs:-1|3|-2:Charlie|Alice|Bob
STATE:870:crff:Qs|As|Ks:-1|2|-1:Alice|Bob|Charlie
STATE:871:rfc:As|Js|Ks:3|-1|-2:Bob|Charlie|Alice
STATE:872:ccrfc:Qs|As|Ks:-1|3|-2:Charlie|Alice|Bob
STATE:873:crfc:As|Ks|Js:3|-2|-1:Alice|Bob|Charlie
STATE:874:rfc:Ks|Qs|As:-2|-1|3:Bob|Charlie|Alice
STATE:875:rfc:As|Qs|Ks:3|-1|-2:Charlie|Alice|Bob
STATE:876:crff:Js|As|Qs:-1|2|-1:Alice|Bob|Charlie
STATE:877:rff:As|Ks|Js:2|-1|-1:Bob|Charlie|Alice
STATE:878:rfc:As|Qs|Ks:3|-1|-2:Charlie|Alice|Bob
STATE:879:rcf:Qs|Ks|Js:-2|3|-1:Alice|Bob|Charlie
STATE:880:rfc:Qs|Js|As:-2|-1|3:Bob|Charlie|Alice
STATE:881:rff:As|Qs|Js:2|-1|-1:Charlie|Alice|Bob
STATE:882:crfc:As|Js|Ks:3|-2|-1:Alice|Bob|Charlie
STATE:883:rcc:Js|As|Ks:-2|4|-2:Bob|Charlie|Alice
STATE:884:ccrff:Js|Qs|Ks:-1|-1|2:Charlie|Alice|Bob
STATE:885:crff:Js|Qs|Ks:-1|2|-1:Alice|Bob|Charlie
STATE:886:rcc:Js|As|Ks:-2|4|-2:Bob|Charlie|Alice
STATE:887:crff:Qs|Ks|Js:-1|2|-1:Charlie|Alice|Bob
STATE:888:rcc:Js|Ks|As:-2|-2|4:Alice|Bob|Charlie
STATE:889:rfc:Qs|Js|As:-2|-1|3:Bob|Charlie|Alice
STATE:890:crcf:Qs|As|Ks:-1|3|-2:Charlie|Alice|Bob
STATE:891:rcf:Ks|As|Js:-2|3|-1:Alice|Bob|Charlie
STATE:892:rcc:Qs|As|Ks:-2|4|-2:Bob|Charlie|Alice
STATE:893:ccrff:Qs|Js|As:-1|-1|2:Charlie|Alice|Bob
STATE:894:crfc:As|Ks|Js:3|-2|-1:Alice|Bob|Charlie
STATE:895:rff:As|Ks|Qs:2|-1|-1:Bob|Charlie|Alice
STATE:896:crcf:Js|As|Ks:-1|3|-2:Charlie|Alice|Bob
STATE:897:crff:Js|Ks|Qs:-1|2|-1:Alice|Bob|Charlie
STATE:898:rcc:Qs|As|Ks:-2|4|-2:Bob|Charlie|Alice
STATE:899:rfc:As|Qs|Ks:3|-1|-2:Charlie|Alice|Bob
STATE:900:crff:Js|Qs|Ks:-1|2|-1:Alice|Bob|Charlie
STATE:901:rff:Ks|Js|Qs:2|-1|-1:Bob|Charlie|Alice
STATE:902:crcf:Ks|Js|Qs:-1|-2|3:Charlie|Alice|Bob
STATE:903:rcf:Js|As|Ks:-2|3|-1:Alice|Bob|Charlie
STATE:904:rff:As|Qs|Js:2|-1|-1:Bob|Charlie|Alice
STATE:905:ccrfc:Qs|Ks|Js:-1|3|-2:Charlie|Alice|Bob
STATE:906:crff:Js|Qs|Ks:-1|2|-1:Alice|Bob|Charlie
STATE:907:rcf:Ks|As|Js:-2|3|-1:Bob|Charlie|Alice
STATE:908:crcf:Ks|Qs|As:-1|-2|3:Charlie|Alice|Bob
STATE:909:rcf:As|Ks|Qs:3|-2|-1:Alice|Bob|Charlie
STATE:910:rcf:Ks|As|Js:-2|3|-1:Bob|Charlie|Alice
STATE:911:crcf:Qs|Js|As:-1|-2|3:Charlie|Alice|Bob
STATE:912:rcc:Js|Ks|As:-2|-2|4:Alice|Bob|Charlie
STATE:913:rff:As|Ks|Qs:2|-1|-1:Bob|Charlie|Alice
STATE:914:crcf:Qs|Ks|As:-1|-2|3:Charlie|Alice|Bob
STATE:915:rcf:Js|Ks|Qs:-2|3|-1:Alice|Bob|Charlie
STATE:916:rfc:As|Qs|Ks:3|-1|-2:Bob|Charlie|Alice
STATE:917:crff:Qs|Ks|Js:-1|2|-1:Charlie|Alice|Bob
STATE:918:rcf:Qs|Ks|Js:-2|3|-1:Alice|Bob|Charlie
STATE:919:rff:Qs|Ks|Js:2|-1|-1:Bob|Charlie|Alice
STATE:920:crcf:Ks|Qs|As:-1|-2|3:Charlie|Alice|Bob
STATE:921:crff:Js|Ks|Qs:-1|2|-1:Alice|Bob|Charlie
STATE:922:rfc:Qs|Js|As:-2|-1|3:Bob|Charlie|Alice
STATE:923:rcf:As|Ks|Js:3|-2|-1:Charlie|Alice|Bob
STATE:924:rcf:Ks|As|Js:-2|3|-1:Alice|Bob|Charlie
STATE:925:rfc:As|Js|Ks:3|-1|-2:Bob|Charlie|Alice
STATE:926:crcf:Qs|As|Ks:-1|3|-2:Charlie|Alice|Bob
STATE:927:crfc:As|Qs|Js:3|-2|-1:Alice|Bob|Charlie
STATE:928:rff:Qs|Ks|Js:2|-1|-1:Bob|Charlie|Alice
STATE:929:crcf:Js|As|Qs:-1|3|-2:Charlie|Alice|Bob
STATE:930:crcc:Ks|Js|As:-2|-2|4:Alice|Bob|Charlie
STATE:931:rfc:Js|Qs|Ks:-2|-1|3:Bob|Charlie|Alice
STATE:932:rfc:As|Js|Qs:3|-1|-2:Charlie|Alice|Bob
STATE:933:rcf:Js|Qs|Ks:-2|3|-1:Alice|Bob|Charlie
STATE:934:rcc:Qs|As|Ks:-2|4|-2:Bob|Charlie|Alice
STATE:935:crcf:Js|Qs|Ks:-1|-2|3:Charlie|Alice|Bob
STATE:936:crfc:As|Qs|Js:3|-2|-1:Alice|Bob|Charlie
STATE:937:rcf:Ks|As|Qs:-2|3|-1:Bob|Charlie|Alice
STATE:938:rff:Ks|Qs|Js:2|-1|-1:Charlie|Alice|Bob
STATE:939:rfc:Qs|Js|As:-2|-1|3:Alice|Bob|Charlie
STATE:940:rff:Qs|Ks|Js:2|-1|-1:Bob|Charlie|Alice
STATE:941:crcf:Ks|As|Qs:-1|3|-2:Charlie|Alice|Bob
STATE:942:crcf:Js|Qs|As:-1|-2|3:Alice|Bob|Charlie
STATE:943:rff:Js|Ks|Qs:2|-1|-1:Bob|Charlie|Alice
STATE:944:rcf:As|Ks|Js:3|-2|-1:Charlie|Alice|Bob
STATE:945:crff:Js|Qs|Ks:-1|2|-1:Alice|Bob|Charlie
STATE:946:rff:As|Qs|Js:2|-1|-1:Bob|Charlie|Alice
STATE:947:rfc:As|Js|Qs:3|-1|-2:Charlie|Alice|Bob
STATE:948:rcf:Qs|As|Js:-2|3|-1:Alice|Bob|Charlie
STATE:949:rfc:Js|Qs|Ks:-2|-1|3:Bob|Charlie|Alice
STATE:950:crcf:Ks|As|Qs:-1|3|-2:Charlie|Alice|Bob
STATE:951:rcf:As|Qs|Js:3|-2|-1:Alice|Bob|Charlie
STATE:952:rcf:Qs|As|Js:-2|3|-1:Bob|Charlie|Alice
STATE:953:ccrfc:Qs|As|Ks:-1|3|-2:Charlie|Alice|Bob
STATE:954:crfc:Ks|As|Js:-2|3|-1:Alice|Bob|Charlie
STATE:955:rfc:As|Js|Ks:3|-1|-2:Bob|Charlie|Alice
STATE:956:crcf:Js|Qs|Ks:-1|-2|3:Charlie|Alice|Bob
STATE:957:rff:As|Js|Ks:2|-1|-1:Alice|Bob|Charlie
STATE:958:rfc:Qs|Js|Ks:-2|-1|3:Bob|Charlie|Alice
STATE:959:crff:Ks|Qs|Js:-1|2|-1:Charlie|Alice|Bob
STATE:960:crff:Js|As|Ks:-1|2|-1:Alice|Bob|Charlie
STATE:961:rcf:Qs|As|Js:-2|3|-1:Bob|Charlie|Alice
STATE:962:crcf:Qs|Ks|As:-1|-2|3:Charlie|Alice|Bob
STATE:963:crff:Qs|Ks|Js:-1|2|-1:Alice|Bob|Charlie
STATE:964:rfc:Qs|Js|As:-2|-1|3:Bob|Charlie|Alice
STATE:965:rfc:Ks|Qs|As:-2|-1|3:Charlie|Alice|Bob
STATE:966:rcf:Js|Qs|Ks:-2|3|-1:Alice|Bob|Charlie
STATE:967:rfc:Js|Qs|Ks:-2|-1|3:Bob|Charlie|Alice
STATE:968:crcf:Ks|As|Qs:-1|3|-2:Charlie|Alice|Bob
STATE:969:crfc:As|Js|Ks:3|-2|-1:Alice|Bob|Charlie
STATE:970:rfc:Js|Qs|As:-2|-1|3:Bob|Charlie|Alice
STATE:971:ccrff:Qs|Js|As:-1|-1|2:Charlie|Alice|Bob
STATE:972:crfc:As|Qs|Ks:3|-2|-1:Alice|Bob|Charlie
STATE:973:rff:As|Ks|Qs:2|-1|-1:Bob|Charlie|Alice
STATE:974:rfc:Ks|Js|Qs:3|-1|-2:Charlie|Alice|Bob
STATE:975:rff:As|Js|Qs:2|-1|-1:Alice|Bob|Charlie
STATE:976:rff:Ks|Qs|Js:2|-1|-1:Bob|Charlie|Alice
STATE:977:rfc:As|Qs|Ks:3|-1|-2:Charlie|Alice|Bob
STATE:978:crfc:As|Ks|Js:3|-2|-1:Alice|Bob|Charlie
STATE:979:rfc:Qs|Js|Ks:-2|-1|3:Bob|Charlie|Alice
STATE:980:rfc:As|Js|Qs:3|-1|-2:Charlie|Alice|Bob
STATE:981:rcf:Qs|As|Js:-2|3|-1:Alice|Bob|Charlie
STATE:982:rff:As|Qs|Js:2|-1|-1:Bob|Charlie|Alice
STATE:983:crff:Ks|Qs|Js:-1|2|-1:Charlie|Alice|Bob
STATE:984:crfc:Ks|As|Js:-2|3|-1:Alice|Bob|Charlie
STATE:985:rfc:Ks|Js|As:-2|-1|3:Bob|Charlie|Alice
STATE:986:crcf:Ks|As|Qs:-1|3|-2:Charlie|Alice|Bob
STATE:987:crfc:As|Js|Ks:3|-2|-1:Alice|Bob|Charlie
STATE:988:rfc:Js|Ks|As:-2|-1|3:Bob|Charlie|Alice
STATE:989:crcf:Qs|Js|As:-1|-2|3:Charlie|Alice|Bob
STATE:990:crfc:As|Ks|Qs:3|-2|-1:Alice|Bob|Charlie
STATE:991:rff:As|Qs|Js:2|-1|-1:Bob|Charlie|Alice
STATE:992:crcf:Ks|Js|Qs:-1|-2|3:Charlie|Alice|Bob
STATE:993:rfc:Ks|Js|As:-2|-1|3:Alice|Bob|Charlie
STATE:994:rcf:Qs|As|Js:-2|3|-1:Bob|Charlie|Alice
STATE:995:rfc:As|Qs|Ks:3|-1|-2:Charlie|Alice|Bob
STATE:996:rcc:Js|Qs|As:-2|-2|4:Alice|Bob|Charlie
STATE:997:rff:As|Js|Qs:2|-1|-1:Bob|Charlie|Alice
STATE:998:rfc:As|Js|Qs:3|-1|-2:Charlie|Alice|Bob
STATE:999:crcc:Ks|Qs|As:-2|-2|4:Alice|Bob|Charlie
SCORE:91|-165|74:Alice|Bob|Charlie
