# name/game/hands/seed matchName holdem.limit.2p.reverse_blinds.game 1000 0
#--t_response 600000
#--t_hand 600000
#--t_per_hand 7000
STATE:0:rc/crrf:5d5c|9hQd/8dAs8s:30|-30:Alice|Bob
STATE:1:crf:6sKs|5dJd:10|-10:Bob|Alice
STATE:2:rc/rrc/crrrf:Ah8s|2h4c/Qd7h6c/4s:-80|80:Alice|Bob
STATE:3:rc/rc/crrrrc/crrc:4s8s|6hJd/QhJs9d/Qc/9h:-150|150:Bob|Alice
STATE:4:rc/cc/cc/cc:5s4c|Kc7d/KsAsJd/Th/7h:-20|20:Alice|Bob
STATE:5:rc/rc/rrrrc/rc:KhTh|8s7d/9c8d5c/Qd/Td:130|-130:Bob|Alice
STATE:6:rrc/rrrrf:Kc8h|5cAs/9dAh4d:-60|60:Alice|Bob
STATE:7:rrc/rf:Ah6c|2c3d/5d6hTc:30|-30:Bob|Alice
STATE:8:crrrc/cc/rc/rf:2hAd|Js7c/4d3s3c/Jh/7d:60|-60:Alice|Bob
STATE:9:cc/cc/cc/crc:Qd5h|9h2d/AsKs3h/Th/8c:30|-30:Bob|Alice
STATE:10:cc/crrrc/rrc/crrrf:KcAd|Jd5c/6s7c4h/Ks/Kh:-120|120:Alice|Bob
STATE:11:rrf:9dTc|9s4h:20|-20:Bob|Alice
STATE:12:rrc/rc/rrf:3hTs|AdQd/9d7h4h/Kd:-60|60:Alice|Bob
STATE:13:cc/rc/rf:8h9s|3d2s/7hJcKc/2d:20|-20:Bob|Alice
STATE:14:rrc/rf:2d3s|6sQh/5d8h4d:30|-30:Alice|Bob
STATE:15:cc/cc/rc/rc:3c4c|Th7s/5d6c8s/6h/3d:50|-50:Bob|Alice
STATE:16:crc/rrc/crc/crrrc:3c8d|Ks6c/Ad8c7s/Jd/8s:120|-120:Alice|Bob
STATE:17:cc/crrrrc/cc/rc:Kc7c|2s7d/As3h6s/Qc/7s:70|-70:Bob|Alice
STATE:18:rrrc/rc/rf:AsJh|8d2c/7dAh5c/3s:50|-50:Alice|Bob
STATE:19:rrrc/rc/crc/rc:2h6d|7dKc/5sAs6h/6s/Jd:90|-90:Bob|Alice
STATE:20:crrrc/cc/rc/rc:5cAs|2s7h/KsQcTh/Qd/Qh:80|-80:Alice|Bob
STATE:21:cc/rrrc/cc/cc:9sTs|7d4h/5c4sAh/4c/7c:-40|40:Bob|Alice
STATE:22:rrc/cc/cc/rc:5sJh|8dTh/5c2d5d/Tc/Ad:50|-50:Alice|Bob
STATE:23:rc/crc/rrc/rrrc:6c7s|AcTh/TsAhQh/5s/As:-130|130:Bob|Alice
STATE:24:rc/crrrrc/rrc/rrc:9d3h|Qh6s/6hQc7d/2c/4s:-140|140:Alice|Bob
STATE:25:cc/rrc/cc/cc:2s3d|7dTs/Ad4hJh/9c/6c:-30|30:Bob|Alice
STATE:26:rrrc/cc/rc/cc:5dJs|9h4h/4sTh3d/3s/7d:-60|60:Alice|Bob
STATE:27:cc/cc/cc/crc:2d2s|8s4d/TcAd5d/2c/3h:-30|30:Bob|Alice
STATE:28:crrc/cc/cc/rrrc:AdTd|Qd2c/2d7d6c/9d/Jh:90|-90:Alice|Bob
STATE:29:crc/rrf:8s2d|8h9d/7h5c7s:-30|30:Bob|Alice
STATE:30:rf:3c2s|4sTs:-10|10:Alice|Bob
STATE:31:rf:Jd9c|6s8s:-10|10:Bob|Alice
STATE:32:crc/rc/rc/rc:QsKd|7c7d/2c2d6c/6h/Jd:-70|70:Alice|Bob
STATE:33:crrrc/rc/rrrc/rrc:Th5d|Qs8h/7sAcJs/Td/7h:150|-150:Bob|Alice
STATE:34:rrrc/cc/rc/crf:7hAc|AdAs/Jh3s5d/Kh/7c:-60|60:Alice|Bob
STATE:35:cc/rrrrc/rrc/rrrrc:AsAh|2dQs/4s7dTs/Kd/5s:170|-170:Bob|Alice
STATE:36:cc/rrc/rc/rc:AhQc|8c5c/4dAs4h/4s/6d:70|-70:Alice|Bob
STATE:37:crf:KcQd|8sJc:10|-10:Bob|Alice
STATE:38:f:Ad6s|Qh8h:5|-5:Alice|Bob
STATE:39:rc/rrc/rrc/cc:9sTc|6cAs/3d6s2d/Ac/Jc:-80|80:Bob|Alice
STATE:40:cc/rrc/crc/rrrrc:5d6s|8hKc/Kd3d2h/8d/Td:130|-130:Alice|Bob
STATE:41:rc/rrrc/rrrrf:4d6d|9s6s/7dJd5c/Ad:-110|110:Bob|Alice
STATE:42:rrrc/rrc/rc/rf:ThQh|Kc8s/2d3h9s/4s/2c:80|-80:Alice|Bob
STATE:43:cc/rc/rrrrc/crc:7s8h|9h4c/Ts9s6d/4d/5c:120|-120:Bob|Alice
STATE:44:crc/rc/crrc/cc:9c6h|3dJh/AhTs9d/7s/7h:70|-70:Alice|Bob
STATE:45:rrrc/rf:5c3s|7c8h/9sKh8s:40|-40:Bob|Alice
STATE:46:rrrf:8hJd|5cQh:-30|30:Alice|Bob
STATE:47:cc/rc/cc/crc:Qc2s|JsAh/9d8s2h/6s/Jh:-40|40:Bob|Alice
STATE:48:rrc/rc/rc/crrc:5cJc|Jd4c/3hAc4d/3d/6s:-100|100:Alice|Bob
STATE:49:rc/rc/rrc/rc:QhTd|Js3c/9cQc5d/Ad/Kd:90|-90:Bob|Alice
STATE:50:crrrc/rc/rc/crc:Tc5d|JsAd/4h7s8s/9c/3d:-90|90:Alice|Bob
STATE:51:rc/rc/rrc/cc:Ah7c|AsKc/7d2c8c/Jh/Jd:70|-70:Bob|Alice
STATE:52:rc/rc/crc/cc:5cJh|Th8h/8s9d6c/5d/8d:-50|50:Alice|Bob
STATE:53:cc/cc/cc/rc:Qd5c|3h6d/AsTd8d/Kh/Qc:30|-30:Bob|Alice
STATE:54:cc/rrc/cc/crrc:7s4h|7h9d/8d2dQs/2s/6d:-70|70:Alice|Bob
STATE:55:cc/crc/rrrrc/cc:8c6s|Tc8h/Qc2h8s/7h/6c:100|-100:Bob|Alice
STATE:56:cc/crc/crrrrc/rrrc:Ks7d|9hTs/Jd4h9c/3c/6h:-160|160:Alice|Bob
STATE:57:crrrc/rrrc/cc/cc:5cAh|9dTh/As3dTs/Kh/9h:-70|70:Bob|Alice
STATE:58:crrrc/crf:2c9h|5hKh/JdKsAs:-40|40:Alice|Bob
STATE:59:cc/rc/cc/crrrrc:4dTd|9s9c/TcJcKh/5s/7h:100|-100:Bob|Alice
STATE:60:f:5s9s|3c4c:5|-5:Alice|Bob
STATE:61:rrrc/cc/cc/cc:Jd5d|4s4d/6c8h7s/Jh/7h:40|-40:Bob|Alice
STATE:62:rrc/rc/rc/crrc:5s2s|Kh2c/6d8hQs/Ah/Ks:-100|100:Alice|Bob
STATE:63:crrc/cc/cc/rc:7c5s|9c2c/QdKh9d/Jd/Kc:-50|50:Bob|Alice
STATE:64:crrrc/rc/rrc/crf:7c9d|8s9h/2cTsTh/4c/Ad:-90|90:Alice|Bob
STATE:65:f:8h7h|Ah2s:5|-5:Bob|Alice
STATE:66:cc/rc/rc/rrf:QhAd|5s3h/2h2cTc/6h/2s:-60|60:Alice|Bob
STATE:67:f:4d6d|9hJc:5|-5:Bob|Alice
STATE:68:crc/rrrrc/cc/rrc:7h6d|6h4d/3cJd7d/8s/Kc:100|-100:Alice|Bob
STATE:69:rrrc/crrrc/cc/cc:Jh4c|9d2d/6dTh5s/As/Kd:70|-70:Bob|Alice
STATE:70:cc/rrc/crc/rrc:Ah4d|JhTs/AsKh5s/6d/2c:90|-90:Alice|Bob
STATE:71:rc/cc/rrrc/rrc:6c5h|8h2s/5sQd4h/Js/9c:120|-120:Bob|Alice
STATE:72:rc/rc/crrrc/rrc:3c3s|7c3h/2s8s5s/9s/4c:130|-130:Alice|Bob
STATE:73:rc/cc/crrrrc/cc:3s5d|Kh2h/3h2d9h/8d/9d:100|-100:Bob|Alice
STATE:74:f:5c3c|2dJh:5|-5:Alice|Bob
STATE:75:rc/crc/rc/crrrc:Kc7s|2s6d/4hQdKh/Ah/Kd:110|-110:Bob|Alice
STATE:76:crf:Qh9s|Tc5d:10|-10:Alice|Bob
STATE:77:rrrc/rc/cc/cc:JsTd|5s2c/AsAcTc/Ah/8h:50|-50:Bob|Alice
STATE:78:cc/cc/crc/rf:As8s|4cQc/Ad6hKh/Kd/8d:30|-30:Alice|Bob
STATE:79:rc/rrrc/crrc/crc:3c6h|3dKc/5hJc3h/9s/8h:-110|110:Bob|Alice
STATE:80:rc/cc/cc/rc:6d6s|Tc6c/4c8s7s/Js/4d:40|-40:Alice|Bob
STATE:81:rc/rc/cc/rc:5s6s|7c3s/Qd4dQc/2c/6c:50|-50:Bob|Alice
STATE:82:cc/crrrc/rrrrf:2sQs|2c7d/AhAd8c/9h:-100|100:Alice|Bob
STATE:83:rrrc/rc/cc/cc:8dTc|2h6c/Qs4c2s/Td/6h:-50|50:Bob|Alice
STATE:84:cc/cc/crrc/rrc:Ah9d|5c6c/Ts9s4c/Qh/4d:90|-90:Alice|Bob
STATE:85:cc/rrrc/cc/crrrrc:3d8h|5d2s/4s9cQs/7h/As:120|-120:Bob|Alice
STATE:86:rc/rc/crf:6d8h|6h6c/Ts2sQc/3d:-30|30:Alice|Bob
STATE:87:rc/cc/rrrc/rc:AdAc|8d8s/2cKhTs/8c/Qh:-100|100:Bob|Alice
STATE:88:crf:Jh2c|2hKc:10|-10:Alice|Bob
STATE:89:cc/crc/rrrrf:JsKc|JdQh/Ts9c5d/6c:-80|80:Bob|Alice
STATE:90:crrrc/crrc/crc/crc:2sTs|Kd6s/9dTh6h/2c/3d:100|-100:Alice|Bob
STATE:91:rc/rc/rc/rrrc:7d9h|JdKc/KhQdJc/Ts/Td:110|-110:Bob|Alice
STATE:92:rrrf:8hJc|JhAc:-30|30:Alice|Bob
STATE:93:rc/rrf:Jh2d|2c5h/AdKdTd:-30|30:Bob|Alice
STATE:94:cc/cc/cc/rc:Tc3s|9s4h/Td8d5c/Qh/Jd:-30|30:Alice|Bob
STATE:95:rc/rrrrc/rrc/rc:9dAd|5sTc/AhJd3d/Jc/5c:120|-120:Bob|Alice
STATE:96:rc/cc/rc/cc:4sQh|8dTc/QcJsAh/Jd/3c:40|-40:Alice|Bob
STATE:97:cc/rrrc/rrc/rc:Qd9h|AsAd/3d4s6s/2h/9d:-100|100:Bob|Alice
STATE:98:crc/crrrc/cc/rc:QsQc|7cQh/Kd6h3h/Kh/5d:70|-70:Alice|Bob
STATE:99:cc/rc/cc/rc:4cTs|Qs9s/9h5d8d/6c/6d:-40|40:Bob|Alice
STATE:100:rrf:Qd2c|3cKh:20|-20:Alice|Bob
STATE:101:f:Qs6d|7s7h:5|-5:Bob|Alice
STATE:102:crrrc/rrrrc/cc/rrc:JsKc|5dTh/6sQsJh/2c/4h:120|-120:Alice|Bob
STATE:103:rc/crc/cc/rc:Js5h|Td3h/6cQdKc/9d/3s:-50|50:Bob|Alice
STATE:104:rrc/rc/rrc/rc:Qs8d|9c8h/5hKh3c/6h/Kc:100|-100:Alice|Bob
STATE:105:rrc/rc/cc/rrc:Th6d|5s4d/5cJc8c/6h/9s:80|-80:Bob|Alice
STATE:106:rrrc/rc/rc/cc:Qd7c|3d8c/Th3cJs/Ac/9d:-70|70:Alice|Bob
STATE:107:rrc/crrf:JsTc|Jd5s/ThTsKd:40|-40:Bob|Alice
STATE:108:rrc/rrc/cc/rc:4hJc|5s6h/9d3dQc/7s/Qh:70|-70:Alice|Bob
STATE:109:rf:2d5d|4s4c:-10|10:Bob|Alice
STATE:110:rc/rrc/rf:8c7c|3d2h/Qs7dTc/Th:40|-40:Alice|Bob
STATE:111:cc/rc/rrrf:AcQc|5sKh/As8sKs/6c:60|-60:Bob|Alice
STATE:112:cc/rc/crrc/rrc:8d9s|9d7h/2hJh6h/5c/As:100|-100:Alice|Bob
STATE:113:crf:Ad6s|3c6h:10|-10:Bob|Alice
STATE:114:crrc/cc/crc/crrc:9sKc|3sAs/4s5d8d/5h/8s:-90|90:Alice|Bob
STATE:115:f:3d2s|9cKh:5|-5:Bob|Alice
STATE:116:rrc/cc/crrrrc/crrc:Jc6h|9s9h/3hAdAs/Ac/7d:-150|150:Alice|Bob
STATE:117:rrf:AhTd|6c3c:20|-20:Bob|Alice
STATE:118:crrrc/rrrc/rf:Js8d|Jc6c/6s9d6h/2s:70|-70:Alice|Bob
STATE:119:rc/cc/rrrc/crrc:Tc7s|Ac7d/Ad3d5s/9h/As:-120|120:Bob|Alice
STATE:120:cc/cc/rc/rrrc:Td6s|6cJs/8hJdAh/8c/9h:-90|90:Alice|Bob
STATE:121:cc/rc/rc/rrrrc:5cTs|4d7c/3hTdKs/7h/9d:120|-120:Bob|Alice
STATE:122:crc/rc/crrf:2c2h|Ah7h/4hTs5d/Jc:50|-50:Alice|Bob
STATE:123:rrrc/rrrrc/cc/rrc:9c5d|KhAh/Qh4c4s/Qc/2d:-120|120:Bob|Alice
STATE:124:crrrc/rrrc/crc/crc:Qh6c|9s5d/8d8sJd/Kd/8h:110|-110:Alice|Bob
STATE:125:f:Tc6c|8c6d:5|-5:Bob|Alice
STATE:126:rc/crrrrc/crc/crrrrc:As9d|3d9c/Qh8cKc/2h/4h:160|-160:Alice|Bob
STATE:127:rc/crc/crc/crrrrc:QcKd|3d9c/KhJdQd/7c/Ah:130|-130:Bob|Alice
STATE:128:cc/cc/rrf:Kc8d|2cKd/6c5dTh/4c:-30|30:Alice|Bob
STATE:129:rc/rc/rc/rrf:As5d|4hQs/8sKh6c/Jh/4c:-70|70:Bob|Alice
STATE:130:crc/rc/rrrrc/rc:7s8d|Ad3s/4c2hJc/7c/9c:130|-130:Alice|Bob
STATE:131:cc/rf:2hJh|JdKs/3c5hKh:10|-10:Bob|Alice
STATE:132:crc/cc/rc/cc:9d2c|Qh8d/2d9s7c/3d/Ks:40|-40:Alice|Bob
STATE:133:cc/rc/rrc/rf:9dJc|6dJh/6c7c9c/Qd/Ks:60|-60:Bob|Alice
STATE:134:rrc/rrrc/rc/cc:Tc8c|5d9h/AhTs7h/8h/Kd:80|-80:Alice|Bob
STATE:135:crrc/cc/rrf:9d2s|6c8c/5c6sJd/Th:-50|50:Bob|Alice
STATE:136:crc/crc/cc/crc:2d3d|5sQh/3c4c2c/8h/Ks:50|-50:Alice|Bob
STATE:137:f:3d5h|QsTd:5|-5:Bob|Alice
STATE:138:cc/cc/crc/rf:TsQd|5hTd/3c5dJd/5s/2s:30|-30:Alice|Bob
STATE:139:f:3c5d|5c7s:5|-5:Bob|Alice
STATE:140:crf:6s4s|2dKd:10|-10:Alice|Bob
STATE:141:f:Ah7c|QsJc:5|-5:Bob|Alice
STATE:142:rrrc/crc/rc/crc:5c2s|Qc7c/TsAs3s/6d/6h:-90|90:Alice|Bob
STATE:143:cc/cc/cc/rrrc:5c8s|Js6s/TcTh3h/9d/4c:-70|70:Bob|Alice
STATE:144:rc/cc/crc/rc:Qh6s|AdKs/9dJd2s/Ah/Qd:-60|60:Alice|Bob
STATE:145:rrc/rrc/rc/cc:2c9s|Jh2s/4cJs6s/9d/Kh:-70|70:Bob|Alice
STATE:146:cc/cc/rc/rc:5d6c|7d6d/5cKd6s/3c/2c:50|-50:Alice|Bob
STATE:147:crc/crrc/cc/rc:AdKh|6h5s/4cJh5d/Jc/Th:-60|60:Bob|Alice
STATE:148:crc/rc/cc/cc:2d5d|Kc6d/9d4s7h/4c/Ac:-30|30:Alice|Bob
STATE:149:cc/crrc/rc/cc:As9d|5c3h/3c7cQd/Ac/Jh:50|-50:Bob|Alice
STATE:150:crc/cc/rc/crc:Td5d|AsJs/8s3dKc/5s/9h:60|-60:Alice|Bob
STATE:151:rrc/rc/crrc/crc:KsKh|2c5h/2hJh5d/As/Th:-100|100:Bob|Alice
STATE:152:f:JcQd|7c3s:5|-5:Alice|Bob
STATE:153:crf:2s3s|Qs8c:10|-10:Bob|Alice
STATE:154:f:5h5d|4d2s:5|-5:Alice|Bob
STATE:155:rrc/rrc/rc/rrc:TcAd|Qs7d/8c9c5h/Kc/7s:-110|110:Bob|Alice
STATE:156:rrc/cc/crrrrc/cc:4c7h|4s9d/Jh5h8d/8h/5s:0|0:Alice|Bob
STATE:157:rrf:5c3s|Jc4s:20|-20:Bob|Alice
STATE:158:rc/crrc/rrc/rrrrf:5h6s|Kc6c/2c8h9s/5d/Kd:-140|140:Alice|Bob
STATE:159:rrrc/crrc/crc/cc:Ah8d|9s7h/5c7s3h/6d/4d:80|-80:Bob|Alice
STATE:160:rc/crc/cc/cc:3d3s|7cTs/2h2sKs/8c/Ad:30|-30:Alice|Bob
STATE:161:rc/rrc/rrc/rc:Qh4c|6dAc/KcQs4d/3h/9h:100|-100:Bob|Alice
STATE:162:cc/rrrrc/crrrrc/rc:4cQd|Td4h/6d3d5s/Js/6c:150|-150:Alice|Bob
STATE:163:rc/cc/cc/rc:2c8s|8cJc/Th5c9h/Qs/7h:-40|40:Bob|Alice
STATE:164:rc/crc/rrc/rrc:Qc6d|3h5s/7hAs8d/Kc/Jc:110|-110:Alice|Bob
STATE:165:rrc/crc/cc/crrrf:9dJs|Qh3d/Jc3h8h/5h/8c:-80|80:Bob|Alice
STATE:166:cc/rc/crrrc/cc:8dKd|Ac9h/Th2c6d/4d/Ts:-80|80:Alice|Bob
STATE:167:cc/crc/rc/crc:KsTd|7s2d/4d8h8d/4s/9s:60|-60:Bob|Alice
STATE:168:rrc/cc/rrrrc/rrc:AdQd|3d3c/2dAh4c/Qs/Tc:150|-150:Alice|Bob
STATE:169:rc/crrrc/cc/cc:8d6c|Tc3s/7c3h7s/5s/Jc:-50|50:Bob|Alice
STATE:170:rrc/rrrc/cc/rc:7h6c|AdKc/8sQd3d/Kh/5d:-80|80:Alice|Bob
STATE:171:crrrc/crrc/rrrrf:Ac7s|Td6c/2s7hAs/5d:-120|120:Bob|Alice
STATE:172:crrrc/rc/rrrc/cc:Kd5c|TsJh/6c5h3s/9s/4h:110|-110:Alice|Bob
STATE:173:rc/rrrc/crrrc/cc:Th5d|Js4h/Kd7sTc/6d/As:110|-110:Bob|Alice
STATE:174:rrc/rc/rc/crc:2d4h|Jd6s/7s3h4d/Ts/2s:80|-80:Alice|Bob
STATE:175:rc/rrc/rrrc/crc:5cJc|2c2h/5s8h4s/Kh/Ks:120|-120:Bob|Alice
STATE:176:cc/rrrrc/cc/crc:8c4s|TsKd/3h6s6d/8s/5h:70|-70:Alice|Bob
STATE:177:rrc/cc/crrc/crrrc:8hTs|2d3c/AdAc4h/4c/Js:0|0:Bob|Alice
STATE:178:rc/rc/cc/rc:8hAh|Kh3s/2hKs2c/Qd/7d:-50|50:Alice|Bob
STATE:179:rc/rrrrc/cc/cc:9h2c|4dQh/2dTd9c/Ah/6h:60|-60:Bob|Alice
STATE:180:cc/cc/rrrc/rrc:9d4d|6h7s/AhQs5h/7c/8c:-110|110:Alice|Bob
STATE:181:cc/rc/cc/cc:7cQc|6s6d/JhKs7h/9s/8s:20|-20:Bob|Alice
STATE:182:rrrc/crrrc/rrc/rrrc:6cTs|Jh4d/7h9sQc/As/3d:-170|170:Alice|Bob
STATE:183:rc/cc/crc/rrc:7c6d|TsJs/3sAh9c/3c/4d:-80|80:Bob|Alice
STATE:184:cc/rrf:8hQc|5s3s/KcKsTc:-20|20:Alice|Bob
STATE:185:crrc/rc/rc/rrc:Td6h|7c7h/Ts6cQd/4h/2c:100|-100:Bob|Alice
STATE:186:rc/rc/cc/cc:8c5c|Jc9c/TdAh9s/Qh/Kd:-30|30:Alice|Bob
STATE:187:rc/rf:QhJh|5h8s/Kh8d9c:20|-20:Bob|Alice
STATE:188:rc/rf:Qs7c|As2h/6d6cJh:20|-20:Alice|Bob
STATE:189:crc/cc/crf:Ac7h|8c6h/AhQh9d/9h:-20|20:Bob|Alice
STATE:190:cc/rrf:Ks6h|8dJs/8sKd5d:-20|20:Alice|Bob
STATE:191:rrc/crc/rrrrc/cc:9c4d|5cQs/6dQcQd/4s/Ks:-120|120:Bob|Alice
STATE:192:rrc/cc/cc/rc:Qh7h|JhTh/2hQc9c/9h/6d:50|-50:Alice|Bob
STATE:193:crc/crrrrc/crrc/crc:KhKd|4h2s/8hKs9d/4s/Qd:120|-120:Bob|Alice
STATE:194:rrc/crc/rc/rc:6dTs|2dJd/7d5hJs/5s/Qh:-80|80:Alice|Bob
STATE:195:rrrc/rrrrc/cc/rc:Jd9c|6sQh/3c8d8s/4d/5h:-100|100:Bob|Alice
STATE:196:cc/rrrf:JsKs|6h8h/5s2s2h:30|-30:Alice|Bob
STATE:197:cc/rc/cc/rrc:Ks9h|Qd3s/JhJsAd/2s/Kc:60|-60:Bob|Alice
STATE:198:cc/rc/cc/crrrf:5h9c|5cTc/7d4c4d/Ks/2h:-60|60:Alice|Bob
STATE:199:rrrc/rrc/rc/cc:6h9h|4d7s/JhThTd/8c/Kc:80|-80:Bob|Alice
STATE:200:rc/rc/crrrc/rc:7s3s|7c4h/ThQs4s/8h/Tc:-110|110:Alice|Bob
STATE:201:rc/cc/cc/cc:3dKd|9d2c/2hKhAd/6d/Js:20|-20:Bob|Alice
STATE:202:rrrf:9c7s|2d9s:-30|30:Alice|Bob
STATE:203:cc/crrrrc/cc/rc:9c6d|8s2d/AsAcQs/3h/2h:-70|70:Bob|Alice
STATE:204:rrc/cc/cc/rrc:2s5h|Tc3d/7s8sTh/Kc/Js:-70|70:Alice|Bob
STATE:205:cc/cc/cc/rc:Ts7c|Th7s/2c3s4h/Ad/8s:0|0:Bob|Alice
STATE:206:f:ThAs|Js4s:5|-5:Alice|Bob
STATE:207:rrc/crc/crrc/rrrc:2sQs|KcJd/4c6c3h/2d/4s:140|-140:Bob|Alice
STATE:208:crf:AcAh|9s9c:10|-10:Alice|Bob
STATE:209:crrc/rc/cc/crc:Js5c|2sTd/As2h3d/Kh/Ad:-60|60:Bob|Alice
STATE:210:crrrc/crrrc/crc/rrc:Qc6s|Js5h/4s4h8d/6h/5c:130|-130:Alice|Bob
STATE:211:rrrc/rc/crf:TdKs|2dAh/Qh4h9s/Qs:-50|50:Bob|Alice
STATE:212:f:Tc8c|9c6h:5|-5:Alice|Bob
STATE:213:cc/rc/cc/rc:3c6h|Jc7d/8d9d6c/3d/Kd:-40|40:Bob|Alice
STATE:214:f:2c6d|Kc8s:5|-5:Alice|Bob
STATE:215:cc/cc/rc/rrf:2s3s|Td9d/7sJd9h/Tc/Qh:-50|50:Bob|Alice
STATE:216:crc/rc/crc/crrrc:7d2h|9sQh/TsTd4s/Qs/5s:-110|110:Alice|Bob
STATE:217:rrrc/rc/crrc/rc:AhKs|Th8d/JsAs4s/6h/5h:110|-110:Bob|Alice
STATE:218:rrc/cc/rf:6s6c|Kd8d/2c7hJh/As:30|-30:Alice|Bob
STATE:219:rc/rrrrc/cc/cc:4sKc|4hAh/5s2d8s/5d/Kd:60|-60:Bob|Alice
STATE:220:cc/crrc/rc/crc:Th7h|7c5d/4s3sJd/7d/5s:-70|70:Alice|Bob
STATE:221:rrrc/rrrc/rc/rrrc:6sTs|7h9s/6c7cQs/Th/4s:150|-150:Bob|Alice
STATE:222:cc/crrc/crc/rrc:2d8h|Kc2s/8c3d9s/Ks/6c:-90|90:Alice|Bob
STATE:223:crc/rc/cc/rrrc:Tc3c|Kc7h/7dAd3h/Jd/Qd:-90|90:Bob|Alice
STATE:224:cc/rc/cc/rrc:3h3s|Ts2d/Jh5c9d/3c/8h:60|-60:Alice|Bob
STATE:225:cc/rrc/rrrf:2d4h|6d7d/TsQhQd/Ad:70|-70:Bob|Alice
STATE:226:cc/rc/crc/rc:AsKc|2cTs/5cAcKs/Td/Qh:60|-60:Alice|Bob
STATE:227:rc/cc/cc/rrc:6s7d|9s3c/5sQhTd/4c/2c:-60|60:Bob|Alice
STATE:228:rc/crrc/rc/rrc:Ac3s|5h2d/Jc7dQs/9d/4s:100|-100:Alice|Bob
STATE:229:rrc/crc/rrrrc/cc:JsJh|Kh6h/As6d3c/Qc/Ac:120|-120:Bob|Alice
STATE:230:crc/crc/crc/cc:2c9c|4d9d/6h6d3s/As/4h:-50|50:Alice|Bob
STATE:231:crc/rc/crc/rrrc:2h2d|3h6s/7c4hTc/3d/Ad:-110|110:Bob|Alice
STATE:232:cc/crc/cc/rrrrc:6c9s|JsTs/9c7cKd/Tc/2c:100|-100:Alice|Bob
STATE:233:crc/rrrrc/crf:Qs5h|TcKc/Jh9c2s/8s:-60|60:Bob|Alice
STATE:234:crc/rrrc/rrrrc/rc:Td6s|AdTc/8c4hKc/3c/3h:-150|150:Alice|Bob
STATE:235:cc/rrc/rc/cc:5s8c|6d4c/4d6c3d/7d/2s:50|-50:Bob|Alice
STATE:236:crrrf:8d5s|3s2d:30|-30:Alice|Bob
STATE:237:rc/rrrc/rrrrf:8h6c|KhAh/QsTd2h/Jc:-110|110:Bob|Alice
STATE:238:crc/crrc/cc/rrf:Js3s|6d8h/Kd2s3c/Qc/4d:-60|60:Alice|Bob
STATE:239:rc/crrrc/crc/crc:9sQd|8s6h/JdAs5c/3d/Js:90|-90:Bob|Alice
STATE:240:cc/rf:7c4s|Kh2d/AhQdQs:10|-10:Alice|Bob
STATE:241:cc/cc/cc/cc:6d6c|3c7h/3s4h5c/9c/2h:10|-10:Bob|Alice
STATE:242:crc/rrrrc/crc/rrc:3d8d|JdAd/7h9s9h/Ac/Js:-120|120:Alice|Bob
STATE:243:crc/rc/crc/crc:3s3h|9h8c/TsJcTh/Qd/4h:-70|70:Bob|Alice
STATE:244:f:8d7d|Ah9d:5|-5:Alice|Bob
STATE:245:rf:QcQs|7dQh:-10|10:Bob|Alice
STATE:246:cc/cc/rrrrc/crrc:KdJc|QdQs/6dJhAd/4c/Tc:-130|130:Alice|Bob
STATE:247:crrc/rc/cc/cc:QsAd|2h7s/ThJdJs/2s/4s:-40|40:Bob|Alice
STATE:248:crc/cc/crrrc/cc:Tc5d|4dKs/4cTsJc/3d/9c:80|-80:Alice|Bob
STATE:249:rc/crc/crrrc/rc:7c2d|Ks5s/4sAh9h/Qc/6c:-110|110:Bob|Alice
STATE:250:rrc/cc/rc/rrc:7h2c|Qd5h/Ah6dTc/Qs/4d:-90|90:Alice|Bob
STATE:251:rrrc/rc/rc/cc:Jh4c|AcTs/3d3c2d/9d/5d:-70|70:Bob|Alice
STATE:252:rc/cc/rrc/rrc:3c3s|Qh5h/JhKhQc/2c/7c:-100|100:Alice|Bob
STATE:253:cc/rc/rc/rrc:5s4s|KdTc/7s5c6h/Jh/2d:80|-80:Bob|Alice
STATE:254:rrrf:2s5s|6h7c:-30|30:Alice|Bob
STATE:255:rc/crc/rrrc/rc:8hAd|5c8s/5h7h2h/7c/Tc:-110|110:Bob|Alice
STATE:256:rf:7dJd|6s5d:-10|10:Alice|Bob
STATE:257:cc/rc/crc/rrc:9hJs|5c8d/Jh6d3c/4d/6s:80|-80:Bob|Alice
STATE:258:rrc/rrrf:6dAd|6h7s/4dTs4h:50|-50:Alice|Bob
STATE:259:f:JhTc|9c4s:5|-5:Bob|Alice
STATE:260:cc/crc/cc/cc:7h8s|5cJh/6h4d3h/Kh/7d:-20|20:Alice|Bob
STATE:261:crrf:JhKc|9c7s:-20|20:Bob|Alice
STATE:262:cc/cc/cc/crc:8s7s|4cKc/4dKs2d/9h/5h:-30|30:Alice|Bob
STATE:263:rrrf:9d2s|5sQh:-30|30:Bob|Alice
STATE:264:cc/cc/crc/cc:Jd2d|4dKc/7cKd2h/9c/4s:-30|30:Alice|Bob
STATE:265:rc/rrc/rrc/cc:QhKh|9s6s/3sJcKs/2s/Kc:-80|80:Bob|Alice
STATE:266:f:7sTs|9d2h:5|-5:Alice|Bob
STATE:267:cc/rrc/crrrc/crrrrc:3cTd|6dQc/5h2s3s/Ah/Js:170|-170:Bob|Alice
STATE:268:crc/crrc/rc/cc:5c4s|9h4d/2dQsQd/9s/5s:-60|60:Alice|Bob
STATE:269:rf:3d7s|2d9h:-10|10:Bob|Alice
STATE:270:rc/crc/crrc/crrrc:9s8h|AsTh/TcQcAc/5h/Ts:-130|130:Alice|Bob
STATE:271:f:JcJh|Th4d:5|-5:Bob|Alice
STATE:272:crc/crc/rc/crrf:3s8h|Td5d/5s8sKh/7s/2s:70|-70:Alice|Bob
STATE:273:rrrf:7dQh|9dQd:-30|30:Bob|Alice
STATE:274:rrc/crc/cc/crc:9dKh|Tc2h/8d2dKs/As/8c:60|-60:Alice|Bob
STATE:275:rc/rc/rrrrc/rrc:As9d|Ad5s/Ac7cQc/5d/Ts:-150|150:Bob|Alice
STATE:276:rc/cc/rrc/cc:3c2c|ThAc/Tc7sKc/Js/8s:-60|60:Alice|Bob
STATE:277:crrrc/cc/cc/crrrrc:Ts7h|Td3s/8cThAh/8d/3h:0|0:Bob|Alice
STATE:278:rc/rrc/crf:Jd5d|3c5s/7d4h6s/Ks:-40|40:Alice|Bob
STATE:279:crc/rc/crf:Kh3h|TsQc/Kd8s6s/4s:-30|30:Bob|Alice
STATE:280:crc/crrc/rrc/crrc:4h7h|8sQc/8hQdJd/3h/6c:-120|120:Alice|Bob
STATE:281:cc/crrc/cc/crrc:8sQs|4h6d/7sQhAh/Ts/Th:70|-70:Bob|Alice
STATE:282:crrc/cc/crrrrc/crrrc:As3s|Ks5h/2s5dJh/9s/6h:-170|170:Alice|Bob
STATE:283:rrc/rc/crrc/rc:Js7c|9d3s/KcAs3d/5h/3h:-100|100:Bob|Alice
STATE:284:rc/crc/rrc/crrc:AhTc|7s2d/7d9hQs/3d/As:110|-110:Alice|Bob
STATE:285:f:8h3d|6cQh:5|-5:Bob|Alice
STATE:286:rc/rf:Qs6d|8s5c/Ad3d8c:20|-20:Alice|Bob
STATE:287:cc/crrrrc/rc/cc:6c6d|8c8s/5dAhQc/3d/2s:-70|70:Bob|Alice
STATE:288:crc/cc/rrc/cc:Ah9h|7c5c/6hKsQs/6c/2h:60|-60:Alice|Bob
STATE:289:cc/crc/rc/rrrc:Ac3c|TcKh/2d5c7s/8h/Jh:100|-100:Bob|Alice
STATE:290:f:Td5d|6s4d:5|-5:Alice|Bob
STATE:291:rc/cc/rc/crrrrc:9c7c|7s4s/QcJh9s/6s/Qs:-120|120:Bob|Alice
STATE:292:cc/rrrrc/rrc/rc:8hQh|3c9h/AhTd4d/Th/7c:110|-110:Alice|Bob
STATE:293:crrc/crrrc/cc/crrrc:2d7c|8hKs/5c9cKc/6c/5s:120|-120:Bob|Alice
STATE:294:rc/rc/rrc/rrc:5c3h|6cQc/2s8s8h/Js/Kh:-110|110:Alice|Bob
STATE:295:cc/rrrrc/rc/rrrrc:Ac2d|Td4d/9hKhAd/4c/Th:-150|150:Bob|Alice
STATE:296:f:3sQd|2cQs:5|-5:Alice|Bob
STATE:297:cc/rrf:8c8h|QhQc/KhTsTd:-20|20:Bob|Alice
STATE:298:f:9c7c|7s6d:5|-5:Alice|Bob
STATE:299:rrrc/rrrrc/rrc/cc:7sKc|2dAd/Jd5dKh/3c/Ks:120|-120:Bob|Alice
STATE:300:rc/cc/rrc/rrrc:2cQc|KhJd/AsJsTc/Td/Qs:-120|120:Alice|Bob
STATE:301:crrrc/rc/rrrrc/cc:5dKd|Qc6h/3s9sJh/Tc/7d:130|-130:Bob|Alice
STATE:302:rc/crc/cc/cc:3sQc|9c6h/2h7dKd/6s/7c:-30|30:Alice|Bob
STATE:303:f:As7c|5hKc:5|-5:Bob|Alice
STATE:304:rrrf:Js7c|2h6d:-30|30:Alice|Bob
STATE:305:rc/cc/rc/rrrc:8h6d|2sAs/AdQcQd/Ah/3s:-100|100:Bob|Alice
STATE:306:rc/cc/rrrc/cc:JcKs|7s5d/9d3cQh/Jd/4s:80|-80:Alice|Bob
STATE:307:cc/rrc/crrc/rc:Js4s|2d7c/9h9s4d/7s/Tc:-90|90:Bob|Alice
STATE:308:rrrc/rrrc/crrrc/rc:Th2h|Ac5d/Qs8cKh/Ad/9c:-150|150:Alice|Bob
STATE:309:f:7hKh|5sQc:5|-5:Bob|Alice
STATE:310:crc/rrrf:2h2c|5d6c/Kh7h6d:40|-40:Alice|Bob
STATE:311:rrc/rc/rrc/cc:6cAd|QsJh/Kh7hKd/As/8d:80|-80:Bob|Alice
STATE:312:rrrc/rrc/crc/rf:7h8d|JsKc/7cJhTh/3c/Ah:80|-80:Alice|Bob
STATE:313:f:6dQh|3hQd:5|-5:Bob|Alice
STATE:314:crrrc/cc/rc/rc:5d6c|TcAc/7s9s9h/4c/3d:80|-80:Alice|Bob
STATE:315:rrc/rc/crrrc/rrf:2c5d|Qs9c/Th4sJh/Jc/8d:-120|120:Bob|Alice
STATE:316:cc/rc/crc/crrc:Qs2d|3s9d/Kh5c2c/Qd/Ts:80|-80:Alice|Bob
STATE:317:crc/rrc/rrrrc/cc:3h9c|2c4c/3cJh9s/6s/Ad:120|-120:Bob|Alice
STATE:318:cc/rrrrc/cc/rc:ThJh|Qc6c/Jc2c4h/7h/Kc:-70|70:Alice|Bob
STATE:319:rc/cc/rrrc/rrrc:QdKd|9s8h/6hKc5s/3c/6c:140|-140:Bob|Alice
STATE:320:crrc/rrc/rrc/cc:5d3h|8cQc/Th7d5h/4s/Jc:90|-90:Alice|Bob
STATE:321:crc/rc/rc/cc:Td9d|7s4h/3h2hJs/Th/Ad:50|-50:Bob|Alice
STATE:322:rc/rrc/cc/cc:Js6c|Kh7d/6sAsQh/7s/7c:-40|40:Alice|Bob
STATE:323:cc/cc/rc/rc:Kc8c|7s9c/Js8h3h/Kd/Jc:50|-50:Bob|Alice
STATE:324:cc/rrc/rf:Qd7h|Qs4s/Ts4dJd/9h:30|-30:Alice|Bob
STATE:325:rc/rc/cc/cc:Jh7d|2d9d/QcAd7h/Th/Td:30|-30:Bob|Alice
STATE:326:cc/rc/cc/rc:3h5h|2c4d/8sKdAs/Qs/Js:0|0:Alice|Bob
STATE:327:crrrf:KhQc|QhAh:30|-30:Bob|Alice
STATE:328:rrrc/cc/cc/crrc:2h8h|QhAs/Kd8c5d/7s/Kc:80|-80:Alice|Bob
STATE:329:rc/cc/rc/crc:AsTd|Tc3c/TsJhAd/Qh/Kh:0|0:Bob|Alice
STATE:330:rrrf:AsQd|7c3s:-30|30:Alice|Bob
STATE:331:cc/rc/cc/cc:8cAc|As3h/9c4s5c/8d/3c:20|-20:Bob|Alice
STATE:332:rrc/rc/crrc/crc:Js4h|6h7d/2s8h3h/8c/Kc:100|-100:Alice|Bob
STATE:333:rrc/cc/crc/rf:8cKh|3h9s/6d9h4h/Tc/2h:50|-50:Bob|Alice
STATE:334:crrrc/rc/rrrc/rf:Td4h|8c8h/7d5dJd/Kh/5s:110|-110:Alice|Bob
STATE:335:f:7h3d|JsAh:5|-5:Bob|Alice
STATE:336:cc/crrc/cc/rc:Td6s|8cQs/9s2cQd/Ah/3h:-50|50:Alice|Bob
STATE:337:f:AdKc|Ah7d:5|-5:Bob|Alice
STATE:338:crrrc/cc/crrrrc/rc:7dKc|6c3s/7s8d6h/9s/5s:0|0:Alice|Bob
STATE:339:cc/rc/rc/rrrrc:3d4d|9d4c/9h7d8s/2d/Qs:-120|120:Bob|Alice
STATE:340:cc/cc/cc/rrc:7hJc|4c2d/TcKh8s/Th/9s:50|-50:Alice|Bob
STATE:341:rrrc/crc/crrrrf:7dQh|8s9s/Qs9c4d/Jh:110|-110:Bob|Alice
STATE:342:cc/cc/rc/rc:5d3d|7cJs/4d2c6h/Kh/5c:50|-50:Alice|Bob
STATE:343:cc/crrrrc/rrf:4cKd|4h7c/7hQdKh/9h:-70|70:Bob|Alice
STATE:344:cc/crrrc/rc/cc:3sJh|9cTs/QsAd2d/9h/Th:-60|60:Alice|Bob
STATE:345:crrc/rrc/rrrc/rrrrc:8dTh|Td7h/3cJc5c/6h/Qh:190|-190:Bob|Alice
STATE:346:crc/cc/rrrc/crc:Td4c|JdQc/JcQh5s/5h/3h:-100|100:Alice|Bob
STATE:347:cc/rc/crc/crc:6s3c|JdQc/7sTsKh/8s/8c:-60|60:Bob|Alice
STATE:348:rrc/rrc/cc/rrrc:5hKc|3c8d/2h6c2s/Kd/Td:110|-110:Alice|Bob
STATE:349:cc/cc/crf:Ts8d|AdTd/6c6s9h/6h:-10|10:Bob|Alice
STATE:350:rrrc/rc/rc/cc:QcJs|Ks4h/2s3hKc/3d/9c:-70|70:Alice|Bob
STATE:351:f:Jd2c|Td6s:5|-5:Bob|Alice
STATE:352:rc/cc/rc/rc:3h6s|5sAc/8hAs2d/Js/Qh:-60|60:Alice|Bob
STATE:353:crc/rrrrc/cc/crc:8s6h|4hTc/4s6d5h/4c/2s:-80|80:Bob|Alice
STATE:354:rrc/cc/cc/rf:As8s|2s2d/5s3sJd/8c/Qs:30|-30:Alice|Bob
STATE:355:cc/rc/cc/rc:8c9s|Jh9h/3hQh2c/Td/Kc:-40|40:Bob|Alice
STATE:356:rf:7c5d|2dJd:-10|10:Alice|Bob
STATE:357:rc/crrrrf:5h4c|4s3d/4d3c3s:50|-50:Bob|Alice
STATE:358:crrrc/crrrc/crc/crc:Js4c|Jh7c/JcQs6h/6d/3s:0|0:Alice|Bob
STATE:359:crc/crrrc/crf:7d5s|6c9h/Kh7c3c/5c:-50|50:Bob|Alice
STATE:360:cc/rrrc/rc/crc:JdJs|9c3c/5sQc2d/7d/4c:80|-80:Alice|Bob
STATE:361:rrc/crc/rc/rc:8cJc|Kd7s/6dAdAs/9s/8h:80|-80:Bob|Alice
STATE:362:rrrc/rc/rrc/rc:KsAh|7s8s/TsJc9h/3d/7c:-110|110:Alice|Bob
STATE:363:rc/rrrrc/rrc/cc:Td2h|9d3h/5cJsAh/Tc/9c:100|-100:Bob|Alice
STATE:364:rrrc/crc/rrc/rrrrc:QdTh|9dAd/Ks7d5d/4d/5s:-170|170:Alice|Bob
STATE:365:rrc/rrc/rrrc/crc:TcJd|6d2c/3c8sAc/9c/8h:130|-130:Bob|Alice
STATE:366:f:6d2h|2c5d:5|-5:Alice|Bob
STATE:367:f:3h8c|9s8s:5|-5:Bob|Alice
STATE:368:rrc/crrrc/cc/crrc:6d3d|TdQh/4h9cJh/Ac/4d:-100|100:Alice|Bob
STATE:369:rrrc/cc/crc/cc:2sKd|4dJd/Qd2d6s/6c/Tc:60|-60:Bob|Alice
STATE:370:rf:9dTh|7dJc:-10|10:Alice|Bob
STATE:371:rrc/crrc/cc/rc:6h9c|9d8c/6cJs7s/5c/2s:-70|70:Bob|Alice
STATE:372:crc/rc/cc/rc:6dJc|Ah8d/8c9h3s/2d/Qc:-50|50:Alice|Bob
STATE:373:cc/crrrc/rrrc/rc:Qs2c|7cTc/6hKsKh/9s/Td:-120|120:Bob|Alice
STATE:374:cc/crrrc/crrrrc/rc:As7h|8dAh/6dThTc/Jc/Qc:0|0:Alice|Bob
STATE:375:rc/rc/crc/rrrc:6s6d|Ts7c/Tc3hKd/5d/7d:-110|110:Bob|Alice
STATE:376:rrrc/cc/crc/rc:9s8c|Ac6s/7s8sQc/3d/5c:80|-80:Alice|Bob
STATE:377:f:9hTd|Ts8c:5|-5:Bob|Alice
STATE:378:f:8hQh|4h5c:5|-5:Alice|Bob
STATE:379:rc/rc/crc/rrrf:9s8c|Js9c/Kd9hJd/Ad/6h:90|-90:Bob|Alice
STATE:380:f:5d8d|Kh5h:5|-5:Alice|Bob
STATE:381:rc/cc/cc/crc:7c7d|KsQh/QsJs7h/Kc/As:40|-40:Bob|Alice
STATE:382:f:JdJc|6s9s:5|-5:Alice|Bob
STATE:383:cc/rf:8d5c|5h5d/8h2h4h:10|-10:Bob|Alice
STATE:384:rc/cc/crrc/rrrc:8c4c|8hAh/5c4d8d/6s/2s:120|-120:Alice|Bob
STATE:385:crrrc/rrc/crc/rrrc:3h2c|9sAs/Td4sKh/8d/4d:-140|140:Bob|Alice
STATE:386:crrc/crc/cc/rf:2c9h|3hQs/8cAhTh/7s/7d:40|-40:Alice|Bob
STATE:387:rrrc/rrrrc/rc/rrc:Jc9h|3h6h/5hTs8c/Ac/Tc:140|-140:Bob|Alice
STATE:388:rrrc/rc/rc/rc:Th4h|5s7d/Ts6dKh/6s/5c:90|-90:Alice|Bob
STATE:389:rrrc/crc/crc/rrc:9sJh|2h2c/6h3dAh/Td/5h:-110|110:Bob|Alice
STATE:390:rf:8h2s|2hKs:-10|10:Alice|Bob
STATE:391:rrf:5s7c|3s2h:20|-20:Bob|Alice
STATE:392:crrrc/rrc/crc/crrc:Td8c|9s7d/7cAh9h/Ts/8h:120|-120:Alice|Bob
STATE:393:crc/rc/rc/cc:7cJc|8c8d/3sTdQc/6d/Ts:-50|50:Bob|Alice
STATE:394:rc/crrc/rrc/cc:6h7s|8h6d/4hJs3h/Jc/6s:-80|80:Alice|Bob
STATE:395:rc/crrc/cc/cc:Jc3s|8h9s/Ac6cJh/7h/Qh:40|-40:Bob|Alice
STATE:396:crrc/cc/rc/cc:3hJs|Kh2d/Qd7s7d/4s/9h:-50|50:Alice|Bob
STATE:397:rc/cc/cc/rc:KsTs|Qh5d/Kc6h8c/9d/3s:40|-40:Bob|Alice
STATE:398:rrrc/crc/crrrrc/rrrrc:8cJd|4c4d/QcAc2s/Ks/6c:-210|210:Alice|Bob
STATE:399:rrc/cc/rf:4s7d|5d5s/9h8h9s/3d:30|-30:Bob|Alice
STATE:400:cc/cc/crrrrc/rrc:3hAc|AhKd/Jd7s2d/Js/Qs:-130|130:Alice|Bob
STATE:401:rrrc/cc/crrc/rc:7cQs|JcKd/4hJd4d/4s/5c:-100|100:Bob|Alice
STATE:402:rrrc/crc/cc/rrrc:Qh3c|Js5s/6d9hKd/Jd/8c:-110|110:Alice|Bob
STATE:403:crc/crc/rrc/cc:Ks6h|Qh8d/JsKhTd/As/5h:-70|70:Bob|Alice
STATE:404:cc/rc/cc/cc:Qc5c|9sKh/Ah5h2d/Kd/3c:-20|20:Alice|Bob
STATE:405:rc/cc/rc/rrrrc:2h4d|8s8c/5cQs3c/3d/Kc:-120|120:Bob|Alice
STATE:406:rrrf:3h9c|4d7h:-30|30:Alice|Bob
STATE:407:cc/crc/rc/cc:3d8h|4sAh/TdQs4c/Ac/7d:-40|40:Bob|Alice
STATE:408:f:Td9s|9c7d:5|-5:Alice|Bob
STATE:409:rrrc/rc/cc/rf:7s2h|9sKd/6s3h8d/2d/Ah:50|-50:Bob|Alice
STATE:410:cc/cc/crrc/rc:2d6c|Jc7s/9h9dKd/6s/3d:70|-70:Alice|Bob
STATE:411:rc/rrrrc/rf:8c4h|9h7d/AcQcKd/5s:60|-60:Bob|Alice
STATE:412:f:3d5d|Kd2h:5|-5:Alice|Bob
STATE:413:rf:6d6c|4s2c:-10|10:Bob|Alice
STATE:414:rrrc/crrc/cc/crc:5sQs|4s2c/6sKsAh/Ad/9h:80|-80:Alice|Bob
STATE:415:crc/cc/crc/rc:Jd4s|8s2c/3s4c5c/Tc/3c:-60|60:Bob|Alice
STATE:416:crrc/rrrrc/rc/cc:AsJs|3h5h/QdKd6h/Jc/Th:90|-90:Alice|Bob
STATE:417:rc/rrrc/crc/crrrrc:Qd7s|Kc2d/Ac4d9s/9c/Qc:150|-150:Bob|Alice
STATE:418:crrc/crrc/crrrf:8hQd|3c6h/JsTs6d/Kc:-90|90:Alice|Bob
STATE:419:crrrc/rc/crc/rc:2d8c|Ks8s/Qs9s3c/3h/7h:-90|90:Bob|Alice
STATE:420:cc/rc/crrf:4sJd|JsKs/5d2s3h/Qs:40|-40:Alice|Bob
STATE:421:crrc/cc/rrrrf:TcTh|2h5c/Qc3c7d/Ad:-90|90:Bob|Alice
STATE:422:rc/rrrc/cc/rrrc:8cKh|5cKd/Tc7dTs/Th/5d:-110|110:Alice|Bob
STATE:423:cc/rc/rrrrc/crc:Ah9h|8d5d/Tc3d4c/6c/Ac:120|-120:Bob|Alice
STATE:424:crrc/crc/crrrf:3h6d|5cQc/TdJh4s/6s:-80|80:Alice|Bob
STATE:425:cc/rrf:4d5c|9d6c/6s8cJc:-20|20:Bob|Alice
STATE:426:crc/rrc/rrc/crc:7sTh|4sAs/4d9cQs/Ts/6d:100|-100:Alice|Bob
STATE:427:crc/rrc/crc/rc:Jc5d|Qs5h/KdJdJh/9d/Tc:-80|80:Bob|Alice
STATE:428:crc/cc/rc/rf:4s2s|Js3h/TdQh2h/5s/Th:40|-40:Alice|Bob
STATE:429:crrrc/rrrc/rc/rrc:3s8c|9c5d/5s4d7s/Tc/2h:-130|130:Bob|Alice
STATE:430:rc/crrc/cc/crc:5d4d|2cKc/Kh2sQs/9c/3h:-60|60:Alice|Bob
STATE:431:rrrc/rrrc/rrc/rrrc:7d8s|ThJh/7h7cTd/4d/3s:170|-170:Bob|Alice
STATE:432:cc/cc/crrrrc/crc:Qd5s|AcTd/Kd2h6c/5d/9d:110|-110:Alice|Bob
STATE:433:rrc/rrrc/cc/cc:9cAh|3h5h/JhQh5c/Jc/Qc:60|-60:Bob|Alice
STATE:434:rrrc/crc/rrc/rrc:2sTs|Qh8s/6s2d9d/6c/Ah:130|-130:Alice|Bob
STATE:435:rc/rf:2h5c|JsQs/7s5sQh:20|-20:Bob|Alice
STATE:436:cc/cc/rc/cc:Ah9d|JcAs/3cQh7d/Qd/6s:-30|30:Alice|Bob
STATE:437:rc/cc/rrc/rf:Qc2d|Kh3h/6h6c5h/9h/7d:60|-60:Bob|Alice
STATE:438:rrrc/rc/crrc/cc:7dKd|5cQc/6cJhJc/4s/8d:90|-90:Alice|Bob
STATE:439:cc/cc/rrc/cc:Ts3s|Th2c/2d2s4c/3d/7c:-50|50:Bob|Alice
STATE:440:f:Jd8d|8c3h:5|-5:Alice|Bob
STATE:441:crrrc/rrc/rc/cc:Jc6c|JdQs/5d3h9h/Qd/6d:-80|80:Bob|Alice
STATE:442:cc/cc/crrc/rc:4s3s|2hAh/QdKh9d/Tc/Kc:-70|70:Alice|Bob
STATE:443:rrrf:Ah2d|Qc9h:-30|30:Bob|Alice
STATE:444:rrrc/rrc/cc/rrc:KdTc|9d6s/Js4c8s/8d/4s:100|-100:Alice|Bob
STATE:445:f:6cKc|5sJs:5|-5:Bob|Alice
STATE:446:f:Kd5s|6hJc:5|-5:Alice|Bob
STATE:447:rf:AcJh|As6h:-10|10:Bob|Alice
STATE:448:cc/cc/rrc/rrrrf:8c7d|4dQs/4h8dAh/5c/Td:-110|110:Alice|Bob
STATE:449:cc/rrc/cc/rrrc:Td5d|KcAh/5c7cJh/9c/8d:90|-90:Bob|Alice
STATE:450:rc/rc/rrrrc/rrc:Jd4c|5c7d/JcJhTs/Kh/Qh:150|-150:Alice|Bob
STATE:451:rc/cc/cc/crc:Th5h|6dKs/9hAc4d/9c/9s:-40|40:Bob|Alice
STATE:452:cc/rc/rc/rc:Kh8c|3dTd/6sTcJc/Jd/7d:-60|60:Alice|Bob
STATE:453:cc/cc/crf:Qd5h|Ah8s/5dTc6c/Th:-10|10:Bob|Alice
STATE:454:crc/crc/crc/rrc:9s3c|7cQc/9hTdKs/Ts/Qh:-90|90:Alice|Bob
STATE:455:cc/rc/rrc/cc:5sAs|TdTc/4d2dJc/8d/Th:-60|60:Bob|Alice
STATE:456:rc/rc/cc/rc:KsKd|8cTh/2d6c2c/5c/7h:50|-50:Alice|Bob
STATE:457:cc/crc/crrrc/rc:9c6h|Qd7d/4sKhJc/9s/Ac:100|-100:Bob|Alice
STATE:458:rc/rc/rrc/rc:5c9h|9d5d/6cTh3d/Qh/4s:0|0:Alice|Bob
STATE:459:rc/rc/rrc/crrrrc:8sAd|3hJh/6c8d3d/2s/2c:150|-150:Bob|Alice
STATE:460:cc/rrc/crc/crc:8sJc|5d7d/Jh7c5h/Ad/7h:-70|70:Alice|Bob
STATE:461:rrrc/crrc/crrrc/rrc:5c4h|KdJc/Js6h3s/Tc/Ac:-160|160:Bob|Alice
STATE:462:cc/cc/rc/crc:7sJc|4h2s/2hQs5h/2c/7d:-50|50:Alice|Bob
STATE:463:rc/rc/rc/cc:Ah4d|3cKs/2s4sJc/8c/Qh:50|-50:Bob|Alice
STATE:464:cc/rc/cc/rf:Kc7h|5h7d/Js9c5s/8d/4h:20|-20:Alice|Bob
STATE:465:rc/rc/cc/crc:2cTs|6c3c/5cAcQc/Th/Qd:-50|50:Bob|Alice
STATE:466:rrc/rrc/cc/rrrc:9s9h|JsAd/5s6c4d/8d/Kc:110|-110:Alice|Bob
STATE:467:crc/crf:8h9s|Kd6d/3dTh9c:-20|20:Bob|Alice
STATE:468:crc/rc/rrc/rc:Qc3c|2s8c/Jc4h6d/7h/Ac:90|-90:Alice|Bob
STATE:469:cc/cc/rrrrc/rrrrc:4h9c|Qh3d/5h7sJd/2c/Td:-170|170:Bob|Alice
STATE:470:rc/rc/cc/rc:5cTs|7h9s/8dTcQs/3c/Ac:50|-50:Alice|Bob
STATE:471:cc/rrrrc/rc/rc:JhTh|3s9h/6cKs4h/2d/Qs:90|-90:Bob|Alice
STATE:472:rrrc/crc/rc/crf:8sQc|Kh7c/5dAh8c/9h/4c:-70|70:Alice|Bob
STATE:473:crc/rrc/rf:4sKd|4d5c/8s5s9d/Ah:40|-40:Bob|Alice
STATE:474:crrrc/cc/cc/rc:7dJh|3hTh/2d8hTc/Kh/Td:-60|60:Alice|Bob
STATE:475:rrc/crrrc/crc/rrrrc:4sKs|6h7c/Ts2dTc/2s/Kc:160|-160:Bob|Alice
STATE:476:crrrc/rc/rrc/cc:Qc4c|4h7c/8d3c9d/Qh/Td:90|-90:Alice|Bob
STATE:477:rrc/cc/rrc/rrrrc:8s5s|5hAc/Td9hJs/6d/Kh:-150|150:Bob|Alice
STATE:478:rc/crrc/crrc/rc:Td8c|4c2d/Qh8d2c/Qc/Js:100|-100:Alice|Bob
STATE:479:rrc/rc/rc/crc:9h6s|5hTd/Qd7c5d/Kh/3s:-80|80:Bob|Alice
STATE:480:crc/crc/crrrrc/rc:9h6h|Kc2d/8d5cKd/Th/6c:-130|130:Alice|Bob
STATE:481:rc/rc/rrrrc/rrrrc:2sQc|2d8s/As5hKc/8c/Jc:-190|190:Bob|Alice
STATE:482:cc/crrc/cc/cc:AdTd|7h5d/Kd6c3c/7s/3h:-30|30:Alice|Bob
STATE:483:f:5c5h|3c3h:5|-5:Bob|Alice
STATE:484:crrc/crrrc/rrc/cc:5cQh|QsTc/4s7hTd/4c/2h:-100|100:Alice|Bob
STATE:485:cc/cc/rc/crrc:As4h|9cQs/2s8d7h/Jc/2c:70|-70:Bob|Alice
STATE:486:f:5s8s|5d6c:5|-5:Alice|Bob
STATE:487:rc/rc/cc/crrrrc:Kd6c|QdAs/4dKhTs/7h/4h:110|-110:Bob|Alice
STATE:488:cc/crrrrc/crc/cc:AhKc|3cKd/9c5cQs/3s/As:70|-70:Alice|Bob
STATE:489:rrc/rrc/cc/crc:QhKc|9c2d/3hThAd/7h/Kh:70|-70:Bob|Alice
STATE:490:crc/crc/cc/rrc:Qd3s|QcJc/Ac3dAs/2h/9c:70|-70:Alice|Bob
STATE:491:rc/rrrc/rc/crrc:8d2h|Kh2s/Jd3c6h/8c/Ad:110|-110:Bob|Alice
STATE:492:crc/rrrc/cc/cc:Qh6c|5d4c/Td9sAc/5s/Jh:-50|50:Alice|Bob
STATE:493:rc/cc/rrrc/rrrc:Ac9d|2h3c/Kd7c4c/2c/3s:-140|140:Bob|Alice
STATE:494:crrc/rrc/crc/rc:QdJc|7hTh/3cAd9s/3s/Js:90|-90:Alice|Bob
STATE:495:rrrc/crc/rrc/cc:Ac6h|7c2c/KcAd3c/6s/4c:-90|90:Bob|Alice
STATE:496:rf:4s6s|7d2c:-10|10:Alice|Bob
STATE:497:rrc/crc/rc/crc:Jd9h|7h3s/6s3h4h/Qc/3c:-80|80:Bob|Alice
STATE:498:rc/rrc/cc/rc:4d5d|7s9d/6dQs3d/Ah/7d:60|-60:Alice|Bob
STATE:499:rc/rc/rc/rrrrc:2c9c|KhQs/2hQc6c/3d/Qd:-130|130:Bob|Alice
STATE:500:rrf:9d2d|Th6h:20|-20:Alice|Bob
STATE:501:cc/cc/rrf:3h5c|Qc9c/3cJhTc/6h:-30|30:Bob|Alice
STATE:502:cc/rc/rc/crf:5s7h|9s3d/Kc9d8d/Js/4h:-40|40:Alice|Bob
STATE:503:crc/cc/cc/rc:3c5c|Kd2h/AhTc3s/As/Qs:40|-40:Bob|Alice
STATE:504:cc/crrrrc/crf:9dAd|6d7c/2c8cJh/4c:-50|50:Alice|Bob
STATE:505:rc/crrrrc/cc/cc:3c8h|Jh7c/Ac4d7d/5c/6h:60|-60:Bob|Alice
STATE:506:crc/crc/rrf:9h6s|QcAc/AsJc2c/9d:-50|50:Alice|Bob
STATE:507:rrc/crrc/rrf:4h4s|7dKh/5d9cQc/Js:-70|70:Bob|Alice
STATE:508:crrrc/crrc/rc/rc:6sJs|QhQc/6cTh3d/8s/9d:-100|100:Alice|Bob
STATE:509:crrc/rrc/rrc/crrc:8cKd|5dJs/4d9s8d/Ah/Jd:-130|130:Bob|Alice
STATE:510:f:Qd5h|Ts4s:5|-5:Alice|Bob
STATE:511:rrc/rrc/rc/cc:Qh8h|9s5s/6s4c3h/9c/8d:-70|70:Bob|Alice
STATE:512:rc/crrc/cc/cc:6c9s|8cTc/Kc2s2c/6h/3c:-40|40:Alice|Bob
STATE:513:cc/cc/rc/cc:3hTh|2h2c/7cJd8s/Kd/2d:-30|30:Bob|Alice
STATE:514:cc/rrrc/crrc/rc:9d5d|QsTh/Jc4s6c/9s/Td:-100|100:Alice|Bob
STATE:515:f:2cJc|Qd5h:5|-5:Bob|Alice
STATE:516:rrrc/rc/rrc/crrrrc:5c6c|JsAd/Ac8c5d/Qc/9s:170|-170:Alice|Bob
STATE:517:cc/rc/crc/rrrc:Kd3h|8sKc/Ah4c3d/Jc/Th:100|-100:Bob|Alice
STATE:518:f:5c2h|ThTc:5|-5:Alice|Bob
STATE:519:rrc/rc/cc/rc:6c9d|2s3d/2h8dQs/Ts/8c:-60|60:Bob|Alice
STATE:520:cc/rrrc/cc/crc:2s9h|2c4d/6c5hJd/8h/3h:-60|60:Alice|Bob
STATE:521:rc/rrrrc/crrc/crc:8d4d|JcTd/2h3d7s/2d/Js:-120|120:Bob|Alice
STATE:522:rc/cc/crrrc/crrrf:Ac3s|TdJc/5c3c6d/Kc/Ah:-120|120:Alice|Bob
STATE:523:crc/rc/rrrrc/crc:3d7s|4d5h/8s9s3h/Tc/4s:-130|130:Bob|Alice
STATE:524:rc/rc/cc/rc:3cJd|KdAs/Qh2hJh/2c/3s:50|-50:Alice|Bob
STATE:525:rrrc/crc/crrc/cc:AdKs|8cKd/5h2h4c/2s/8h:-90|90:Bob|Alice
STATE:526:cc/crc/cc/rrrrc:2s5d|ThQs/5hAdJc/Ts/Qh:-100|100:Alice|Bob
STATE:527:f:9h3h|AdJc:5|-5:Bob|Alice
STATE:528:f:8h3d|4s5c:5|-5:Alice|Bob
STATE:529:f:KhQh|6c7h:5|-5:Bob|Alice
STATE:530:cc/rrrc/rrc/rc:Kc2d|KsAd/Ah9d4s/7d/7h:-100|100:Alice|Bob
STATE:531:rrc/rc/rc/rc:7c6d|Ad7s/3sKc3h/7d/4c:-80|80:Bob|Alice
STATE:532:crrc/rc/crrrrc/crc:9h3d|6hQc/4hAhKh/4s/2d:-140|140:Alice|Bob
STATE:533:crrrc/rrc/rc/rc:Kh2c|6sAh/4sQc9d/3c/6d:-100|100:Bob|Alice
STATE:534:rc/crrc/crrrrc/rc:3h6h|3c7s/5hTs4c/6d/Jh:-140|140:Alice|Bob
STATE:535:rrrf:Ah5h|8cAc:-30|30:Bob|Alice
STATE:536:crrrf:Qh9c|3h2d:30|-30:Alice|Bob
STATE:537:rrc/rrrrc/rc/rc:8hJc|4hQc/Ks8cAs/Ts/2c:110|-110:Bob|Alice
STATE:538:rc/cc/cc/crrrc:7d4d|2s6c/8c8sQc/Kc/Jc:-80|80:Alice|Bob
STATE:539:cc/rc/cc/rrc:4c5s|7h8d/9s9h8c/7c/Jh:-60|60:Bob|Alice
STATE:540:rc/crrrc/crrc/cc:4d5s|6cTs/AhJd7d/7c/2c:-90|90:Alice|Bob
STATE:541:rc/rrrc/rrrc/rc:Th3s|6h4h/Td2cAh/Kh/7s:130|-130:Bob|Alice
STATE:542:crrc/rrrc/rc/cc:8s8d|Qd3s/9h3d8h/5h/Ts:80|-80:Alice|Bob
STATE:543:rc/rc/cc/rc:5h6c|Jh6d/8sQh9c/3s/7d:50|-50:Bob|Alice
STATE:544:crrf:QcQh|6d3s:-20|20:Alice|Bob
STATE:545:cc/crc/rrrrc/rc:TdKc|8d5c/As9hAd/2d/2h:120|-120:Bob|Alice
STATE:546:cc/rc/rc/rc:7s7d|QhAc/6dQs4c/Jd/5c:-60|60:Alice|Bob
STATE:547:crf:Td6s|Ad6h:10|-10:Bob|Alice
STATE:548:rrrc/cc/rrc/crrc:6d2c|Kh8c/2hQc3h/5c/8s:-120|120:Alice|Bob
STATE:549:cc/rrf:AhKc|JdKd/QdTh9c:-20|20:Bob|Alice
STATE:550:rrc/crf:4cJd|QdAd/Td4s9s:-30|30:Alice|Bob
STATE:551:cc/cc/rrrc/rrc:3dJh|9sQc/6h5c6c/7h/8s:-110|110:Bob|Alice
STATE:552:rrrf:Kh4s|8c7h:-30|30:Alice|Bob
STATE:553:cc/rrc/rc/rrf:6cJd|3d2s/Ah6sTc/Kh/5c:-70|70:Bob|Alice
STATE:554:rrc/rc/cc/rc:5s2d|QdTs/Kd8h7d/8s/Kc:-60|60:Alice|Bob
STATE:555:cc/rrc/cc/crrc:As2h|4sTc/2s7dKs/4h/Kh:-70|70:Bob|Alice
STATE:556:rf:5s9h|Qd7s:-10|10:Alice|Bob
STATE:557:cc/crc/rrc/rrrrc:4h5c|2cKd/7d7h6c/2h/8d:140|-140:Bob|Alice
STATE:558:rc/cc/crf:2hKd|AsAd/Jd9s2c/8c:-20|20:Alice|Bob
STATE:559:crc/rc/crrrc/cc:KcKd|7hJs/9cAs8h/7d/9h:90|-90:Bob|Alice
STATE:560:rrrc/rrc/rc/rc:9dJs|2d8s/QdQhAs/4h/9h:100|-100:Alice|Bob
STATE:561:crc/crc/rc/rrc:2dTh|2sTs/Kh5dTc/7d/7c:0|0:Bob|Alice
STATE:562:crc/rrf:3h8c|2s5s/9s4cKh:-30|30:Alice|Bob
STATE:563:cc/cc/crrf:9c5h|7d6d/4c6h9s/Jh:30|-30:Bob|Alice
STATE:564:rc/rrrc/cc/crf:5h8h|2dAs/8cKs6h/Ts/Kc:-50|50:Alice|Bob
STATE:565:rf:4h3d|Jh8h:-10|10:Bob|Alice
STATE:566:crc/cc/rrrc/rc:7cQc|3s8d/2s2h7h/5c/2c:100|-100:Alice|Bob
STATE:567:crrrc/crc/rrrrc/crrc:5dKh|8s7s/As2sTc/3c/3h:170|-170:Bob|Alice
STATE:568:rc/crrc/crc/cc:7dKd|3c6s/QsQhAs/8d/Ks:60|-60:Alice|Bob
STATE:569:rrc/cc/rc/rc:Ah4s|Ts6s/4dTd5c/2d/6c:-70|70:Bob|Alice
STATE:570:cc/rc/rc/rc:Js7c|Tc8h/8cJh7d/5c/5h:60|-60:Alice|Bob
STATE:571:rc/crf:9sQc|8d7c/5d9c2d:-20|20:Bob|Alice
STATE:572:crrrc/crrrc/rc/cc:3dKd|8d5s/4cTcQd/3s/7h:90|-90:Alice|Bob
STATE:573:rf:Qc3c|9cTd:-10|10:Bob|Alice
STATE:574:rrrc/crrrrc/cc/crrc:Js9h|Kh3c/QhJdAs/2d/2c:120|-120:Alice|Bob
STATE:575:rc/crc/cc/rc:4s2c|6s8c/7h3s9c/2s/Js:50|-50:Bob|Alice
STATE:576:crc/crc/crrrrc/rc:3s6h|6s8c/5hKsKc/As/9d:-130|130:Alice|Bob
STATE:577:rc/crc/rrc/crrc:3dTs|Tc7d/AsKhJc/Qc/6h:0|0:Bob|Alice
STATE:578:crc/crrc/crrc/rf:2d5c|3cQc/6sKs6h/Qd/5h:80|-80:Alice|Bob
STATE:579:rc/cc/rrrrc/crc:3h7d|9d6s/9c8sTd/4h/Qc:-120|120:Bob|Alice
STATE:580:rrrc/rrrrc/rc/rrrrc:4dQh|8c5c/9hKc2d/9d/Qs:180|-180:Alice|Bob
STATE:581:f:Qc4d|8c7d:5|-5:Bob|Alice
STATE:582:rc/rrc/rrc/cc:8dQs|3hQd/3cKc6d/Td/Qc:-80|80:Alice|Bob
STATE:583:cc/rc/rc/rc:9h3d|9c5d/As7s2c/5h/2s:-60|60:Bob|Alice
STATE:584:cc/cc/cc/rc:Qh8h|7s4c/Tc3cJh/Js/Ts:30|-30:Alice|Bob
STATE:585:rc/rrrrc/crc/rf:5h4s|9sQd/2c6d7d/Tc/6c:80|-80:Bob|Alice
STATE:586:rc/cc/cc/crc:3h7s|Js5s/Th9cTd/9s/As:0|0:Alice|Bob
STATE:587:crrf:5cTc|4d3h:-20|20:Bob|Alice
STATE:588:rrrc/crrc/rrrc/rc:Qh8s|9s2h/4c3h7d/Kc/3s:140|-140:Alice|Bob
STATE:589:rrc/rc/cc/crc:Ad6s|Js8s/5dTs6c/9s/3d:60|-60:Bob|Alice
STATE:590:rf:Jh8s|TcQs:-10|10:Alice|Bob
STATE:591:rrc/crrrrc/rrc/rc:7cTs|AhJs/9h3dQd/2h/3c:-130|130:Bob|Alice
STATE:592:rc/rc/rc/cc:JcJh|KdAh/9dKc8d/4c/9c:-50|50:Alice|Bob
STATE:593:crrc/rf:Qs2c|Jd6s/Js3dKs:30|-30:Bob|Alice
STATE:594:cc/cc/rrrc/cc:6sQs|9dJh/7sAsTh/5c/5d:70|-70:Alice|Bob
STATE:595:crrc/cc/cc/rrrc:6h8h|9h2d/2hJd5d/3d/Tc:-90|90:Bob|Alice
STATE:596:cc/crc/crc/crrc:3sQc|4c2c/Ts8sTd/5s/Ah:80|-80:Alice|Bob
STATE:597:rc/cc/rc/rc:7sQd|Ac6s/6h9dJc/Jh/Kc:-60|60:Bob|Alice
STATE:598:rrc/cc/cc/rrc:3cJd|JsAs/9dAh9s/3d/Ks:-70|70:Alice|Bob
STATE:599:crc/cc/rc/rc:3dTc|8s9s/KdKc2d/5d/Ts:60|-60:Bob|Alice
STATE:600:cc/cc/crrf:4h8d|4dKh/3s9h7d/9c:30|-30:Alice|Bob
STATE:601:crrrc/rc/rrc/cc:TsKh|Qh6h/Td9h8s/9c/Ac:90|-90:Bob|Alice
STATE:602:rrrc/rc/rc/rrc:4d3s|4sJh/8sTs5c/4c/As:-110|110:Alice|Bob
STATE:603:crc/rc/crrc/cc:6sJc|Kc3d/As5s7c/Td/9c:-70|70:Bob|Alice
STATE:604:cc/rc/rrrc/cc:Qs4s|8c6s/4d7s7c/Qc/Kd:80|-80:Alice|Bob
STATE:605:crrrc/crc/cc/crc:Kh7c|5sQs/Kd6s2c/9c/2d:70|-70:Bob|Alice
STATE:606:crc/cc/crrc/rc:5hAh|8hTh/3s4sTd/6s/As:80|-80:Alice|Bob
STATE:607:f:8dQh|6s8c:5|-5:Bob|Alice
STATE:608:crrc/crrc/cc/cc:3h9d|3sAh/Qc7c8d/6s/Td:50|-50:Alice|Bob
STATE:609:cc/cc/cc/rc:KsJc|6s4d/7cJd9s/6c/Td:30|-30:Bob|Alice
STATE:610:cc/cc/cc/cc:Qc7s|7d8s/5cAs8c/6c/9h:0|0:Alice|Bob
STATE:611:cc/cc/cc/rrc:9h5d|2s3d/Th8c5c/Jd/Jh:50|-50:Bob|Alice
STATE:612:rrrc/crf:7cJc|TcQs/9h9cJd:-40|40:Alice|Bob
STATE:613:rrc/rc/crrrrc/crrrc:3d9s|4s2d/Ts6h4d/7h/Qh:-180|180:Bob|Alice
STATE:614:rc/rf:KcQd|7hTd/Th9h5d:20|-20:Alice|Bob
STATE:615:rc/rc/cc/rf:Td4h|8c9s/TcAs7d/Jh/9h:30|-30:Bob|Alice
STATE:616:cc/rrc/crc/rrc:5h6h|Th3s/5dTd4s/Jc/Ah:-90|90:Alice|Bob
STATE:617:cc/rrc/crc/rf:TdQd|Kd6s/Qs5h9s/2h/3c:50|-50:Bob|Alice
STATE:618:cc/cc/cc/crrc:AhQh|7cQd/QcKh2h/7h/2d:50|-50:Alice|Bob
STATE:619:rf:2h7c|5hKs:-10|10:Bob|Alice
STATE:620:rrrc/crc/rrc/cc:8hKc|9s8s/Kd5sQd/5d/Th:90|-90:Alice|Bob
STATE:621:cc/crc/crrc/crc:9sTd|KdJs/3dQc3h/2h/4h:-80|80:Bob|Alice
STATE:622:cc/rf:2s4c|Jd5c/8h4hQs:10|-10:Alice|Bob
STATE:623:rrrc/cc/crrrrc/rc:Js9s|9d6h/8cAc8s/Ad/Ah:0|0:Bob|Alice
STATE:624:rc/rc/rc/rc:4hKd|7h8s/Ts7d4s/3h/8c:-70|70:Alice|Bob
STATE:625:crc/cc/cc/rrc:9h6c|4h7d/As8h3d/Ac/6s:60|-60:Bob|Alice
STATE:626:cc/cc/crrrf:AcQd|2s8c/Qs3hKs/Ah:-50|50:Alice|Bob
STATE:627:rrrc/crrrrc/crrrrc/rrc:9sAc|3cKh/Kc5s8h/2h/9h:-200|200:Bob|Alice
STATE:628:f:8d4c|5c8s:5|-5:Alice|Bob
STATE:629:crc/rc/cc/crrrc:3hJc|2d5h/Jd2hKd/Qs/9d:90|-90:Bob|Alice
STATE:630:rrrf:JsTs|QsAd:-30|30:Alice|Bob
STATE:631:rrc/rc/cc/rc:7s9h|Td8c/3dQh2s/Ah/8d:-60|60:Bob|Alice
STATE:632:rc/rrrrc/cc/rc:6d4s|8cTh/Td9c9d/Kd/Ah:-80|80:Alice|Bob
STATE:633:crrc/rrc/cc/cc:8c9c|Ah8s/Jc2h3h/Qh/6h:-50|50:Bob|Alice
STATE:634:rc/crrrc/rrc/rc:8c6c|9dAs/8h2sJh/Td/Qh:-110|110:Alice|Bob
STATE:635:crrf:4h9c|KcAs:-20|20:Bob|Alice
STATE:636:cc/crf:Qc6c|2cTc/AhKdAs:-10|10:Alice|Bob
STATE:637:crc/cc/cc/crrf:9dJd|Th9c/3hAs4s/Ad/9s:40|-40:Bob|Alice
STATE:638:cc/rrrc/rc/crrc:Ac3c|7d3s/4h6c8d/6s/9s:100|-100:Alice|Bob
STATE:639:rc/rf:5dQh|8c4h/8s7h7c:20|-20:Bob|Alice
STATE:640:rc/crc/crc/crrrc:7d8h|AsKs/3hJh4c/Th/8c:110|-110:Alice|Bob
STATE:641:rrrc/rc/cc/rf:AsKd|AhTc/4c5h2s/2d/2c:50|-50:Bob|Alice
STATE:642:rc/rrrrf:2sAd|3d6s/5h7h8d:-50|50:Alice|Bob
STATE:643:rc/crrc/crrrc/cc:8h2d|Kc8d/3c6dTh/6h/2h:100|-100:Bob|Alice
STATE:644:crrc/crf:3sJd|3h5d/QsKd8s:-30|30:Alice|Bob
STATE:645:rc/rc/rc/cc:9h8h|4dAd/2hQc5h/5s/7h:50|-50:Bob|Alice
STATE:646:crc/cc/crrrrc/rc:Kd6h|9d4h/9c7s8h/Qd/8c:-120|120:Alice|Bob
STATE:647:cc/rrrrc/rc/rrc:JcTd|3hKd/Jh9dAd/9c/Tc:110|-110:Bob|Alice
STATE:648:cc/cc/rc/crc:KcKd|3c2s/3d6h7c/Jh/8c:50|-50:Alice|Bob
STATE:649:rc/rc/crrrrc/rrc:Ah5c|Kc5h/5sQs4s/7d/6h:150|-150:Bob|Alice
STATE:650:f:9hJs|QhKh:5|-5:Alice|Bob
STATE:651:rrrc/crc/cc/cc:5dQd|4h9h/Ac7hJc/Kh/Qs:50|-50:Bob|Alice
STATE:652:crc/crrc/crrc/rc:Jc4c|KdJh/7hKsTc/8d/9c:0|0:Alice|Bob
STATE:653:cc/cc/crrrc/cc:Kd8h|Tc5d/Qh6s7h/Js/Qs:70|-70:Bob|Alice
STATE:654:cc/cc/rrc/crrf:6sJh|8hQc/9h4s7c/7s/As:70|-70:Alice|Bob
STATE:655:rrrc/cc/rrrrc/crc:As6d|5h2s/4s6s9d/Qh/7s:140|-140:Bob|Alice
STATE:656:crc/crrc/rc/crrrc:QhKs|9h5h/6d2d7h/Qc/4s:120|-120:Alice|Bob
STATE:657:rf:Ks3c|4h8s:-10|10:Bob|Alice
STATE:658:rrf:QcQd|8d5s:20|-20:Alice|Bob
STATE:659:rc/crrc/rrc/crc:Kh2d|5d2h/TdAd6c/Jh/3s:100|-100:Bob|Alice
STATE:660:cc/rc/rf:6sTc|4d9s/Ah2cKh/3s:20|-20:Alice|Bob
STATE:661:rc/rrc/rc/crc:5h3s|Jc9c/Qd7cKs/Kd/Qs:-80|80:Bob|Alice
STATE:662:f:Ac7s|Kd3d:5|-5:Alice|Bob
STATE:663:rc/rrrrc/crrrc/crrrc:3c8h|QhJd/9c4d6c/As/Ac:-180|180:Bob|Alice
STATE:664:rrrc/crrrc/rc/rrrrc:6cAh|8h2d/7hQdQs/2h/3c:-170|170:Alice|Bob
STATE:665:cc/rrrc/rrc/rrc:3s7c|Tc7d/9cKd5c/Kh/7s:-120|120:Bob|Alice
STATE:666:crc/crrrrc/rrrrc/cc:6s8d|7hKd/Td8sQd/Ah/2c:140|-140:Alice|Bob
STATE:667:rrc/cc/crc/rc:4s7h|Jh7s/5d2s5c/4c/3d:70|-70:Bob|Alice
STATE:668:rrc/crc/cc/rrc:9sQh|3d5d/8h7hAc/6s/Td:80|-80:Alice|Bob
STATE:669:rc/crrrc/crrrrf:KsQc|Td7s/4s5s3s/8h:110|-110:Bob|Alice
STATE:670:rrc/crc/crc/cc:8hQd|4h2c/4sTs7d/7s/Td:60|-60:Alice|Bob
STATE:671:f:KdAs|Ad3c:5|-5:Bob|Alice
STATE:672:rc/crrc/crc/crrrc:9s5s|Qs7d/Qc7s8c/Ts/8s:120|-120:Alice|Bob
STATE:673:cc/rc/crc/rc:6s4h|Ts9d/2dAc7s/9s/2c:-60|60:Bob|Alice
STATE:674:cc/crrrc/rc/cc:8c2h|Td8s/4dKd9s/Qh/5s:-60|60:Alice|Bob
STATE:675:rc/crrf:8cJd|Qd5d/QhQcAh:30|-30:Bob|Alice
STATE:676:rrrc/cc/cc/crc:Jh8c|7hJd/2h9dKd/Ah/2c:0|0:Alice|Bob
STATE:677:rc/rrc/rc/rc:9s3s|8s5d/5c8d2c/9c/Ad:-80|80:Bob|Alice
STATE:678:rrc/rc/rrrc/rc:Tc4h|6hAc/Qs3h7s/8h/Jd:-120|120:Alice|Bob
STATE:679:crrrf:AcTc|Ah2d:30|-30:Bob|Alice
STATE:680:rrc/crrrrc/rc/rc:Kh2s|4s4d/8dAc2c/5d/7c:-110|110:Alice|Bob
STATE:681:crc/rrrrf:6d4c|Qh7c/3c7hKh:-50|50:Bob|Alice
STATE:682:rc/rrrrc/rc/rrrc:7c8h|7d2s/9dJhKs/4c/2c:-140|140:Alice|Bob
STATE:683:rrc/rrrc/crc/crc:2dTc|AhKd/4sJs3d/Ks/4h:-100|100:Bob|Alice
STATE:684:crc/rc/cc/rrrc:3dAh|Kd8h/KsQs4c/4s/8d:-90|90:Alice|Bob
STATE:685:rc/crc/rc/crc:4s6s|Qc7d/Qh7c5d/Td/2h:-70|70:Bob|Alice
STATE:686:rrrc/rrc/rrc/cc:As4h|9s5c/Ks5hKh/8c/7h:-100|100:Alice|Bob
STATE:687:rc/cc/crrf:JhTh|2hQh/6s5h2c/Ah:40|-40:Bob|Alice
STATE:688:rc/cc/rc/cc:9h7s|6h6d/7d9dQc/Kh/4s:40|-40:Alice|Bob
STATE:689:cc/rc/cc/cc:Ks8s|Qs4s/7hKh8c/3c/3s:20|-20:Bob|Alice
STATE:690:cc/cc/crc/rrc:7dQd|Td9s/6dTs3h/4s/6c:-70|70:Alice|Bob
STATE:691:rc/rrf:2h5h|2d2s/TdJsAh:-30|30:Bob|Alice
STATE:692:cc/cc/crc/cc:Js6d|3h5h/7hKh4c/Td/Qh:-30|30:Alice|Bob
STATE:693:crc/crc/rc/cc:6d5c|KsAd/Ts2h6h/5s/7d:50|-50:Bob|Alice
STATE:694:rrrc/rf:2c3c|Qh7h/AsJs7d:40|-40:Alice|Bob
STATE:695:crc/crf:2c8d|8c8s/8h4d9s:-20|20:Bob|Alice
STATE:696:rrc/crrrc/rc/rrc:7s5h|2hKs/KdQhJs/4s/Jd:-120|120:Alice|Bob
STATE:697:rc/cc/rc/rrrrc:2h3d|JdKh/Ad5sKs/Ac/4c:120|-120:Bob|Alice
STATE:698:rrc/cc/rrc/cc:5dTs|8c7c/6d2dKs/Js/6c:70|-70:Alice|Bob
STATE:699:cc/cc/cc/cc:5h8s|8hQd/7c4c3c/Jc/2c:0|0:Bob|Alice
STATE:700:rrrc/rrc/crrc/rrc:6dQh|6cTs/7h3c7s/4h/3s:140|-140:Alice|Bob
STATE:701:rrc/rrrrf:9c7c|4sJd/8s8cKd:-60|60:Bob|Alice
STATE:702:cc/crc/cc/crc:2c7c|5h2h/3dTsAc/7s/Jc:40|-40:Alice|Bob
STATE:703:rrrc/rrrc/crc/rrc:7h5d|KhKc/Jh2d8d/9c/7d:-130|130:Bob|Alice
STATE:704:cc/rrc/crf:3cJh|6h7d/Kh7cAc/8d:-30|30:Alice|Bob
STATE:705:crc/crrrc/rf:JdTh|8sAc/7c3c3h/5s:50|-50:Bob|Alice
STATE:706:cc/cc/rrc/rc:3cAh|5d6h/9s4c8c/Jc/3h:70|-70:Alice|Bob
STATE:707:rc/rrc/rrc/rrf:Ah8h|QsAd/7h4dKh/2h/5d:-100|100:Bob|Alice
STATE:708:rc/rc/rrrrc/rc:Ks3d|TsJd/8s8c6d/5d/Qh:130|-130:Alice|Bob
STATE:709:cc/cc/crc/rrrrc:5d9c|ThAd/Qc6c2s/8s/Ac:-110|110:Bob|Alice
STATE:710:cc/cc/rc/crc:4cTh|Js8d/7s8hQd/4h/5d:-50|50:Alice|Bob
STATE:711:rc/cc/cc/rf:6sJd|6h3d/Kd5dAc/Tc/6d:20|-20:Bob|Alice
STATE:712:cc/crrc/crrrrc/rc:Ks5d|8d2h/KhAs4c/8s/Kc:130|-130:Alice|Bob
STATE:713:cc/crf:4hTc|4c5s/Js9sAs:-10|10:Bob|Alice
STATE:714:rc/crrc/crrf:2d5h|Th9c/8h9dTc/8c:60|-60:Alice|Bob
STATE:715:rc/cc/crc/crrrc:Ad3c|7h8h/4d7sJs/3h/6d:-100|100:Bob|Alice
STATE:716:crc/cc/rc/crc:As4s|Qd3d/7s3cKc/5c/9c:-60|60:Alice|Bob
STATE:717:f:Ad2c|As4d:5|-5:Bob|Alice
STATE:718:crrrc/rrrc/crrrc/rrrc:4sTd|Qh4h/5c7h6c/7d/6s:-190|190:Alice|Bob
STATE:719:rrc/crrrrc/crrrc/rc:3c7s|8s3s/Ts4c5c/Jc/9s:-150|150:Bob|Alice
STATE:720:rrf:7d2d|As9s:20|-20:Alice|Bob
STATE:721:crc/rc/rrc/cc:Ad6h|Tc3s/9sTdQd/7d/Jh:-70|70:Bob|Alice
STATE:722:f:AcAh|Kc3c:5|-5:Alice|Bob
STATE:723:rc/crrc/cc/rf:Td6h|Ts8c/5h8d2c/Ad/9h:40|-40:Bob|Alice
STATE:724:crrc/rrc/rc/crc:Ad3h|Kc4d/As5cJh/8h/Js:90|-90:Alice|Bob
STATE:725:crc/rrc/crc/rc:8c6c|KsKd/Tc9hJs/7s/Jd:80|-80:Bob|Alice
STATE:726:rrc/crrrrc/crrc/rc:AhTs|3d8s/3c5h8h/Ad/2h:-130|130:Alice|Bob
STATE:727:cc/crc/crrrc/rrrrc:3c9d|Jc4c/8c9hQh/Kc/Kd:160|-160:Bob|Alice
STATE:728:rc/rrrc/cc/cc:6d8d|3h9h/2s7dKc/3s/Kh:-50|50:Alice|Bob
STATE:729:cc/crrrc/rc/rc:5d5h|6d2h/4d6h3s/Ad/6s:-80|80:Bob|Alice
STATE:730:rf:ThAd|QsAh:-10|10:Alice|Bob
STATE:731:rc/rrc/crrrrc/cc:9s2h|Jd9h/Ad5cAc/8c/4d:-120|120:Bob|Alice
STATE:732:rc/cc/crrrrc/rrf:5dKs|Qc5c/Jd8h9h/Qd/3s:-120|120:Alice|Bob
STATE:733:f:As4c|5s5h:5|-5:Bob|Alice
STATE:734:crc/rc/crc/cc:Ac5c|9sJh/2dJc5d/7c/Kh:-50|50:Alice|Bob
STATE:735:cc/rc/cc/rc:JsKh|7dKd/4h2sAc/4d/8s:40|-40:Bob|Alice
STATE:736:rc/rc/rrc/crrc:3dJd|9h8c/Jh5d9s/3h/Ks:110|-110:Alice|Bob
STATE:737:f:5h9s|7d8d:5|-5:Bob|Alice
STATE:738:rc/rc/rrrc/cc:7sAh|8hJc/6s4c2c/9h/2h:90|-90:Alice|Bob
STATE:739:cc/cc/rc/crc:Ac9c|6s2d/KcKd4c/6d/Ad:50|-50:Bob|Alice
STATE:740:rc/cc/cc/crf:6s5s|KhTd/KsJc4s/9h/7d:-20|20:Alice|Bob
STATE:741:crrrc/rc/rc/crc:Th6h|3c9h/4dJh4s/Kd/5d:90|-90:Bob|Alice
STATE:742:crrc/rc/rrc/rf:AcQh|Ts7c/2hAd7d/6c/Kh:80|-80:Alice|Bob
STATE:743:rrc/crc/crc/crc:Ks9d|9hAs/Kc6c5h/Ad/Kd:80|-80:Bob|Alice
STATE:744:crrc/rc/rrc/rc:8h3c|5dQd/4d3h6h/2s/Ad:-100|100:Alice|Bob
STATE:745:rrrc/crrrc/crrc/rrc:9d8h|QdKs/Jh6c9s/2d/3s:150|-150:Bob|Alice
STATE:746:cc/cc/rc/crrrrc:2c3h|JcKs/KdTdTc/2s/9s:-110|110:Alice|Bob
STATE:747:cc/cc/crc/crc:QcTs|As4h/8d2s2h/Ad/4c:-50|50:Bob|Alice
STATE:748:rrc/rrc/cc/cc:As2d|Qs9s/2sThQd/9h/Ks:-50|50:Alice|Bob
STATE:749:rc/crc/rc/rc:Th8d|7h3d/4cQs5c/Ad/6c:-70|70:Bob|Alice
STATE:750:crc/crrf:9cKh|4d8c/6s9h6c:30|-30:Alice|Bob
STATE:751:rrrc/crrrrc/rrc/crc:8dQc|QsTh/Jc3sAc/3d/4h:0|0:Bob|Alice
STATE:752:rc/rrc/crrc/rc:3s4c|5c9d/As3h3c/2h/4s:100|-100:Alice|Bob
STATE:753:crrc/rc/rc/crrc:8cKs|4sQc/6sJh4h/6c/Th:-100|100:Bob|Alice
STATE:754:rc/cc/rrrrc/rc:8d5c|6s6c/TsAhKc/Qs/Qd:-120|120:Alice|Bob
STATE:755:cc/rc/cc/rrrrc:Ah9h|QcTs/Kh3h3s/Kd/2h:100|-100:Bob|Alice
STATE:756:rrrc/cc/cc/rc:Ts7d|Kd9s/5s8d5h/6s/9d:60|-60:Alice|Bob
STATE:757:rc/rc/cc/rc:5s5c|9h9d/Ad2h4d/Qc/Td:-50|50:Bob|Alice
STATE:758:crc/rc/cc/rc:Kh9s|Ac6c/JcQdKs/4h/Ah:-50|50:Alice|Bob
STATE:759:cc/cc/crc/rc:Kd9c|Jh8d/Qc9hJc/7c/2h:-50|50:Bob|Alice
STATE:760:crrrf:9c4s|Jh5c:30|-30:Alice|Bob
STATE:761:crrrc/rc/cc/crc:Td2s|7dAs/9s8s6c/7c/Jd:70|-70:Bob|Alice
STATE:762:crc/crc/cc/crrf:JhTd|TcAh/2s9dAd/4h/Qs:50|-50:Alice|Bob
STATE:763:rc/rc/crrf:Jd8d|9hTd/3h9s5c/7s:50|-50:Bob|Alice
STATE:764:rc/rrf:ThAc|2d4c/Jh3s5h:-30|30:Alice|Bob
STATE:765:cc/rc/rf:Qh8d|2sJc/Kh7s3d/Kc:20|-20:Bob|Alice
STATE:766:crrc/crc/rrc/crrrrc:Qs6s|9hKs/QhQd7c/9c/3h:160|-160:Alice|Bob
STATE:767:crc/crrf:Kc2h|4h8d/3sTs4d:30|-30:Bob|Alice
STATE:768:f:QhAh|2cTd:5|-5:Alice|Bob
STATE:769:crrc/rc/crrc/cc:6d5h|3hQh/2d6c8s/3s/2h:80|-80:Bob|Alice
STATE:770:rrrc/cc/rrrrc/rc:TcAs|Td7c/3d9s5s/Ac/4h:140|-140:Alice|Bob
STATE:771:crc/crc/crc/rc:2s7h|Qs8h/3c5hJs/Jd/5d:-70|70:Bob|Alice
STATE:772:cc/cc/crc/cc:6h5d|As7d/Ah6sKd/Ac/Ks:-30|30:Alice|Bob
STATE:773:cc/rrc/rrrrc/cc:3d6h|6d2h/JsAh4h/9d/7d:0|0:Bob|Alice
STATE:774:rc/rrc/rc/rc:8s6d|3d8c/Ah7hKh/7d/9s:0|0:Alice|Bob
STATE:775:rf:Ks6c|7sJh:-10|10:Bob|Alice
STATE:776:rc/rc/rc/rc:Ah5d|6s2s/4s3h3d/4d/9c:70|-70:Alice|Bob
STATE:777:rc/rc/rrc/rc:7h2h|9cTc/7dKs2d/4c/Jd:90|-90:Bob|Alice
STATE:778:rc/rc/rc/rrrrc:8hKc|2d9s/AdKs8d/3c/Th:130|-130:Alice|Bob
STATE:779:crc/rc/crc/cc:AhTh|5h2h/8sQh8d/2c/7d:-50|50:Bob|Alice
STATE:780:rc/rc/rrc/rrrc:7h8s|6hAs/QhQcJd/9d/7d:130|-130:Alice|Bob
STATE:781:cc/cc/rc/crf:Td5s|7c8c/4cKc7s/Jh/Kd:-30|30:Bob|Alice
STATE:782:rc/rc/rc/cc:2d7c|2hQh/5h6h4h/6c/Jc:-50|50:Alice|Bob
STATE:783:rc/crc/cc/rc:5hTh|3sAh/QdKh9s/Tc/Kc:50|-50:Bob|Alice
STATE:784:crc/rc/cc/rrc:4h7h|7c3d/Th7sQd/Tc/3h:0|0:Alice|Bob
STATE:785:cc/cc/cc/cc:Kc9c|5d6d/8dTs7h/9s/2d:-10|10:Bob|Alice
STATE:786:rrf:QcQh|7dQd:20|-20:Alice|Bob
STATE:787:rc/cc/cc/cc:9hJc|5d4c/4d6cKd/8h/Th:-20|20:Bob|Alice
STATE:788:rrrc/rrc/rc/crc:TcTh|Td6c/Ac8s8d/2s/Kc:100|-100:Alice|Bob
STATE:789:rc/cc/cc/cc:Js3s|5s4d/QhKd7d/6s/4c:-20|20:Bob|Alice
STATE:790:crrrc/rc/rrrf:Qs4d|AsAc/6h4c3d/7h:90|-90:Alice|Bob
STATE:791:rc/crrrrc/crc/rrrc:2c5d|JsQh/Jc9c3d/6d/7s:-140|140:Bob|Alice
STATE:792:f:9s5s|Jh5h:5|-5:Alice|Bob
STATE:793:f:4sAs|8d5h:5|-5:Bob|Alice
STATE:794:rc/crrrc/rc/crrc:9h5h|9dAc/Jc2h4s/3d/3s:-110|110:Alice|Bob
STATE:795:rc/crc/cc/rc:Kd3s|8sKc/JcKhAd/As/7s:0|0:Bob|Alice
STATE:796:cc/rrc/rf:Qh2d|Kd7d/9d7h7c/Th:30|-30:Alice|Bob
STATE:797:crc/rc/rc/cc:Qd7h|2c4d/AcTh3c/9h/2d:-50|50:Bob|Alice
STATE:798:cc/rrrrc/crf:6h5s|Jh6d/9c2d5h/Kd:-50|50:Alice|Bob
STATE:799:crrc/rrc/cc/rc:6dTh|7h6h/AsTdTc/Qc/Jd:70|-70:Bob|Alice
STATE:800:rrc/rrc/rc/rc:5sAd|5h8d/ThJs7h/8c/6h:-90|90:Alice|Bob
STATE:801:crrrc/cc/rc/rc:6d6c|8d8c/4sAc6h/Js/Td:80|-80:Bob|Alice
STATE:802:crc/cc/cc/cc:Qh3c|Kd8s/As5cJh/6s/Td:-20|20:Alice|Bob
STATE:803:rc/rrrc/cc/crrc:Tc2s|Ac5c/9d7sAh/6s/6d:-90|90:Bob|Alice
STATE:804:cc/crrrrc/rc/rc:Td7c|QsQh/AsQc7h/2d/3c:-90|90:Alice|Bob
STATE:805:cc/rf:7h8d|Tc6s/3c5c4d:10|-10:Bob|Alice
STATE:806:rc/rrrrc/rrc/rrrc:2c7c|Qc3h/JcKc2h/8d/7h:160|-160:Alice|Bob
STATE:807:crf:2sKd|AdJh:10|-10:Bob|Alice
STATE:808:rc/cc/rc/rrrrc:Qh2c|4sQs/5d9sJc/5h/5c:0|0:Alice|Bob
STATE:809:rrc/crf:Qh8s|3cJh/6d7sTc:-30|30:Bob|Alice
STATE:810:cc/rrrc/cc/rc:9s5d|2c6h/5cQd3c/2s/Jd:60|-60:Alice|Bob
STATE:811:rrrc/crc/cc/crc:5sQs|3h8s/4d6d4h/8d/Th:-70|70:Bob|Alice
STATE:812:rrrc/rc/cc/rc:Qc8d|JsAs/6cTd7d/8h/5c:70|-70:Alice|Bob
STATE:813:crc/rrrc/rrc/cc:AsJs|Ah6h/2d3d9h/8h/Qc:90|-90:Bob|Alice
STATE:814:rrrc/crrrrc/rrc/rc:8c7s|6dQd/7c5cTc/Ts/7h:140|-140:Alice|Bob
STATE:815:crrrc/rrrc/rrc/crc:2cAh|3c3d/JcQhTc/6h/Kh:130|-130:Bob|Alice
STATE:816:crc/cc/cc/rrrrc:5c2s|6h4c/2h4dQs/Td/4s:-100|100:Alice|Bob
STATE:817:rrrc/rc/cc/rf:3sJh|Js6s/7h3h5h/6h/Jc:50|-50:Bob|Alice
STATE:818:rrrc/rc/rrrc/rrc:Ks8h|8c7s/6sTc5h/Ts/7d:-150|150:Alice|Bob
STATE:819:crrc/crc/cc/crrrc:Jc8s|AcAh/TcQdKs/8d/6s:-100|100:Bob|Alice
STATE:820:f:5dQc|2c6s:5|-5:Alice|Bob
STATE:821:cc/rc/cc/rrc:9c7c|6hKs/2h3c5d/Qh/5c:-60|60:Bob|Alice
STATE:822:rrc/rc/rf:Kh9s|8d6s/JdAh9d/7d:40|-40:Alice|Bob
STATE:823:rrrc/rf:3s3h|4cJc/Ts7h3c:40|-40:Bob|Alice
STATE:824:rc/cc/cc/crrrrc:6hJs|2h3s/8cAdQs/2c/2d:-100|100:Alice|Bob
STATE:825:rf:3d5h|KsKd:-10|10:Bob|Alice
STATE:826:rc/rc/cc/crc:6d8s|5s7h/4sTsTd/7s/6h:-50|50:Alice|Bob
STATE:827:rrc/crrrc/rrrf:4hAs|KdTs/5sJh4c/9s:100|-100:Bob|Alice
STATE:828:rf:ThQs|Qd7c:-10|10:Alice|Bob
STATE:829:crf:AdQh|TsKd:10|-10:Bob|Alice
STATE:830:cc/rrrrc/crrc/rrc:Th7c|Ts6c/5dJcQc/6h/3s:-130|130:Alice|Bob
STATE:831:rc/crc/rc/cc:8cAc|8sAd/2c4cTh/7c/Jd:50|-50:Bob|Alice
STATE:832:cc/rc/rrrrc/cc:TsQh|As8h/Ac8d7s/8c/3s:-100|100:Alice|Bob
STATE:833:crc/rrc/cc/cc:5d9d|6hQd/7sKh2h/Qh/7h:-40|40:Bob|Alice
STATE:834:rrc/crc/rc/rrrrc:6s7c|QcAh/9cKhQs/3d/6d:-140|140:Alice|Bob
STATE:835:crc/crc/rc/cc:ThKh|3cJh/5c8cQd/Qh/7c:50|-50:Bob|Alice
STATE:836:crc/rrrrf:9c4d|7d9s/6d8dTc:-50|50:Alice|Bob
STATE:837:rrrc/rc/rrrrc/rrrrc:3d9d|Kh4s/9cJs5c/2d/8s:210|-210:Bob|Alice
STATE:838:rrrc/cc/cc/rrrc:6cTd|Kc9s/8s9hQs/6s/Th:100|-100:Alice|Bob
STATE:839:crc/rc/rc/rc:7h4d|7sTc/Qh5d9c/8h/7c:-70|70:Bob|Alice
STATE:840:cc/rc/cc/rc:KsQs|As4c/7sTdKd/Jd/Kh:40|-40:Alice|Bob
STATE:841:cc/cc/cc/cc:4h2s|As7h/6h7cKd/4d/Kh:-10|10:Bob|Alice
STATE:842:rc/crrrc/crc/crrrc:4dAd|9c6d/7c8s6s/5h/2h:-130|130:Alice|Bob
STATE:843:rc/rrc/rf:3c3s|8s6d/Ad2dKs/Tc:40|-40:Bob|Alice
STATE:844:rrc/cc/crc/rc:5dKh|JhQh/Kc8s3d/5s/Ks:70|-70:Alice|Bob
STATE:845:rc/cc/rrc/crc:6h3h|QdQh/Kh8d6d/6s/Jd:80|-80:Bob|Alice
STATE:846:rc/crc/rc/cc:Jh9c|Qs4d/Qh9h8c/2h/4s:-50|50:Alice|Bob
STATE:847:crrc/rc/cc/crrrc:2c9s|Jh5c/QhKh7d/3c/6s:-100|100:Bob|Alice
STATE:848:rc/crrrrc/rc/rc:ThKs|7dAd/7sKc4s/4d/Js:100|-100:Alice|Bob
STATE:849:rrrc/crc/cc/crrrc:4hQd|9s9d/Qc6cAc/2h/7s:110|-110:Bob|Alice
STATE:850:cc/cc/cc/rrf:JsAs|Kh5s/Tc3s2c/Kc/9c:-30|30:Alice|Bob
STATE:851:rc/rc/crrrc/crrrc:4cKh|Kc7c/9d5d6s/Ks/4h:150|-150:Bob|Alice
STATE:852:cc/crc/cc/crrrrc:AsTd|Th4h/Kc3d4s/Ac/6c:100|-100:Alice|Bob
STATE:853:rrc/cc/rrrc/rc:Td7h|9h9d/AcAdJs/7s/Kc:-110|110:Bob|Alice
STATE:854:rrc/crc/crc/cc:Ad9c|AcQd/4sKdAs/4c/9d:60|-60:Alice|Bob
STATE:855:rrrf:Ks2d|9s5c:-30|30:Bob|Alice
STATE:856:crc/cc/crrrrc/rrc:3cAc|Ks9h/ThAh5c/4h/6d:140|-140:Alice|Bob
STATE:857:f:8c5s|KsTs:5|-5:Bob|Alice
STATE:858:crrc/crrrc/rrc/crc:JhQh|6h8s/3d2sAd/4s/5s:-120|120:Alice|Bob
STATE:859:f:5s7h|3c4d:5|-5:Bob|Alice
STATE:860:crc/rc/crrc/cc:Ad8d|QdTd/9h5d6c/9d/7h:70|-70:Alice|Bob
STATE:861:cc/rrc/rc/cc:7s7h|9dQc/JdKsKh/8d/Th:-50|50:Bob|Alice
STATE:862:crc/crc/rc/cc:Td7d|5sQs/5h3hJc/3c/4c:-50|50:Alice|Bob
STATE:863:rc/cc/crrrc/crc:7h5d|TdJs/KhQh9d/4h/6s:-100|100:Bob|Alice
STATE:864:crrc/rc/cc/cc:Qd8d|2hTs/9h7c4c/3h/4s:40|-40:Alice|Bob
STATE:865:cc/cc/cc/cc:QhJh|5h3h/4c8d6s/Jd/9d:10|-10:Bob|Alice
STATE:866:rrrc/rc/cc/cc:9d9s|5h6d/2s9h7s/Qd/Kc:50|-50:Alice|Bob
STATE:867:cc/crc/crc/rrc:AsQh|Jd7h/9sTh9h/Qc/Tc:80|-80:Bob|Alice
STATE:868:crc/crf:Ac4h|9h6d/Tc3dAh:-20|20:Alice|Bob
STATE:869:rc/cc/crrrrc/rrrrc:JhKh|5cJc/QsTs7h/2h/5d:-180|180:Bob|Alice
STATE:870:rrc/cc/rc/rc:4d5h|2hQd/4h2c7s/4s/6s:70|-70:Alice|Bob
STATE:871:crrc/cc/rc/rc:2d6d|5c3d/7d7c6c/4c/Ks:-70|70:Bob|Alice
STATE:872:rrc/rc/crrrrc/rc:2d3d|9c5s/9s6s7h/7c/8c:-140|140:Alice|Bob
STATE:873:rrc/cc/rrc/rrc:8d8h|Qh7d/As9c5h/Tc/4c:110|-110:Bob|Alice
STATE:874:rc/cc/crc/rc:4sKs|4d8h/QdTdTh/9c/Jd:60|-60:Alice|Bob
STATE:875:cc/rrc/rc/rf:7s3c|As3d/AdJsJh/Ks/9c:50|-50:Bob|Alice
STATE:876:cc/crrc/crrc/crc:8h5s|6dTh/KhAd8c/5c/Kc:90|-90:Alice|Bob
STATE:877:rrrf:7d7h|QsQh:-30|30:Bob|Alice
STATE:878:crrc/crrrc/rc/crc:9cQh|AhTs/7c8s5c/2d/Kd:-100|100:Alice|Bob
STATE:879:rf:8d4d|9cQh:-10|10:Bob|Alice
STATE:880:crc/crrc/rrc/rc:Qs7s|3sKc/7hJd2d/9c/5h:100|-100:Alice|Bob
STATE:881:rc/rc/rrc/rc:Ac5s|9c2d/8dKd6d/8h/3s:90|-90:Bob|Alice
STATE:882:rc/rf:TsJs|3h4h/Kd9h8c:20|-20:Alice|Bob
STATE:883:rc/rrrc/rc/rrc:7sQd|Jc7d/2d2cJd/Ah/5d:-110|110:Bob|Alice
STATE:884:rc/rrrrc/cc/cc:3d2d|Kh6d/KsAc6c/Ad/5c:-60|60:Alice|Bob
STATE:885:rc/rc/rc/rrrf:6hTc|ThKs/8cJcAd/5s/Td:90|-90:Bob|Alice
STATE:886:rc/cc/rc/rc:Td6c|7dKs/JhAh5c/Jd/4h:-60|60:Alice|Bob
STATE:887:crc/rc/rc/crrrc:2s7c|JhJs/As4h9s/Qh/Qd:-110|110:Bob|Alice
STATE:888:cc/rc/crc/rc:As5s|6dJc/4c3hKh/7s/Kd:60|-60:Alice|Bob
STATE:889:rc/rrc/cc/crrc:Kh5c|9cJd/8d2s2c/Qs/Jc:-80|80:Bob|Alice
STATE:890:rrrf:9h8d|7c4d:-30|30:Alice|Bob
STATE:891:rf:2cJc|Ks9s:-10|10:Bob|Alice
STATE:892:cc/rrf:7h8c|Ad6c/6dKhJh:-20|20:Alice|Bob
STATE:893:crrrc/crrrrc/cc/cc:Jh2c|Tc9c/Qd5sKc/3d/Ah:80|-80:Bob|Alice
STATE:894:rc/rrc/cc/crrrrc:8d9c|6c7s/4c9h5d/7d/7h:-120|120:Alice|Bob
STATE:895:cc/cc/cc/rrc:4s2d|4hKc/Jd9d8h/Ac/5d:-50|50:Bob|Alice
STATE:896:cc/rc/rrrc/rc:Jc5c|5sAd/Ts4h6s/5h/7c:-100|100:Alice|Bob
STATE:897:f:Ts3c|6s6h:5|-5:Bob|Alice
STATE:898:crrc/rc/rc/crc:9c5d|Td5s/3h9hKd/8c/Jd:80|-80:Alice|Bob
STATE:899:rrrc/crrc/rrc/rrc:KdTd|7cTc/9sQs5d/4d/6c:140|-140:Bob|Alice
STATE:900:rf:5h3h|6c5d:-10|10:Alice|Bob
STATE:901:rc/crc/rc/rrrrf:JdQc|Jc7c/3h8c4c/4s/Js:-110|110:Bob|Alice
STATE:902:cc/crrf:Ah4s|Ks4d/2s5cJc:20|-20:Alice|Bob
STATE:903:cc/rc/crc/cc:Ad6c|Kc2c/2d7hJd/8c/2h:-40|40:Bob|Alice
STATE:904:f:8dQh|JhTd:5|-5:Alice|Bob
STATE:905:crrc/rrf:3s4s|3d2c/5hTs4h:-40|40:Bob|Alice
STATE:906:rrc/rrc/cc/rc:Kd4c|8cJc/3sAhQc/9d/7d:70|-70:Alice|Bob
STATE:907:crrrc/rc/rrc/cc:Ks5h|8s5s/TcKdKc/Qs/Jc:90|-90:Bob|Alice
STATE:908:rc/rc/rc/rrc:8d3s|2s6c/Kd4d8c/5h/Th:90|-90:Alice|Bob
STATE:909:crc/crc/rrc/rrc:9hAs|5d9d/6d7d7s/Td/2c:-110|110:Bob|Alice
STATE:910:f:Kd4s|4dJc:5|-5:Alice|Bob
STATE:911:cc/rc/rrrc/rc:9s8d|3h2d/Ad7sJs/4s/4d:100|-100:Bob|Alice
STATE:912:crrrc/crrrrc/rrf:8cTc|4cJc/8s5cTh/Ad:-100|100:Alice|Bob
STATE:913:cc/rrrc/rc/rc:ThAd|4sQs/JsQh5h/Kd/9s:80|-80:Bob|Alice
STATE:914:cc/rrc/rrrc/rc:3hKd|3sKh/7s5cJh/Ac/5h:0|0:Alice|Bob
STATE:915:rrc/rrc/rc/rc:AdTc|Th9c/Ks3h6h/9d/Ts:-90|90:Bob|Alice
STATE:916:cc/rrc/crc/cc:Qs6h|4s2h/QdAc6s/3c/2s:50|-50:Alice|Bob
STATE:917:cc/rrrc/rc/rc:4s9c|2c2d/KdQd4c/Tc/7c:80|-80:Bob|Alice
STATE:918:f:6c4c|Tc7d:5|-5:Alice|Bob
STATE:919:cc/rc/cc/crc:TdQd|9h2h/Qh2cAd/9c/Jh:-40|40:Bob|Alice
STATE:920:cc/rrrrc/cc/crrc:7d8s|Jd6h/KsTh7h/As/Ts:90|-90:Alice|Bob
STATE:921:rc/rc/rc/rrrrf:Jh5d|AcAs/8sKdKc/Jc/Qd:-110|110:Bob|Alice
STATE:922:rrc/rc/crc/cc:2sKh|8c7d/9c2hJc/4h/Td:-60|60:Alice|Bob
STATE:923:rc/rc/rc/rrc:2hKd|Ac7d/4d7sQh/8h/2d:-90|90:Bob|Alice
STATE:924:cc/rrc/rrrc/rc:9hAs|7c2h/3d4dTh/9d/3s:110|-110:Alice|Bob
STATE:925:rc/rrrc/crc/cc:QsAs|7d4h/6hKdQh/5c/Th:70|-70:Bob|Alice
STATE:926:rc/cc/rc/crrc:5hKc|2hTd/4sJd2d/8s/Kh:80|-80:Alice|Bob
STATE:927:crc/rc/crc/crrc:6c9d|3s7c/Js6hQd/7s/2c:-90|90:Bob|Alice
STATE:928:rrc/cc/crc/crc:7h6s|Qs2c/3dJs6d/Th/9c:70|-70:Alice|Bob
STATE:929:rrc/crf:5dTs|8s5c/2cAcKh:-30|30:Bob|Alice
STATE:930:rrc/rc/cc/rrrc:6c4s|Qs2h/9dJdKc/2c/7s:-100|100:Alice|Bob
STATE:931:rc/crc/cc/rc:ThTc|2d3s/8h5dQc/Qd/Qs:50|-50:Bob|Alice
STATE:932:cc/crrrrc/cc/rrrrc:2dJh|7h5d/4d3dQc/5c/Ad:130|-130:Alice|Bob
STATE:933:cc/crc/rrc/rrrrc:TsJh|4c5d/8cKcQc/7s/As:140|-140:Bob|Alice
STATE:934:rc/rrrc/rc/rrrrc:AcTc|Kh5c/9d7c8s/3s/4h:150|-150:Alice|Bob
STATE:935:rc/rrf:5h2h|Ad9s/3sTc7c:-30|30:Bob|Alice
STATE:936:rrc/rrrc/crrc/crrc:KsTd|4d6h/JcTs9c/2d/3d:140|-140:Alice|Bob
STATE:937:rrc/crrrc/rrc/rrrc:8h6d|3d7c/KsJc6s/2s/Ad:160|-160:Bob|Alice
STATE:938:crc/rrrf:2cAd|3dKc/6d4d7c:40|-40:Alice|Bob
STATE:939:crc/crc/rc/crrc:QhKh|Ad3h/2c6h8c/7s/Qd:90|-90:Bob|Alice
STATE:940:rc/crrrrf:JdQd|3hTs/8h6c7h:50|-50:Alice|Bob
STATE:941:rc/cc/rc/crc:8s2h|KsJh/8d7c3d/6d/2s:60|-60:Bob|Alice
STATE:942:rrrc/crc/rc/cc:Kd5s|As7h/TsTd8c/Qh/7c:-70|70:Alice|Bob
STATE:943:cc/cc/rc/crc:3h4h|AdJd/6d7d8c/3c/4d:-50|50:Bob|Alice
STATE:944:rc/crrrrc/rc/cc:Jd6c|Qd8d/Jh3c2h/Ah/8s:80|-80:Alice|Bob
STATE:945:rrc/rc/cc/rc:Kd2s|Js7c/AcKhTc/7d/Jc:-60|60:Bob|Alice
STATE:946:cc/cc/rrc/crc:2c5h|Ad7c/7d3cTs/4h/Ks:-70|70:Alice|Bob
STATE:947:crrf:8cTd|6sKc:-20|20:Bob|Alice
STATE:948:cc/rrc/rrrc/rrc:8hQd|4sKs/5h6sTs/2h/Jd:-130|130:Alice|Bob
STATE:949:cc/rrrc/rc/rrf:KdTs|4s7h/QcAcKc/3s/4d:-80|80:Bob|Alice
STATE:950:rc/rc/rc/rc:5h9s|Th6d/5c6h8s/9c/Kd:70|-70:Alice|Bob
STATE:951:rc/rf:7h4s|Jh8h/Td9h2s:20|-20:Bob|Alice
STATE:952:rrrc/rrrc/rc/rc:Qc9c|Kc6s/4c7hAh/7c/4s:0|0:Alice|Bob
STATE:953:rrc/crc/cc/crc:Qd8h|6cJh/2sAsJs/4c/7h:-60|60:Bob|Alice
STATE:954:crrrc/rc/crc/cc:6s8s|Jd9h/5d5hTc/Td/7s:-70|70:Alice|Bob
STATE:955:rrf:6sAd|4h8h:20|-20:Bob|Alice
STATE:956:rc/rc/crc/rf:9c4d|Qs5h/As9sKs/2c/Qd:50|-50:Alice|Bob
STATE:957:rc/cc/rrrrc/rf:Kh9s|2h5c/Kc5s3h/7d/6c:100|-100:Bob|Alice
STATE:958:rf:Kd3h|TcKs:-10|10:Alice|Bob
STATE:959:rc/rc/crrc/rf:8h6s|Ks5h/4c3hKd/3c/6h:70|-70:Bob|Alice
STATE:960:cc/rrc/crrc/rrrrc:2c7d|8d3d/9s7hQc/6s/2d:150|-150:Alice|Bob
STATE:961:cc/cc/rrc/rc:9hAs|5d6c/7d6s4s/Js/4d:-70|70:Bob|Alice
STATE:962:rc/rrrc/rrrc/crrrrc:Js3c|5cKs/6h3dKd/Ah/2d:-190|190:Alice|Bob
STATE:963:crrrc/crc/rrrrc/rc:9sJc|5d8h/6d4h4c/Kd/3s:150|-150:Bob|Alice
STATE:964:crrrc/cc/rrc/crrrrc:9s4c|7h6h/3cKdTd/3h/7s:-160|160:Alice|Bob
STATE:965:rrrc/crrrrc/rrrc/rc:3sAh|QhKs/6s2sQc/Qd/Jh:-160|160:Bob|Alice
STATE:966:crf:3d7d|7h6s:10|-10:Alice|Bob
STATE:967:rc/crc/cc/rrc:9d7c|Qc5d/3dJcJs/8h/5h:-70|70:Bob|Alice
STATE:968:rrf:Tc2h|AhJs:20|-20:Alice|Bob
STATE:969:cc/crc/rf:KcAh|3h5d/Kh7d3d/6c:20|-20:Bob|Alice
STATE:970:rc/crc/rc/rrrc:4c4s|KdAs/AdThTc/9h/Jh:-110|110:Alice|Bob
STATE:971:cc/crrc/cc/crc:KcJh|9c9s/AdTd8h/3h/6c:-50|50:Bob|Alice
STATE:972:cc/cc/crrrrc/rc:3c9d|Tc2s/6c2hTh/Qs/Ts:-110|110:Alice|Bob
STATE:973:crrc/cc/crrrrc/rf:9s9c|Ks9h/Ac4cQh/Ts/4h:110|-110:Bob|Alice
STATE:974:rc/cc/rc/rrrrc:Tc7h|As3c/5dQc3s/2c/5h:-120|120:Alice|Bob
STATE:975:rrrc/rrc/rrc/rrc:Qd9d|Ts3h/6d8hJh/Qh/Th:-140|140:Bob|Alice
STATE:976:rrc/rrf:9h8d|6c2s/8s2d7c:-40|40:Alice|Bob
STATE:977:rrc/crc/crrf:Qs8c|6d5c/Ts7h5h/4h:60|-60:Bob|Alice
STATE:978:rc/rc/crc/rc:3s5s|8s2s/Kd6sTc/7s/6d:-70|70:Alice|Bob
STATE:979:rrrc/rrrrc/rrc/cc:Jh6d|KdAs/TsJc4s/3h/Ad:-120|120:Bob|Alice
STATE:980:rc/rf:Qc3s|2c6d/Jc7s7d:20|-20:Alice|Bob
STATE:981:rf:Td4s|5d6h:-10|10:Bob|Alice
STATE:982:crrrc/cc/rf:3d4s|2h7s/Jc6s3h/6c:40|-40:Alice|Bob
STATE:983:cc/rrf:2s4c|3c2c/9cTdAd:-20|20:Bob|Alice
STATE:984:rc/rc/rc/rrrrf:3dKh|9s7s/2dQs9d/8d/Jh:-110|110:Alice|Bob
STATE:985:rrc/rf:8d9c|5hKs/Jh6h5s:30|-30:Bob|Alice
STATE:986:crc/crrrrc/rc/cc:6sAd|4c9s/As8h5c/7c/6h:-80|80:Alice|Bob
STATE:987:crc/cc/cc/rc:QcTs|6cKs/AhKcTh/9s/9c:-40|40:Bob|Alice
STATE:988:rrrc/rrf:3s4d|8s5d/7h7s3d:-50|50:Alice|Bob
STATE:989:rc/rrc/rc/crrrrc:QsKc|8c2c/Td6sQh/7d/Th:140|-140:Bob|Alice
STATE:990:rc/crrrrc/cc/cc:3s5d|Td2s/4d5c4s/Kd/2c:60|-60:Alice|Bob
STATE:991:rc/rc/crc/crc:7d5s|Kh9c/As3hTs/Jh/Js:-70|70:Bob|Alice
STATE:992:rc/rrrc/rrc/rf:Kh6h|As2h/Qd2c2d/7d/3d:90|-90:Alice|Bob
STATE:993:crc/rf:8c7d|QcKc/Ac6hTd:20|-20:Bob|Alice
STATE:994:crrf:6s9d|4dQd:-20|20:Alice|Bob
STATE:995:f:6c2d|9cKs:5|-5:Bob|Alice
STATE:996:crc/rc/rc/rf:9h7h|3d8s/JcAc5c/Ah/Ks:50|-50:Alice|Bob
STATE:997:cc/rc/rrc/cc:5s9c|8dJh/TdQc9d/Jd/9h:-60|60:Bob|Alice
STATE:998:rrc/rrrrc/cc/crc:Kc6h|Qc3s/QhAh8d/Th/9d:-90|90:Alice|Bob
STATE:999:cc/cc/rc/rc:Jc8d|TdQd/As6d6h/7h/4s:-50|50:Bob|Alice
SCORE:-870|870:Alice|Bob
